-------------------------------------------------------------------------------
Test set: com.kata.bankaccount.AccountControllerTests
-------------------------------------------------------------------------------
Tests run: 2, Failures: 0, Errors: 1, Skipped: 0, Time elapsed: 4.65 s <<< FAILURE! - in com.kata.bankaccount.AccountControllerTests
testPrintStatement  Time elapsed: 0.274 s  <<< ERROR!
org.springframework.http.converter.HttpMessageNotWritableException: Could not write JSON: Infinite recursion (StackOverflowError); nested exception is com.fasterxml.jackson.databind.JsonMappingException: Infinite recursion (StackOverflowError) (through reference chain: com.kata.bankaccount.models.Account["registry"]->java.util.ArrayList[0]->com.kata.bankaccount.models.Deposit["account"]->com.kata.bankaccount.models.Account["registry"]->java.util.ArrayList[0]->com.kata.bankaccount.models.Deposit["account"]->com.kata.bankaccount.models.Account["registry"]->java.util.ArrayList[0]->com.kata.bankaccount.models.Deposit["account"]->com.kata.bankaccount.models.Account["registry"]->java.util.ArrayList[0]->com.kata.bankaccount.models.Deposit["account"]->com.kata.bankaccount.models.Account["registry"]->java.util.ArrayList[0]->com.kata.bankaccount.models.Deposit["account"]->com.kata.bankaccount.models.Account["registry"]->java.util.ArrayList[0]->com.kata.bankaccount.models.Deposit["account"]->com.kata.bankaccount.models.Account["registry"]->java.util.ArrayList[0]->com.kata.bankaccount.models.Deposit["account"]->com.kata.bankaccount.models.Account["registry"]->java.util.ArrayList[0]->com.kata.bankaccount.models.Deposit["account"]->com.kata.bankaccount.models.Account["registry"]->java.util.ArrayList[0]->com.kata.bankaccount.models.Deposit["account"]->com.kata.bankaccount.models.Account["registry"]->java.util.ArrayList[0]->com.kata.bankaccount.models.Deposit["account"]->com.kata.bankaccount.models.Account["registry"]->java.util.ArrayList[0]->com.kata.bankaccount.models.Deposit["account"]->com.kata.bankaccount.models.Account["registry"]->java.util.ArrayList[0]->com.kata.bankaccount.models.Deposit["account"]->com.kata.bankaccount.models.Account["registry"]->java.util.ArrayList[0]->com.kata.bankaccount.models.Deposit["account"]->com.kata.bankaccount.models.Account["registry"]->java.util.ArrayList[0]->com.kata.bankaccount.models.Deposit["account"]->com.kata.bankaccount.models.Account["registry"]->java.util.ArrayList[0]->com.kata.bankaccount.models.Deposit["account"]->com.kata.bankaccount.models.Account["registry"]->java.util.ArrayList[0]->com.kata.bankaccount.models.Deposit["account"]->com.kata.bankaccount.models.Account["registry"]->java.util.ArrayList[0]->com.kata.bankaccount.models.Deposit["account"]->com.kata.bankaccount.models.Account["registry"]->java.util.ArrayList[0]->com.kata.bankaccount.models.Deposit["account"]->com.kata.bankaccount.models.Account["registry"]->java.util.ArrayList[0]->com.kata.bankaccount.models.Deposit["account"]->com.kata.bankaccount.models.Account["registry"]->java.util.ArrayList[0]->com.kata.bankaccount.models.Deposit["account"]->com.kata.bankaccount.models.Account["registry"]->java.util.ArrayList[0]->com.kata.bankaccount.models.Deposit["account"]->com.kata.bankaccount.models.Account["registry"]->java.util.ArrayList[0]->com.kata.bankaccount.models.Deposit["account"]->com.kata.bankaccount.models.Account["registry"]->java.util.ArrayList[0]->com.kata.bankaccount.models.Deposit["account"]->com.kata.bankaccount.models.Account["registry"]->java.util.ArrayList[0]->com.kata.bankaccount.models.Deposit["account"]->com.kata.bankaccount.models.Account["registry"]->java.util.ArrayList[0]->com.kata.bankaccount.models.Deposit["account"]->com.kata.bankaccount.models.Account["registry"]->java.util.ArrayList[0]->com.kata.bankaccount.models.Deposit["account"]->com.kata.bankaccount.models.Account["registry"]->java.util.ArrayList[0]->com.kata.bankaccount.models.Deposit["account"]->com.kata.bankaccount.models.Account["registry"]->java.util.ArrayList[0]->com.kata.bankaccount.models.Deposit["account"]->com.kata.bankaccount.models.Account["registry"]->java.util.ArrayList[0]->com.kata.bankaccount.models.Deposit["account"]->com.kata.bankaccount.models.Account["registry"]->java.util.ArrayList[0]->com.kata.bankaccount.models.Deposit["account"]->com.kata.bankaccount.models.Account["registry"]->java.util.ArrayList[0]->com.kata.bankaccount.models.Deposit["account"]->com.kata.bankaccount.models.Account["registry"]->java.util.ArrayList[0]->com.kata.bankaccount.models.Deposit["account"]->com.kata.bankaccount.models.Account["registry"]->java.util.ArrayList[0]->com.kata.bankaccount.models.Deposit["account"]->com.kata.bankaccount.models.Account["registry"]->java.util.ArrayList[0]->com.kata.bankaccount.models.Deposit["account"]->com.kata.bankaccount.models.Account["registry"]->java.util.ArrayList[0]->com.kata.bankaccount.models.Deposit["account"]->com.kata.bankaccount.models.Account["registry"]->java.util.ArrayList[0]->com.kata.bankaccount.models.Deposit["account"]->com.kata.bankaccount.models.Account["registry"]->java.util.ArrayList[0]->com.kata.bankaccount.models.Deposit["account"]->com.kata.bankaccount.models.Account["registry"]->java.util.ArrayList[0]->com.kata.bankaccount.models.Deposit["account"]->com.kata.bankaccount.models.Account["registry"]->java.util.ArrayList[0]->com.kata.bankaccount.models.Deposit["account"]->com.kata.bankaccount.models.Account["registry"]->java.util.ArrayList[0]->com.kata.bankaccount.models.Deposit["account"]->com.kata.bankaccount.models.Account["registry"]->java.util.ArrayList[0]->com.kata.bankaccount.models.Deposit["account"]->com.kata.bankaccount.models.Account["registry"]->java.util.ArrayList[0]->com.kata.bankaccount.models.Deposit["account"]->com.kata.bankaccount.models.Account["registry"]->java.util.ArrayList[0]->com.kata.bankaccount.models.Deposit["account"]->com.kata.bankaccount.models.Account["registry"]->java.util.ArrayList[0]->com.kata.bankaccount.models.Deposit["account"]->com.kata.bankaccount.models.Account["registry"]->java.util.ArrayList[0]->com.kata.bankaccount.models.Deposit["account"]->com.kata.bankaccount.models.Account["registry"]->java.util.ArrayList[0]->com.kata.bankaccount.models.Deposit["account"]->com.kata.bankaccount.models.Account["registry"]->java.util.ArrayList[0]->com.kata.bankaccount.models.Deposit["account"]->com.kata.bankaccount.models.Account["registry"]->java.util.ArrayList[0]->com.kata.bankaccount.models.Deposit["account"]->com.kata.bankaccount.models.Account["registry"]->java.util.ArrayList[0]->com.kata.bankaccount.models.Deposit["account"]->com.kata.bankaccount.models.Account["registry"]->java.util.ArrayList[0]->com.kata.bankaccount.models.Deposit["account"]->com.kata.bankaccount.models.Account["registry"]->java.util.ArrayList[0]->com.kata.bankaccount.models.Deposit["account"]->com.kata.bankaccount.models.Account["registry"]->java.util.ArrayList[0]->com.kata.bankaccount.models.Deposit["account"]->com.kata.bankaccount.models.Account["registry"]->java.util.ArrayList[0]->com.kata.bankaccount.models.Deposit["account"]->com.kata.bankaccount.models.Account["registry"]->java.util.ArrayList[0]->com.kata.bankaccount.models.Deposit["account"]->com.kata.bankaccount.models.Account["registry"]->java.util.ArrayList[0]->com.kata.bankaccount.models.Deposit["account"]->com.kata.bankaccount.models.Account["registry"]->java.util.ArrayList[0]->com.kata.bankaccount.models.Deposit["account"]->com.kata.bankaccount.models.Account["registry"]->java.util.ArrayList[0]->com.kata.bankaccount.models.Deposit["account"]->com.kata.bankaccount.models.Account["registry"]->java.util.ArrayList[0]->com.kata.bankaccount.models.Deposit["account"]->com.kata.bankaccount.models.Account["registry"]->java.util.ArrayList[0]->com.kata.bankaccount.models.Deposit["account"]->com.kata.bankaccount.models.Account["registry"]->java.util.ArrayList[0]->com.kata.bankaccount.models.Deposit["account"]->com.kata.bankaccount.models.Account["registry"]->java.util.ArrayList[0]->com.kata.bankaccount.models.Deposit["account"]->com.kata.bankaccount.models.Account["registry"]->java.util.ArrayList[0]->com.kata.bankaccount.models.Deposit["account"]->com.kata.bankaccount.models.Account["registry"]->java.util.ArrayList[0]->com.kata.bankaccount.models.Deposit["account"]->com.kata.bankaccount.models.Account["registry"]->java.util.ArrayList[0]->com.kata.bankaccount.models.Deposit["account"]->com.kata.bankaccount.models.Account["registry"]->java.util.ArrayList[0]->com.kata.bankaccount.models.Deposit["account"]->com.kata.bankaccount.models.Account["registry"]->java.util.ArrayList[0]->com.kata.bankaccount.models.Deposit["account"]->com.kata.bankaccount.models.Account["registry"]->java.util.ArrayList[0]->com.kata.bankaccount.models.Deposit["account"]->com.kata.bankaccount.models.Account["registry"]->java.util.ArrayList[0]->com.kata.bankaccount.models.Deposit["account"]->com.kata.bankaccount.models.Account["registry"]->java.util.ArrayList[0]->com.kata.bankaccount.models.Deposit["account"]->com.kata.bankaccount.models.Account["registry"]->java.util.ArrayList[0]->com.kata.bankaccount.models.Deposit["account"]->com.kata.bankaccount.models.Account["registry"]->java.util.ArrayList[0]->com.kata.bankaccount.models.Deposit["account"]->com.kata.bankaccount.models.Account["registry"]->java.util.ArrayList[0]->com.kata.bankaccount.models.Deposit["account"]->com.kata.bankaccount.models.Account["registry"]->java.util.ArrayList[0]->com.kata.bankaccount.models.Deposit["account"]->com.kata.bankaccount.models.Account["registry"]->java.util.ArrayList[0]->com.kata.bankaccount.models.Deposit["account"]->com.kata.bankaccount.models.Account["registry"]->java.util.ArrayList[0]->com.kata.bankaccount.models.Deposit["account"]->com.kata.bankaccount.models.Account["registry"]->java.util.ArrayList[0]->com.kata.bankaccount.models.Deposit["account"]->com.kata.bankaccount.models.Account["registry"]->java.util.ArrayList[0]->com.kata.bankaccount.models.Deposit["account"]->com.kata.bankaccount.models.Account["registry"]->java.util.ArrayList[0]->com.kata.bankaccount.models.Deposit["account"]->com.kata.bankaccount.models.Account["registry"]->java.util.ArrayList[0]->com.kata.bankaccount.models.Deposit["account"]->com.kata.bankaccount.models.Account["registry"]->java.util.ArrayList[0]->com.kata.bankaccount.models.Deposit["account"]->com.kata.bankaccount.models.Account["registry"]->java.util.ArrayList[0]->com.kata.bankaccount.models.Deposit["account"]->com.kata.bankaccount.models.Account["registry"]->java.util.ArrayList[0]->com.kata.bankaccount.models.Deposit["account"]->com.kata.bankaccount.models.Account["registry"]->java.util.ArrayList[0]->com.kata.bankaccount.models.Deposit["account"]->com.kata.bankaccount.models.Account["registry"]->java.util.ArrayList[0]->com.kata.bankaccount.models.Deposit["account"]->com.kata.bankaccount.models.Account["registry"]->java.util.ArrayList[0]->com.kata.bankaccount.models.Deposit["account"]->com.kata.bankaccount.models.Account["registry"]->java.util.ArrayList[0]->com.kata.bankaccount.models.Deposit["account"]->com.kata.bankaccount.models.Account["registry"]->java.util.ArrayList[0]->com.kata.bankaccount.models.Deposit["account"]->com.kata.bankaccount.models.Account["registry"]->java.util.ArrayList[0]->com.kata.bankaccount.models.Deposit["account"]->com.kata.bankaccount.models.Account["registry"]->java.util.ArrayList[0]->com.kata.bankaccount.models.Deposit["account"]->com.kata.bankaccount.models.Account["registry"]->java.util.ArrayList[0]->com.kata.bankaccount.models.Deposit["account"]->com.kata.bankaccount.models.Account["registry"]->java.util.ArrayList[0]->com.kata.bankaccount.models.Deposit["account"]->com.kata.bankaccount.models.Account["registry"]->java.util.ArrayList[0]->com.kata.bankaccount.models.Deposit["account"]->com.kata.bankaccount.models.Account["registry"]->java.util.ArrayList[0]->com.kata.bankaccount.models.Deposit["account"]->com.kata.bankaccount.models.Account["registry"]->java.util.ArrayList[0]->com.kata.bankaccount.models.Deposit["account"]->com.kata.bankaccount.models.Account["registry"]->java.util.ArrayList[0]->com.kata.bankaccount.models.Deposit["account"]->com.kata.bankaccount.models.Account["registry"]->java.util.ArrayList[0]->com.kata.bankaccount.models.Deposit["account"]->com.kata.bankaccount.models.Account["registry"]->java.util.ArrayList[0]->com.kata.bankaccount.models.Deposit["account"]->com.kata.bankaccount.models.Account["registry"]->java.util.ArrayList[0]->com.kata.bankaccount.models.Deposit["account"]->com.kata.bankaccount.models.Account["registry"]->java.util.ArrayList[0]->com.kata.bankaccount.models.Deposit["account"]->com.kata.bankaccount.models.Account["registry"]->java.util.ArrayList[0]->com.kata.bankaccount.models.Deposit["account"]->com.kata.bankaccount.models.Account["registry"]->java.util.ArrayList[0]->com.kata.bankaccount.models.Deposit["account"]->com.kata.bankaccount.models.Account["registry"]->java.util.ArrayList[0]->com.kata.bankaccount.models.Deposit["account"]->com.kata.bankaccount.models.Account["registry"]->java.util.ArrayList[0]->com.kata.bankaccount.models.Deposit["account"]->com.kata.bankaccount.models.Account["registry"]->java.util.ArrayList[0]->com.kata.bankaccount.models.Deposit["account"]->com.kata.bankaccount.models.Account["registry"]->java.util.ArrayList[0]->com.kata.bankaccount.models.Deposit["account"]->com.kata.bankaccount.models.Account["registry"]->java.util.ArrayList[0]->com.kata.bankaccount.models.Deposit["account"]->com.kata.bankaccount.models.Account["registry"]->java.util.ArrayList[0]->com.kata.bankaccount.models.Deposit["account"]->com.kata.bankaccount.models.Account["registry"]->java.util.ArrayList[0]->com.kata.bankaccount.models.Deposit["account"]->com.kata.bankaccount.models.Account["registry"]->java.util.ArrayList[0]->com.kata.bankaccount.models.Deposit["account"]->com.kata.bankaccount.models.Account["registry"]->java.util.ArrayList[0]->com.kata.bankaccount.models.Deposit["account"]->com.kata.bankaccount.models.Account["registry"]->java.util.ArrayList[0]->com.kata.bankaccount.models.Deposit["account"]->com.kata.bankaccount.models.Account["registry"]->java.util.ArrayList[0]->com.kata.bankaccount.models.Deposit["account"]->com.kata.bankaccount.models.Account["registry"]->java.util.ArrayList[0]->com.kata.bankaccount.models.Deposit["account"]->com.kata.bankaccount.models.Account["registry"]->java.util.ArrayList[0]->com.kata.bankaccount.models.Deposit["account"]->com.kata.bankaccount.models.Account["registry"]->java.util.ArrayList[0]->com.kata.bankaccount.models.Deposit["account"]->com.kata.bankaccount.models.Account["registry"]->java.util.ArrayList[0]->com.kata.bankaccount.models.Deposit["account"]->com.kata.bankaccount.models.Account["registry"]->java.util.ArrayList[0]->com.kata.bankaccount.models.Deposit["account"]->com.kata.bankaccount.models.Account["registry"]->java.util.ArrayList[0]->com.kata.bankaccount.models.Deposit["account"]->com.kata.bankaccount.models.Account["registry"]->java.util.ArrayList[0]->com.kata.bankaccount.models.Deposit["account"]->com.kata.bankaccount.models.Account["registry"]->java.util.ArrayList[0]->com.kata.bankaccount.models.Deposit["account"]->com.kata.bankaccount.models.Account["registry"]->java.util.ArrayList[0]->com.kata.bankaccount.models.Deposit["account"]->com.kata.bankaccount.models.Account["registry"]->java.util.ArrayList[0]->com.kata.bankaccount.models.Deposit["account"]->com.kata.bankaccount.models.Account["registry"]->java.util.ArrayList[0]->com.kata.bankaccount.models.Deposit["account"]->com.kata.bankaccount.models.Account["registry"]->java.util.ArrayList[0]->com.kata.bankaccount.models.Deposit["account"]->com.kata.bankaccount.models.Account["registry"]->java.util.ArrayList[0]->com.kata.bankaccount.models.Deposit["account"]->com.kata.bankaccount.models.Account["registry"]->java.util.ArrayList[0]->com.kata.bankaccount.models.Deposit["account"]->com.kata.bankaccount.models.Account["registry"]->java.util.ArrayList[0]->com.kata.bankaccount.models.Deposit["account"]->com.kata.bankaccount.models.Account["registry"]->java.util.ArrayList[0]->com.kata.bankaccount.models.Deposit["account"]->com.kata.bankaccount.models.Account["registry"]->java.util.ArrayList[0]->com.kata.bankaccount.models.Deposit["account"]->com.kata.bankaccount.models.Account["registry"]->java.util.ArrayList[0]->com.kata.bankaccount.models.Deposit["account"]->com.kata.bankaccount.models.Account["registry"]->java.util.ArrayList[0]->com.kata.bankaccount.models.Deposit["account"]->com.kata.bankaccount.models.Account["registry"]->java.util.ArrayList[0]->com.kata.bankaccount.models.Deposit["account"]->com.kata.bankaccount.models.Account["registry"]->java.util.ArrayList[0]->com.kata.bankaccount.models.Deposit["account"]->com.kata.bankaccount.models.Account["registry"]->java.util.ArrayList[0]->com.kata.bankaccount.models.Deposit["account"]->com.kata.bankaccount.models.Account["registry"]->java.util.ArrayList[0]->com.kata.bankaccount.models.Deposit["account"]->com.kata.bankaccount.models.Account["registry"]->java.util.ArrayList[0]->com.kata.bankaccount.models.Deposit["account"]->com.kata.bankaccount.models.Account["registry"]->java.util.ArrayList[0]->com.kata.bankaccount.models.Deposit["account"]->com.kata.bankaccount.models.Account["registry"]->java.util.ArrayList[0]->com.kata.bankaccount.models.Deposit["account"]->com.kata.bankaccount.models.Account["registry"]->java.util.ArrayList[0]->com.kata.bankaccount.models.Deposit["account"]->com.kata.bankaccount.models.Account["registry"]->java.util.ArrayList[0]->com.kata.bankaccount.models.Deposit["account"]->com.kata.bankaccount.models.Account["registry"]->java.util.ArrayList[0]->com.kata.bankaccount.models.Deposit["account"]->com.kata.bankaccount.models.Account["registry"]->java.util.ArrayList[0]->com.kata.bankaccount.models.Deposit["account"]->com.kata.bankaccount.models.Account["registry"]->java.util.ArrayList[0]->com.kata.bankaccount.models.Deposit["account"]->com.kata.bankaccount.models.Account["registry"]->java.util.ArrayList[0]->com.kata.bankaccount.models.Deposit["account"]->com.kata.bankaccount.models.Account["registry"]->java.util.ArrayList[0]->com.kata.bankaccount.models.Deposit["account"]->com.kata.bankaccount.models.Account["registry"]->java.util.ArrayList[0]->com.kata.bankaccount.models.Deposit["account"]->com.kata.bankaccount.models.Account["registry"]->java.util.ArrayList[0]->com.kata.bankaccount.models.Deposit["account"]->com.kata.bankaccount.models.Account["registry"]->java.util.ArrayList[0]->com.kata.bankaccount.models.Deposit["account"]->com.kata.bankaccount.models.Account["registry"]->java.util.ArrayList[0]->com.kata.bankaccount.models.Deposit["account"]->com.kata.bankaccount.models.Account["registry"]->java.util.ArrayList[0]->com.kata.bankaccount.models.Deposit["account"]->com.kata.bankaccount.models.Account["registry"]->java.util.ArrayList[0]->com.kata.bankaccount.models.Deposit["account"]->com.kata.bankaccount.models.Account["registry"]->java.util.ArrayList[0]->com.kata.bankaccount.models.Deposit["account"]->com.kata.bankaccount.models.Account["registry"]->java.util.ArrayList[0]->com.kata.bankaccount.models.Deposit["account"]->com.kata.bankaccount.models.Account["registry"]->java.util.ArrayList[0]->com.kata.bankaccount.models.Deposit["account"]->com.kata.bankaccount.models.Account["registry"]->java.util.ArrayList[0]->com.kata.bankaccount.models.Deposit["account"]->com.kata.bankaccount.models.Account["registry"]->java.util.ArrayList[0]->com.kata.bankaccount.models.Deposit["account"]->com.kata.bankaccount.models.Account["registry"]->java.util.ArrayList[0]->com.kata.bankaccount.models.Deposit["account"]->com.kata.bankaccount.models.Account["registry"]->java.util.ArrayList[0]->com.kata.bankaccount.models.Deposit["account"]->com.kata.bankaccount.models.Account["registry"]->java.util.ArrayList[0]->com.kata.bankaccount.models.Deposit["account"]->com.kata.bankaccount.models.Account["registry"]->java.util.ArrayList[0]->com.kata.bankaccount.models.Deposit["account"]->com.kata.bankaccount.models.Account["registry"]->java.util.ArrayList[0]->com.kata.bankaccount.models.Deposit["account"]->com.kata.bankaccount.models.Account["registry"]->java.util.ArrayList[0]->com.kata.bankaccount.models.Deposit["account"]->com.kata.bankaccount.models.Account["registry"]->java.util.ArrayList[0]->com.kata.bankaccount.models.Deposit["account"]->com.kata.bankaccount.models.Account["registry"]->java.util.ArrayList[0]->com.kata.bankaccount.models.Deposit["account"]->com.kata.bankaccount.models.Account["registry"]->java.util.ArrayList[0]->com.kata.bankaccount.models.Deposit["account"]->com.kata.bankaccount.models.Account["registry"]->java.util.ArrayList[0]->com.kata.bankaccount.models.Deposit["account"]->com.kata.bankaccount.models.Account["registry"]->java.util.ArrayList[0]->com.kata.bankaccount.models.Deposit["account"]->com.kata.bankaccount.models.Account["registry"]->java.util.ArrayList[0]->com.kata.bankaccount.models.Deposit["account"]->com.kata.bankaccount.models.Account["registry"]->java.util.ArrayList[0]->com.kata.bankaccount.models.Deposit["account"]->com.kata.bankaccount.models.Account["registry"]->java.util.ArrayList[0]->com.kata.bankaccount.models.Deposit["account"]->com.kata.bankaccount.models.Account["registry"]->java.util.ArrayList[0]->com.kata.bankaccount.models.Deposit["account"]->com.kata.bankaccount.models.Account["registry"]->java.util.ArrayList[0]->com.kata.bankaccount.models.Deposit["account"]->com.kata.bankaccount.models.Account["registry"]->java.util.ArrayList[0]->com.kata.bankaccount.models.Deposit["account"]->com.kata.bankaccount.models.Account["registry"]->java.util.ArrayList[0]->com.kata.bankaccount.models.Deposit["account"]->com.kata.bankaccount.models.Account["registry"]->java.util.ArrayList[0]->com.kata.bankaccount.models.Deposit["account"]->com.kata.bankaccount.models.Account["registry"]->java.util.ArrayList[0]->com.kata.bankaccount.models.Deposit["account"]->com.kata.bankaccount.models.Account["registry"]->java.util.ArrayList[0]->com.kata.bankaccount.models.Deposit["account"]->com.kata.bankaccount.models.Account["registry"]->java.util.ArrayList[0]->com.kata.bankaccount.models.Deposit["account"]->com.kata.bankaccount.models.Account["registry"]->java.util.ArrayList[0]->com.kata.bankaccount.models.Deposit["account"]->com.kata.bankaccount.models.Account["registry"]->java.util.ArrayList[0]->com.kata.bankaccount.models.Deposit["account"]->com.kata.bankaccount.models.Account["registry"]->java.util.ArrayList[0]->com.kata.bankaccount.models.Deposit["account"]->com.kata.bankaccount.models.Account["registry"]->java.util.ArrayList[0]->com.kata.bankaccount.models.Deposit["account"]->com.kata.bankaccount.models.Account["registry"]->java.util.ArrayList[0]->com.kata.bankaccount.models.Deposit["account"]->com.kata.bankaccount.models.Account["registry"]->java.util.ArrayList[0]->com.kata.bankaccount.models.Deposit["account"]->com.kata.bankaccount.models.Account["registry"]->java.util.ArrayList[0]->com.kata.bankaccount.models.Deposit["account"]->com.kata.bankaccount.models.Account["registry"]->java.util.ArrayList[0]->com.kata.bankaccount.models.Deposit["account"]->com.kata.bankaccount.models.Account["registry"]->java.util.ArrayList[0]->com.kata.bankaccount.models.Deposit["account"]->com.kata.bankaccount.models.Account["registry"]->java.util.ArrayList[0]->com.kata.bankaccount.models.Deposit["account"]->com.kata.bankaccount.models.Account["registry"]->java.util.ArrayList[0]->com.kata.bankaccount.models.Deposit["account"]->com.kata.bankaccount.models.Account["registry"]->java.util.ArrayList[0]->com.kata.bankaccount.models.Deposit["account"]->com.kata.bankaccount.models.Account["registry"]->java.util.ArrayList[0]->com.kata.bankaccount.models.Deposit["account"]->com.kata.bankaccount.models.Account["registry"]->java.util.ArrayList[0]->com.kata.bankaccount.models.Deposit["account"]->com.kata.bankaccount.models.Account["registry"]->java.util.ArrayList[0]->com.kata.bankaccount.models.Deposit["account"]->com.kata.bankaccount.models.Account["registry"]->java.util.ArrayList[0]->com.kata.bankaccount.models.Deposit["account"]->com.kata.bankaccount.models.Account["registry"]->java.util.ArrayList[0]->com.kata.bankaccount.models.Deposit["account"]->com.kata.bankaccount.models.Account["registry"]->java.util.ArrayList[0]->com.kata.bankaccount.models.Deposit["account"]->com.kata.bankaccount.models.Account["registry"]->java.util.ArrayList[0]->com.kata.bankaccount.models.Deposit["account"]->com.kata.bankaccount.models.Account["registry"]->java.util.ArrayList[0]->com.kata.bankaccount.models.Deposit["account"]->com.kata.bankaccount.models.Account["registry"]->java.util.ArrayList[0]->com.kata.bankaccount.models.Deposit["account"]->com.kata.bankaccount.models.Account["registry"]->java.util.ArrayList[0]->com.kata.bankaccount.models.Deposit["account"]->com.kata.bankaccount.models.Account["registry"]->java.util.ArrayList[0]->com.kata.bankaccount.models.Deposit["account"]->com.kata.bankaccount.models.Account["registry"]->java.util.ArrayList[0]->com.kata.bankaccount.models.Deposit["account"]->com.kata.bankaccount.models.Account["registry"]->java.util.ArrayList[0]->com.kata.bankaccount.models.Deposit["account"]->com.kata.bankaccount.models.Account["registry"]->java.util.ArrayList[0]->com.kata.bankaccount.models.Deposit["account"]->com.kata.bankaccount.models.Account["registry"]->java.util.ArrayList[0]->com.kata.bankaccount.models.Deposit["account"]->com.kata.bankaccount.models.Account["registry"]->java.util.ArrayList[0]->com.kata.bankaccount.models.Deposit["account"]->com.kata.bankaccount.models.Account["registry"]->java.util.ArrayList[0]->com.kata.bankaccount.models.Deposit["account"]->com.kata.bankaccount.models.Account["registry"]->java.util.ArrayList[0]->com.kata.bankaccount.models.Deposit["account"]->com.kata.bankaccount.models.Account["registry"]->java.util.ArrayList[0]->com.kata.bankaccount.models.Deposit["account"]->com.kata.bankaccount.models.Account["registry"]->java.util.ArrayList[0]->com.kata.bankaccount.models.Deposit["account"]->com.kata.bankaccount.models.Account["registry"]->java.util.ArrayList[0]->com.kata.bankaccount.models.Deposit["account"]->com.kata.bankaccount.models.Account["registry"]->java.util.ArrayList[0]->com.kata.bankaccount.models.Deposit["account"]->com.kata.bankaccount.models.Account["registry"]->java.util.ArrayList[0]->com.kata.bankaccount.models.Deposit["account"]->com.kata.bankaccount.models.Account["registry"]->java.util.ArrayList[0]->com.kata.bankaccount.models.Deposit["account"]->com.kata.bankaccount.models.Account["registry"]->java.util.ArrayList[0]->com.kata.bankaccount.models.Deposit["account"]->com.kata.bankaccount.models.Account["registry"]->java.util.ArrayList[0]->com.kata.bankaccount.models.Deposit["account"]->com.kata.bankaccount.models.Account["registry"]->java.util.ArrayList[0]->com.kata.bankaccount.models.Deposit["account"]->com.kata.bankaccount.models.Account["registry"]->java.util.ArrayList[0]->com.kata.bankaccount.models.Deposit["account"]->com.kata.bankaccount.models.Account["registry"]->java.util.ArrayList[0]->com.kata.bankaccount.models.Deposit["account"]->com.kata.bankaccount.models.Account["registry"]->java.util.ArrayList[0]->com.kata.bankaccount.models.Deposit["account"]->com.kata.bankaccount.models.Account["registry"]->java.util.ArrayList[0]->com.kata.bankaccount.models.Deposit["account"]->com.kata.bankaccount.models.Account["registry"]->java.util.ArrayList[0]->com.kata.bankaccount.models.Deposit["account"]->com.kata.bankaccount.models.Account["registry"]->java.util.ArrayList[0]->com.kata.bankaccount.models.Deposit["account"]->com.kata.bankaccount.models.Account["registry"]->java.util.ArrayList[0]->com.kata.bankaccount.models.Deposit["account"]->com.kata.bankaccount.models.Account["registry"]->java.util.ArrayList[0]->com.kata.bankaccount.models.Deposit["account"]->com.kata.bankaccount.models.Account["registry"]->java.util.ArrayList[0]->com.kata.bankaccount.models.Deposit["account"]->com.kata.bankaccount.models.Account["registry"]->java.util.ArrayList[0]->com.kata.bankaccount.models.Deposit["account"]->com.kata.bankaccount.models.Account["registry"]->java.util.ArrayList[0]->com.kata.bankaccount.models.Deposit["account"]->com.kata.bankaccount.models.Account["registry"]->java.util.ArrayList[0]->com.kata.bankaccount.models.Deposit["account"]->com.kata.bankaccount.models.Account["registry"]->java.util.ArrayList[0]->com.kata.bankaccount.models.Deposit["account"]->com.kata.bankaccount.models.Account["registry"]->java.util.ArrayList[0]->com.kata.bankaccount.models.Deposit["account"]->com.kata.bankaccount.models.Account["registry"]->java.util.ArrayList[0]->com.kata.bankaccount.models.Deposit["account"]->com.kata.bankaccount.models.Account["registry"]->java.util.ArrayList[0]->com.kata.bankaccount.models.Deposit["account"]->com.kata.bankaccount.models.Account["registry"]->java.util.ArrayList[0]->com.kata.bankaccount.models.Deposit["account"]->com.kata.bankaccount.models.Account["registry"]->java.util.ArrayList[0]->com.kata.bankaccount.models.Deposit["account"]->com.kata.bankaccount.models.Account["registry"]->java.util.ArrayList[0]->com.kata.bankaccount.models.Deposit["account"]->com.kata.bankaccount.models.Account["registry"]->java.util.ArrayList[0]->com.kata.bankaccount.models.Deposit["account"]->com.kata.bankaccount.models.Account["registry"]->java.util.ArrayList[0]->com.kata.bankaccount.models.Deposit["account"]->com.kata.bankaccount.models.Account["registry"]->java.util.ArrayList[0]->com.kata.bankaccount.models.Deposit["account"]->com.kata.bankaccount.models.Account["registry"]->java.util.ArrayList[0]->com.kata.bankaccount.models.Deposit["account"]->com.kata.bankaccount.models.Account["registry"]->java.util.ArrayList[0]->com.kata.bankaccount.models.Deposit["account"]->com.kata.bankaccount.models.Account["registry"]->java.util.ArrayList[0]->com.kata.bankaccount.models.Deposit["account"]->com.kata.bankaccount.models.Account["registry"]->java.util.ArrayList[0]->com.kata.bankaccount.models.Deposit["account"]->com.kata.bankaccount.models.Account["registry"]->java.util.ArrayList[0]->com.kata.bankaccount.models.Deposit["account"]->com.kata.bankaccount.models.Account["registry"]->java.util.ArrayList[0]->com.kata.bankaccount.models.Deposit["account"]->com.kata.bankaccount.models.Account["registry"]->java.util.ArrayList[0]->com.kata.bankaccount.models.Deposit["account"]->com.kata.bankaccount.models.Account["registry"]->java.util.ArrayList[0]->com.kata.bankaccount.models.Deposit["account"]->com.kata.bankaccount.models.Account["registry"]->java.util.ArrayList[0]->com.kata.bankaccount.models.Deposit["account"]->com.kata.bankaccount.models.Account["registry"]->java.util.ArrayList[0]->com.kata.bankaccount.models.Deposit["account"]->com.kata.bankaccount.models.Account["registry"]->java.util.ArrayList[0]->com.kata.bankaccount.models.Deposit["account"]->com.kata.bankaccount.models.Account["registry"]->java.util.ArrayList[0]->com.kata.bankaccount.models.Deposit["account"]->com.kata.bankaccount.models.Account["registry"]->java.util.ArrayList[0]->com.kata.bankaccount.models.Deposit["account"]->com.kata.bankaccount.models.Account["registry"]->java.util.ArrayList[0]->com.kata.bankaccount.models.Deposit["account"]->com.kata.bankaccount.models.Account["registry"]->java.util.ArrayList[0]->com.kata.bankaccount.models.Deposit["account"]->com.kata.bankaccount.models.Account["registry"]->java.util.ArrayList[0]->com.kata.bankaccount.models.Deposit["account"]->com.kata.bankaccount.models.Account["registry"]->java.util.ArrayList[0]->com.kata.bankaccount.models.Deposit["account"]->com.kata.bankaccount.models.Account["registry"]->java.util.ArrayList[0]->com.kata.bankaccount.models.Deposit["account"]->com.kata.bankaccount.models.Account["registry"]->java.util.ArrayList[0]->com.kata.bankaccount.models.Deposit["account"]->com.kata.bankaccount.models.Account["registry"]->java.util.ArrayList[0]->com.kata.bankaccount.models.Deposit["account"]->com.kata.bankaccount.models.Account["registry"]->java.util.ArrayList[0]->com.kata.bankaccount.models.Deposit["account"]->com.kata.bankaccount.models.Account["registry"]->java.util.ArrayList[0]->com.kata.bankaccount.models.Deposit["account"]->com.kata.bankaccount.models.Account["registry"]->java.util.ArrayList[0]->com.kata.bankaccount.models.Deposit["account"]->com.kata.bankaccount.models.Account["registry"]->java.util.ArrayList[0]->com.kata.bankaccount.models.Deposit["account"]->com.kata.bankaccount.models.Account["registry"]->java.util.ArrayList[0]->com.kata.bankaccount.models.Deposit["account"]->com.kata.bankaccount.models.Account["registry"]->java.util.ArrayList[0]->com.kata.bankaccount.models.Deposit["account"]->com.kata.bankaccount.models.Account["registry"]->java.util.ArrayList[0]->com.kata.bankaccount.models.Deposit["account"]->com.kata.bankaccount.models.Account["registry"]->java.util.ArrayList[0]->com.kata.bankaccount.models.Deposit["account"]->com.kata.bankaccount.models.Account["registry"]->java.util.ArrayList[0]->com.kata.bankaccount.models.Deposit["account"]->com.kata.bankaccount.models.Account["registry"]->java.util.ArrayList[0]->com.kata.bankaccount.models.Deposit["account"]->com.kata.bankaccount.models.Account["registry"]->java.util.ArrayList[0]->com.kata.bankaccount.models.Deposit["account"]->com.kata.bankaccount.models.Account["registry"]->java.util.ArrayList[0]->com.kata.bankaccount.models.Deposit["account"]->com.kata.bankaccount.models.Account["registry"]->java.util.ArrayList[0]->com.kata.bankaccount.models.Deposit["account"]->com.kata.bankaccount.models.Account["registry"]->java.util.ArrayList[0]->com.kata.bankaccount.models.Deposit["account"]->com.kata.bankaccount.models.Account["registry"]->java.util.ArrayList[0]->com.kata.bankaccount.models.Deposit["account"]->com.kata.bankaccount.models.Account["registry"]->java.util.ArrayList[0]->com.kata.bankaccount.models.Deposit["account"]->com.kata.bankaccount.models.Account["registry"]->java.util.ArrayList[0]->com.kata.bankaccount.models.Deposit["account"]->com.kata.bankaccount.models.Account["registry"]->java.util.ArrayList[0]->com.kata.bankaccount.models.Deposit["account"]->com.kata.bankaccount.models.Account["registry"]->java.util.ArrayList[0]->com.kata.bankaccount.models.Deposit["account"]->com.kata.bankaccount.models.Account["registry"]->java.util.ArrayList[0]->com.kata.bankaccount.models.Deposit["account"]->com.kata.bankaccount.models.Account["registry"]->java.util.ArrayList[0]->com.kata.bankaccount.models.Deposit["account"]->com.kata.bankaccount.models.Account["registry"]->java.util.ArrayList[0]->com.kata.bankaccount.models.Deposit["account"]->com.kata.bankaccount.models.Account["registry"]->java.util.ArrayList[0]->com.kata.bankaccount.models.Deposit["account"]->com.kata.bankaccount.models.Account["registry"]->java.util.ArrayList[0]->com.kata.bankaccount.models.Deposit["account"]->com.kata.bankaccount.models.Account["registry"]->java.util.ArrayList[0]->com.kata.bankaccount.models.Deposit["account"]->com.kata.bankaccount.models.Account["registry"]->java.util.ArrayList[0]->com.kata.bankaccount.models.Deposit["account"]->com.kata.bankaccount.models.Account["registry"]->java.util.ArrayList[0]->com.kata.bankaccount.models.Deposit["account"]->com.kata.bankaccount.models.Account["registry"]->java.util.ArrayList[0]->com.kata.bankaccount.models.Deposit["account"]->com.kata.bankaccount.models.Account["registry"]->java.util.ArrayList[0]->com.kata.bankaccount.models.Deposit["account"]->com.kata.bankaccount.models.Account["registry"]->java.util.ArrayList[0]->com.kata.bankaccount.models.Deposit["account"]->com.kata.bankaccount.models.Account["registry"]->java.util.ArrayList[0]->com.kata.bankaccount.models.Deposit["account"]->com.kata.bankaccount.models.Account["registry"]->java.util.ArrayList[0]->com.kata.bankaccount.models.Deposit["account"]->com.kata.bankaccount.models.Account["registry"]->java.util.ArrayList[0]->com.kata.bankaccount.models.Deposit["account"]->com.kata.bankaccount.models.Account["registry"]->java.util.ArrayList[0]->com.kata.bankaccount.models.Deposit["account"]->com.kata.bankaccount.models.Account["registry"]->java.util.ArrayList[0]->com.kata.bankaccount.models.Deposit["account"]->com.kata.bankaccount.models.Account["registry"]->java.util.ArrayList[0]->com.kata.bankaccount.models.Deposit["account"]->com.kata.bankaccount.models.Account["registry"]->java.util.ArrayList[0]->com.kata.bankaccount.models.Deposit["account"]->com.kata.bankaccount.models.Account["registry"]->java.util.ArrayList[0]->com.kata.bankaccount.models.Deposit["account"]->com.kata.bankaccount.models.Account["registry"]->java.util.ArrayList[0]->com.kata.bankaccount.models.Deposit["account"]->com.kata.bankaccount.models.Account["registry"]->java.util.ArrayList[0]->com.kata.bankaccount.models.Deposit["account"]->com.kata.bankaccount.models.Account["registry"]->java.util.ArrayList[0]->com.kata.bankaccount.models.Deposit["account"]->com.kata.bankaccount.models.Account["registry"]->java.util.ArrayList[0]->com.kata.bankaccount.models.Deposit["account"]->com.kata.bankaccount.models.Account["registry"]->java.util.ArrayList[0]->com.kata.bankaccount.models.Deposit["account"]->com.kata.bankaccount.models.Account["registry"]->java.util.ArrayList[0]->com.kata.bankaccount.models.Deposit["account"]->com.kata.bankaccount.models.Account["registry"]->java.util.ArrayList[0]->com.kata.bankaccount.models.Deposit["account"]->com.kata.bankaccount.models.Account["registry"]->java.util.ArrayList[0]->com.kata.bankaccount.models.Deposit["account"]->com.kata.bankaccount.models.Account["registry"]->java.util.ArrayList[0]->com.kata.bankaccount.models.Deposit["account"]->com.kata.bankaccount.models.Account["registry"]->java.util.ArrayList[0]->com.kata.bankaccount.models.Deposit["account"]->com.kata.bankaccount.models.Account["registry"]->java.util.ArrayList[0]->com.kata.bankaccount.models.Deposit["account"]->com.kata.bankaccount.models.Account["registry"]->java.util.ArrayList[0]->com.kata.bankaccount.models.Deposit["account"]->com.kata.bankaccount.models.Account["registry"]->java.util.ArrayList[0]->com.kata.bankaccount.models.Deposit["account"]->com.kata.bankaccount.models.Account["registry"]->java.util.ArrayList[0]->com.kata.bankaccount.models.Deposit["account"]->com.kata.bankaccount.models.Account["registry"]->java.util.ArrayList[0]->com.kata.bankaccount.models.Deposit["account"]->com.kata.bankaccount.models.Account["registry"]->java.util.ArrayList[0]->com.kata.bankaccount.models.Deposit["account"]->com.kata.bankaccount.models.Account["registry"]->java.util.ArrayList[0]->com.kata.bankaccount.models.Deposit["account"]->com.kata.bankaccount.models.Account["registry"]->java.util.ArrayList[0]->com.kata.bankaccount.models.Deposit["account"]->com.kata.bankaccount.models.Account["registry"]->java.util.ArrayList[0]->com.kata.bankaccount.models.Deposit["account"]->com.kata.bankaccount.models.Account["registry"]->java.util.ArrayList[0]->com.kata.bankaccount.models.Deposit["account"]->com.kata.bankaccount.models.Account["registry"]->java.util.ArrayList[0]->com.kata.bankaccount.models.Deposit["account"]->com.kata.bankaccount.models.Account["registry"]->java.util.ArrayList[0]->com.kata.bankaccount.models.Deposit["account"]->com.kata.bankaccount.models.Account["registry"]->java.util.ArrayList[0]->com.kata.bankaccount.models.Deposit["account"]->com.kata.bankaccount.models.Account["registry"]->java.util.ArrayList[0]->com.kata.bankaccount.models.Deposit["account"]->com.kata.bankaccount.models.Account["registry"]->java.util.ArrayList[0]->com.kata.bankaccount.models.Deposit["account"]->com.kata.bankaccount.models.Account["registry"]->java.util.ArrayList[0]->com.kata.bankaccount.models.Deposit["account"]->com.kata.bankaccount.models.Account["registry"]->java.util.ArrayList[0]->com.kata.bankaccount.models.Deposit["account"]->com.kata.bankaccount.models.Account["registry"]->java.util.ArrayList[0]->com.kata.bankaccount.models.Deposit["account"]->com.kata.bankaccount.models.Account["registry"]->java.util.ArrayList[0]->com.kata.bankaccount.models.Deposit["account"]->com.kata.bankaccount.models.Account["registry"]->java.util.ArrayList[0]->com.kata.bankaccount.models.Deposit["account"]->com.kata.bankaccount.models.Account["registry"]->java.util.ArrayList[0]->com.kata.bankaccount.models.Deposit["account"]->com.kata.bankaccount.models.Account["registry"]->java.util.ArrayList[0]->com.kata.bankaccount.models.Deposit["account"]->com.kata.bankaccount.models.Account["registry"]->java.util.ArrayList[0]->com.kata.bankaccount.models.Deposit["account"]->com.kata.bankaccount.models.Account["registry"]->java.util.ArrayList[0]->com.kata.bankaccount.models.Deposit["account"]->com.kata.bankaccount.models.Account["registry"]->java.util.ArrayList[0]->com.kata.bankaccount.models.Deposit["account"]->com.kata.bankaccount.models.Account["registry"]->java.util.ArrayList[0]->com.kata.bankaccount.models.Deposit["account"]->com.kata.bankaccount.models.Account["registry"])
	at com.kata.bankaccount.AccountControllerTests.testPrintStatement(AccountControllerTests.java:77)
Caused by: com.fasterxml.jackson.databind.JsonMappingException: Infinite recursion (StackOverflowError) (through reference chain: com.kata.bankaccount.models.Account["registry"]->java.util.ArrayList[0]->com.kata.bankaccount.models.Deposit["account"]->com.kata.bankaccount.models.Account["registry"]->java.util.ArrayList[0]->com.kata.bankaccount.models.Deposit["account"]->com.kata.bankaccount.models.Account["registry"]->java.util.ArrayList[0]->com.kata.bankaccount.models.Deposit["account"]->com.kata.bankaccount.models.Account["registry"]->java.util.ArrayList[0]->com.kata.bankaccount.models.Deposit["account"]->com.kata.bankaccount.models.Account["registry"]->java.util.ArrayList[0]->com.kata.bankaccount.models.Deposit["account"]->com.kata.bankaccount.models.Account["registry"]->java.util.ArrayList[0]->com.kata.bankaccount.models.Deposit["account"]->com.kata.bankaccount.models.Account["registry"]->java.util.ArrayList[0]->com.kata.bankaccount.models.Deposit["account"]->com.kata.bankaccount.models.Account["registry"]->java.util.ArrayList[0]->com.kata.bankaccount.models.Deposit["account"]->com.kata.bankaccount.models.Account["registry"]->java.util.ArrayList[0]->com.kata.bankaccount.models.Deposit["account"]->com.kata.bankaccount.models.Account["registry"]->java.util.ArrayList[0]->com.kata.bankaccount.models.Deposit["account"]->com.kata.bankaccount.models.Account["registry"]->java.util.ArrayList[0]->com.kata.bankaccount.models.Deposit["account"]->com.kata.bankaccount.models.Account["registry"]->java.util.ArrayList[0]->com.kata.bankaccount.models.Deposit["account"]->com.kata.bankaccount.models.Account["registry"]->java.util.ArrayList[0]->com.kata.bankaccount.models.Deposit["account"]->com.kata.bankaccount.models.Account["registry"]->java.util.ArrayList[0]->com.kata.bankaccount.models.Deposit["account"]->com.kata.bankaccount.models.Account["registry"]->java.util.ArrayList[0]->com.kata.bankaccount.models.Deposit["account"]->com.kata.bankaccount.models.Account["registry"]->java.util.ArrayList[0]->com.kata.bankaccount.models.Deposit["account"]->com.kata.bankaccount.models.Account["registry"]->java.util.ArrayList[0]->com.kata.bankaccount.models.Deposit["account"]->com.kata.bankaccount.models.Account["registry"]->java.util.ArrayList[0]->com.kata.bankaccount.models.Deposit["account"]->com.kata.bankaccount.models.Account["registry"]->java.util.ArrayList[0]->com.kata.bankaccount.models.Deposit["account"]->com.kata.bankaccount.models.Account["registry"]->java.util.ArrayList[0]->com.kata.bankaccount.models.Deposit["account"]->com.kata.bankaccount.models.Account["registry"]->java.util.ArrayList[0]->com.kata.bankaccount.models.Deposit["account"]->com.kata.bankaccount.models.Account["registry"]->java.util.ArrayList[0]->com.kata.bankaccount.models.Deposit["account"]->com.kata.bankaccount.models.Account["registry"]->java.util.ArrayList[0]->com.kata.bankaccount.models.Deposit["account"]->com.kata.bankaccount.models.Account["registry"]->java.util.ArrayList[0]->com.kata.bankaccount.models.Deposit["account"]->com.kata.bankaccount.models.Account["registry"]->java.util.ArrayList[0]->com.kata.bankaccount.models.Deposit["account"]->com.kata.bankaccount.models.Account["registry"]->java.util.ArrayList[0]->com.kata.bankaccount.models.Deposit["account"]->com.kata.bankaccount.models.Account["registry"]->java.util.ArrayList[0]->com.kata.bankaccount.models.Deposit["account"]->com.kata.bankaccount.models.Account["registry"]->java.util.ArrayList[0]->com.kata.bankaccount.models.Deposit["account"]->com.kata.bankaccount.models.Account["registry"]->java.util.ArrayList[0]->com.kata.bankaccount.models.Deposit["account"]->com.kata.bankaccount.models.Account["registry"]->java.util.ArrayList[0]->com.kata.bankaccount.models.Deposit["account"]->com.kata.bankaccount.models.Account["registry"]->java.util.ArrayList[0]->com.kata.bankaccount.models.Deposit["account"]->com.kata.bankaccount.models.Account["registry"]->java.util.ArrayList[0]->com.kata.bankaccount.models.Deposit["account"]->com.kata.bankaccount.models.Account["registry"]->java.util.ArrayList[0]->com.kata.bankaccount.models.Deposit["account"]->com.kata.bankaccount.models.Account["registry"]->java.util.ArrayList[0]->com.kata.bankaccount.models.Deposit["account"]->com.kata.bankaccount.models.Account["registry"]->java.util.ArrayList[0]->com.kata.bankaccount.models.Deposit["account"]->com.kata.bankaccount.models.Account["registry"]->java.util.ArrayList[0]->com.kata.bankaccount.models.Deposit["account"]->com.kata.bankaccount.models.Account["registry"]->java.util.ArrayList[0]->com.kata.bankaccount.models.Deposit["account"]->com.kata.bankaccount.models.Account["registry"]->java.util.ArrayList[0]->com.kata.bankaccount.models.Deposit["account"]->com.kata.bankaccount.models.Account["registry"]->java.util.ArrayList[0]->com.kata.bankaccount.models.Deposit["account"]->com.kata.bankaccount.models.Account["registry"]->java.util.ArrayList[0]->com.kata.bankaccount.models.Deposit["account"]->com.kata.bankaccount.models.Account["registry"]->java.util.ArrayList[0]->com.kata.bankaccount.models.Deposit["account"]->com.kata.bankaccount.models.Account["registry"]->java.util.ArrayList[0]->com.kata.bankaccount.models.Deposit["account"]->com.kata.bankaccount.models.Account["registry"]->java.util.ArrayList[0]->com.kata.bankaccount.models.Deposit["account"]->com.kata.bankaccount.models.Account["registry"]->java.util.ArrayList[0]->com.kata.bankaccount.models.Deposit["account"]->com.kata.bankaccount.models.Account["registry"]->java.util.ArrayList[0]->com.kata.bankaccount.models.Deposit["account"]->com.kata.bankaccount.models.Account["registry"]->java.util.ArrayList[0]->com.kata.bankaccount.models.Deposit["account"]->com.kata.bankaccount.models.Account["registry"]->java.util.ArrayList[0]->com.kata.bankaccount.models.Deposit["account"]->com.kata.bankaccount.models.Account["registry"]->java.util.ArrayList[0]->com.kata.bankaccount.models.Deposit["account"]->com.kata.bankaccount.models.Account["registry"]->java.util.ArrayList[0]->com.kata.bankaccount.models.Deposit["account"]->com.kata.bankaccount.models.Account["registry"]->java.util.ArrayList[0]->com.kata.bankaccount.models.Deposit["account"]->com.kata.bankaccount.models.Account["registry"]->java.util.ArrayList[0]->com.kata.bankaccount.models.Deposit["account"]->com.kata.bankaccount.models.Account["registry"]->java.util.ArrayList[0]->com.kata.bankaccount.models.Deposit["account"]->com.kata.bankaccount.models.Account["registry"]->java.util.ArrayList[0]->com.kata.bankaccount.models.Deposit["account"]->com.kata.bankaccount.models.Account["registry"]->java.util.ArrayList[0]->com.kata.bankaccount.models.Deposit["account"]->com.kata.bankaccount.models.Account["registry"]->java.util.ArrayList[0]->com.kata.bankaccount.models.Deposit["account"]->com.kata.bankaccount.models.Account["registry"]->java.util.ArrayList[0]->com.kata.bankaccount.models.Deposit["account"]->com.kata.bankaccount.models.Account["registry"]->java.util.ArrayList[0]->com.kata.bankaccount.models.Deposit["account"]->com.kata.bankaccount.models.Account["registry"]->java.util.ArrayList[0]->com.kata.bankaccount.models.Deposit["account"]->com.kata.bankaccount.models.Account["registry"]->java.util.ArrayList[0]->com.kata.bankaccount.models.Deposit["account"]->com.kata.bankaccount.models.Account["registry"]->java.util.ArrayList[0]->com.kata.bankaccount.models.Deposit["account"]->com.kata.bankaccount.models.Account["registry"]->java.util.ArrayList[0]->com.kata.bankaccount.models.Deposit["account"]->com.kata.bankaccount.models.Account["registry"]->java.util.ArrayList[0]->com.kata.bankaccount.models.Deposit["account"]->com.kata.bankaccount.models.Account["registry"]->java.util.ArrayList[0]->com.kata.bankaccount.models.Deposit["account"]->com.kata.bankaccount.models.Account["registry"]->java.util.ArrayList[0]->com.kata.bankaccount.models.Deposit["account"]->com.kata.bankaccount.models.Account["registry"]->java.util.ArrayList[0]->com.kata.bankaccount.models.Deposit["account"]->com.kata.bankaccount.models.Account["registry"]->java.util.ArrayList[0]->com.kata.bankaccount.models.Deposit["account"]->com.kata.bankaccount.models.Account["registry"]->java.util.ArrayList[0]->com.kata.bankaccount.models.Deposit["account"]->com.kata.bankaccount.models.Account["registry"]->java.util.ArrayList[0]->com.kata.bankaccount.models.Deposit["account"]->com.kata.bankaccount.models.Account["registry"]->java.util.ArrayList[0]->com.kata.bankaccount.models.Deposit["account"]->com.kata.bankaccount.models.Account["registry"]->java.util.ArrayList[0]->com.kata.bankaccount.models.Deposit["account"]->com.kata.bankaccount.models.Account["registry"]->java.util.ArrayList[0]->com.kata.bankaccount.models.Deposit["account"]->com.kata.bankaccount.models.Account["registry"]->java.util.ArrayList[0]->com.kata.bankaccount.models.Deposit["account"]->com.kata.bankaccount.models.Account["registry"]->java.util.ArrayList[0]->com.kata.bankaccount.models.Deposit["account"]->com.kata.bankaccount.models.Account["registry"]->java.util.ArrayList[0]->com.kata.bankaccount.models.Deposit["account"]->com.kata.bankaccount.models.Account["registry"]->java.util.ArrayList[0]->com.kata.bankaccount.models.Deposit["account"]->com.kata.bankaccount.models.Account["registry"]->java.util.ArrayList[0]->com.kata.bankaccount.models.Deposit["account"]->com.kata.bankaccount.models.Account["registry"]->java.util.ArrayList[0]->com.kata.bankaccount.models.Deposit["account"]->com.kata.bankaccount.models.Account["registry"]->java.util.ArrayList[0]->com.kata.bankaccount.models.Deposit["account"]->com.kata.bankaccount.models.Account["registry"]->java.util.ArrayList[0]->com.kata.bankaccount.models.Deposit["account"]->com.kata.bankaccount.models.Account["registry"]->java.util.ArrayList[0]->com.kata.bankaccount.models.Deposit["account"]->com.kata.bankaccount.models.Account["registry"]->java.util.ArrayList[0]->com.kata.bankaccount.models.Deposit["account"]->com.kata.bankaccount.models.Account["registry"]->java.util.ArrayList[0]->com.kata.bankaccount.models.Deposit["account"]->com.kata.bankaccount.models.Account["registry"]->java.util.ArrayList[0]->com.kata.bankaccount.models.Deposit["account"]->com.kata.bankaccount.models.Account["registry"]->java.util.ArrayList[0]->com.kata.bankaccount.models.Deposit["account"]->com.kata.bankaccount.models.Account["registry"]->java.util.ArrayList[0]->com.kata.bankaccount.models.Deposit["account"]->com.kata.bankaccount.models.Account["registry"]->java.util.ArrayList[0]->com.kata.bankaccount.models.Deposit["account"]->com.kata.bankaccount.models.Account["registry"]->java.util.ArrayList[0]->com.kata.bankaccount.models.Deposit["account"]->com.kata.bankaccount.models.Account["registry"]->java.util.ArrayList[0]->com.kata.bankaccount.models.Deposit["account"]->com.kata.bankaccount.models.Account["registry"]->java.util.ArrayList[0]->com.kata.bankaccount.models.Deposit["account"]->com.kata.bankaccount.models.Account["registry"]->java.util.ArrayList[0]->com.kata.bankaccount.models.Deposit["account"]->com.kata.bankaccount.models.Account["registry"]->java.util.ArrayList[0]->com.kata.bankaccount.models.Deposit["account"]->com.kata.bankaccount.models.Account["registry"]->java.util.ArrayList[0]->com.kata.bankaccount.models.Deposit["account"]->com.kata.bankaccount.models.Account["registry"]->java.util.ArrayList[0]->com.kata.bankaccount.models.Deposit["account"]->com.kata.bankaccount.models.Account["registry"]->java.util.ArrayList[0]->com.kata.bankaccount.models.Deposit["account"]->com.kata.bankaccount.models.Account["registry"]->java.util.ArrayList[0]->com.kata.bankaccount.models.Deposit["account"]->com.kata.bankaccount.models.Account["registry"]->java.util.ArrayList[0]->com.kata.bankaccount.models.Deposit["account"]->com.kata.bankaccount.models.Account["registry"]->java.util.ArrayList[0]->com.kata.bankaccount.models.Deposit["account"]->com.kata.bankaccount.models.Account["registry"]->java.util.ArrayList[0]->com.kata.bankaccount.models.Deposit["account"]->com.kata.bankaccount.models.Account["registry"]->java.util.ArrayList[0]->com.kata.bankaccount.models.Deposit["account"]->com.kata.bankaccount.models.Account["registry"]->java.util.ArrayList[0]->com.kata.bankaccount.models.Deposit["account"]->com.kata.bankaccount.models.Account["registry"]->java.util.ArrayList[0]->com.kata.bankaccount.models.Deposit["account"]->com.kata.bankaccount.models.Account["registry"]->java.util.ArrayList[0]->com.kata.bankaccount.models.Deposit["account"]->com.kata.bankaccount.models.Account["registry"]->java.util.ArrayList[0]->com.kata.bankaccount.models.Deposit["account"]->com.kata.bankaccount.models.Account["registry"]->java.util.ArrayList[0]->com.kata.bankaccount.models.Deposit["account"]->com.kata.bankaccount.models.Account["registry"]->java.util.ArrayList[0]->com.kata.bankaccount.models.Deposit["account"]->com.kata.bankaccount.models.Account["registry"]->java.util.ArrayList[0]->com.kata.bankaccount.models.Deposit["account"]->com.kata.bankaccount.models.Account["registry"]->java.util.ArrayList[0]->com.kata.bankaccount.models.Deposit["account"]->com.kata.bankaccount.models.Account["registry"]->java.util.ArrayList[0]->com.kata.bankaccount.models.Deposit["account"]->com.kata.bankaccount.models.Account["registry"]->java.util.ArrayList[0]->com.kata.bankaccount.models.Deposit["account"]->com.kata.bankaccount.models.Account["registry"]->java.util.ArrayList[0]->com.kata.bankaccount.models.Deposit["account"]->com.kata.bankaccount.models.Account["registry"]->java.util.ArrayList[0]->com.kata.bankaccount.models.Deposit["account"]->com.kata.bankaccount.models.Account["registry"]->java.util.ArrayList[0]->com.kata.bankaccount.models.Deposit["account"]->com.kata.bankaccount.models.Account["registry"]->java.util.ArrayList[0]->com.kata.bankaccount.models.Deposit["account"]->com.kata.bankaccount.models.Account["registry"]->java.util.ArrayList[0]->com.kata.bankaccount.models.Deposit["account"]->com.kata.bankaccount.models.Account["registry"]->java.util.ArrayList[0]->com.kata.bankaccount.models.Deposit["account"]->com.kata.bankaccount.models.Account["registry"]->java.util.ArrayList[0]->com.kata.bankaccount.models.Deposit["account"]->com.kata.bankaccount.models.Account["registry"]->java.util.ArrayList[0]->com.kata.bankaccount.models.Deposit["account"]->com.kata.bankaccount.models.Account["registry"]->java.util.ArrayList[0]->com.kata.bankaccount.models.Deposit["account"]->com.kata.bankaccount.models.Account["registry"]->java.util.ArrayList[0]->com.kata.bankaccount.models.Deposit["account"]->com.kata.bankaccount.models.Account["registry"]->java.util.ArrayList[0]->com.kata.bankaccount.models.Deposit["account"]->com.kata.bankaccount.models.Account["registry"]->java.util.ArrayList[0]->com.kata.bankaccount.models.Deposit["account"]->com.kata.bankaccount.models.Account["registry"]->java.util.ArrayList[0]->com.kata.bankaccount.models.Deposit["account"]->com.kata.bankaccount.models.Account["registry"]->java.util.ArrayList[0]->com.kata.bankaccount.models.Deposit["account"]->com.kata.bankaccount.models.Account["registry"]->java.util.ArrayList[0]->com.kata.bankaccount.models.Deposit["account"]->com.kata.bankaccount.models.Account["registry"]->java.util.ArrayList[0]->com.kata.bankaccount.models.Deposit["account"]->com.kata.bankaccount.models.Account["registry"]->java.util.ArrayList[0]->com.kata.bankaccount.models.Deposit["account"]->com.kata.bankaccount.models.Account["registry"]->java.util.ArrayList[0]->com.kata.bankaccount.models.Deposit["account"]->com.kata.bankaccount.models.Account["registry"]->java.util.ArrayList[0]->com.kata.bankaccount.models.Deposit["account"]->com.kata.bankaccount.models.Account["registry"]->java.util.ArrayList[0]->com.kata.bankaccount.models.Deposit["account"]->com.kata.bankaccount.models.Account["registry"]->java.util.ArrayList[0]->com.kata.bankaccount.models.Deposit["account"]->com.kata.bankaccount.models.Account["registry"]->java.util.ArrayList[0]->com.kata.bankaccount.models.Deposit["account"]->com.kata.bankaccount.models.Account["registry"]->java.util.ArrayList[0]->com.kata.bankaccount.models.Deposit["account"]->com.kata.bankaccount.models.Account["registry"]->java.util.ArrayList[0]->com.kata.bankaccount.models.Deposit["account"]->com.kata.bankaccount.models.Account["registry"]->java.util.ArrayList[0]->com.kata.bankaccount.models.Deposit["account"]->com.kata.bankaccount.models.Account["registry"]->java.util.ArrayList[0]->com.kata.bankaccount.models.Deposit["account"]->com.kata.bankaccount.models.Account["registry"]->java.util.ArrayList[0]->com.kata.bankaccount.models.Deposit["account"]->com.kata.bankaccount.models.Account["registry"]->java.util.ArrayList[0]->com.kata.bankaccount.models.Deposit["account"]->com.kata.bankaccount.models.Account["registry"]->java.util.ArrayList[0]->com.kata.bankaccount.models.Deposit["account"]->com.kata.bankaccount.models.Account["registry"]->java.util.ArrayList[0]->com.kata.bankaccount.models.Deposit["account"]->com.kata.bankaccount.models.Account["registry"]->java.util.ArrayList[0]->com.kata.bankaccount.models.Deposit["account"]->com.kata.bankaccount.models.Account["registry"]->java.util.ArrayList[0]->com.kata.bankaccount.models.Deposit["account"]->com.kata.bankaccount.models.Account["registry"]->java.util.ArrayList[0]->com.kata.bankaccount.models.Deposit["account"]->com.kata.bankaccount.models.Account["registry"]->java.util.ArrayList[0]->com.kata.bankaccount.models.Deposit["account"]->com.kata.bankaccount.models.Account["registry"]->java.util.ArrayList[0]->com.kata.bankaccount.models.Deposit["account"]->com.kata.bankaccount.models.Account["registry"]->java.util.ArrayList[0]->com.kata.bankaccount.models.Deposit["account"]->com.kata.bankaccount.models.Account["registry"]->java.util.ArrayList[0]->com.kata.bankaccount.models.Deposit["account"]->com.kata.bankaccount.models.Account["registry"]->java.util.ArrayList[0]->com.kata.bankaccount.models.Deposit["account"]->com.kata.bankaccount.models.Account["registry"]->java.util.ArrayList[0]->com.kata.bankaccount.models.Deposit["account"]->com.kata.bankaccount.models.Account["registry"]->java.util.ArrayList[0]->com.kata.bankaccount.models.Deposit["account"]->com.kata.bankaccount.models.Account["registry"]->java.util.ArrayList[0]->com.kata.bankaccount.models.Deposit["account"]->com.kata.bankaccount.models.Account["registry"]->java.util.ArrayList[0]->com.kata.bankaccount.models.Deposit["account"]->com.kata.bankaccount.models.Account["registry"]->java.util.ArrayList[0]->com.kata.bankaccount.models.Deposit["account"]->com.kata.bankaccount.models.Account["registry"]->java.util.ArrayList[0]->com.kata.bankaccount.models.Deposit["account"]->com.kata.bankaccount.models.Account["registry"]->java.util.ArrayList[0]->com.kata.bankaccount.models.Deposit["account"]->com.kata.bankaccount.models.Account["registry"]->java.util.ArrayList[0]->com.kata.bankaccount.models.Deposit["account"]->com.kata.bankaccount.models.Account["registry"]->java.util.ArrayList[0]->com.kata.bankaccount.models.Deposit["account"]->com.kata.bankaccount.models.Account["registry"]->java.util.ArrayList[0]->com.kata.bankaccount.models.Deposit["account"]->com.kata.bankaccount.models.Account["registry"]->java.util.ArrayList[0]->com.kata.bankaccount.models.Deposit["account"]->com.kata.bankaccount.models.Account["registry"]->java.util.ArrayList[0]->com.kata.bankaccount.models.Deposit["account"]->com.kata.bankaccount.models.Account["registry"]->java.util.ArrayList[0]->com.kata.bankaccount.models.Deposit["account"]->com.kata.bankaccount.models.Account["registry"]->java.util.ArrayList[0]->com.kata.bankaccount.models.Deposit["account"]->com.kata.bankaccount.models.Account["registry"]->java.util.ArrayList[0]->com.kata.bankaccount.models.Deposit["account"]->com.kata.bankaccount.models.Account["registry"]->java.util.ArrayList[0]->com.kata.bankaccount.models.Deposit["account"]->com.kata.bankaccount.models.Account["registry"]->java.util.ArrayList[0]->com.kata.bankaccount.models.Deposit["account"]->com.kata.bankaccount.models.Account["registry"]->java.util.ArrayList[0]->com.kata.bankaccount.models.Deposit["account"]->com.kata.bankaccount.models.Account["registry"]->java.util.ArrayList[0]->com.kata.bankaccount.models.Deposit["account"]->com.kata.bankaccount.models.Account["registry"]->java.util.ArrayList[0]->com.kata.bankaccount.models.Deposit["account"]->com.kata.bankaccount.models.Account["registry"]->java.util.ArrayList[0]->com.kata.bankaccount.models.Deposit["account"]->com.kata.bankaccount.models.Account["registry"]->java.util.ArrayList[0]->com.kata.bankaccount.models.Deposit["account"]->com.kata.bankaccount.models.Account["registry"]->java.util.ArrayList[0]->com.kata.bankaccount.models.Deposit["account"]->com.kata.bankaccount.models.Account["registry"]->java.util.ArrayList[0]->com.kata.bankaccount.models.Deposit["account"]->com.kata.bankaccount.models.Account["registry"]->java.util.ArrayList[0]->com.kata.bankaccount.models.Deposit["account"]->com.kata.bankaccount.models.Account["registry"]->java.util.ArrayList[0]->com.kata.bankaccount.models.Deposit["account"]->com.kata.bankaccount.models.Account["registry"]->java.util.ArrayList[0]->com.kata.bankaccount.models.Deposit["account"]->com.kata.bankaccount.models.Account["registry"]->java.util.ArrayList[0]->com.kata.bankaccount.models.Deposit["account"]->com.kata.bankaccount.models.Account["registry"]->java.util.ArrayList[0]->com.kata.bankaccount.models.Deposit["account"]->com.kata.bankaccount.models.Account["registry"]->java.util.ArrayList[0]->com.kata.bankaccount.models.Deposit["account"]->com.kata.bankaccount.models.Account["registry"]->java.util.ArrayList[0]->com.kata.bankaccount.models.Deposit["account"]->com.kata.bankaccount.models.Account["registry"]->java.util.ArrayList[0]->com.kata.bankaccount.models.Deposit["account"]->com.kata.bankaccount.models.Account["registry"]->java.util.ArrayList[0]->com.kata.bankaccount.models.Deposit["account"]->com.kata.bankaccount.models.Account["registry"]->java.util.ArrayList[0]->com.kata.bankaccount.models.Deposit["account"]->com.kata.bankaccount.models.Account["registry"]->java.util.ArrayList[0]->com.kata.bankaccount.models.Deposit["account"]->com.kata.bankaccount.models.Account["registry"]->java.util.ArrayList[0]->com.kata.bankaccount.models.Deposit["account"]->com.kata.bankaccount.models.Account["registry"]->java.util.ArrayList[0]->com.kata.bankaccount.models.Deposit["account"]->com.kata.bankaccount.models.Account["registry"]->java.util.ArrayList[0]->com.kata.bankaccount.models.Deposit["account"]->com.kata.bankaccount.models.Account["registry"]->java.util.ArrayList[0]->com.kata.bankaccount.models.Deposit["account"]->com.kata.bankaccount.models.Account["registry"]->java.util.ArrayList[0]->com.kata.bankaccount.models.Deposit["account"]->com.kata.bankaccount.models.Account["registry"]->java.util.ArrayList[0]->com.kata.bankaccount.models.Deposit["account"]->com.kata.bankaccount.models.Account["registry"]->java.util.ArrayList[0]->com.kata.bankaccount.models.Deposit["account"]->com.kata.bankaccount.models.Account["registry"]->java.util.ArrayList[0]->com.kata.bankaccount.models.Deposit["account"]->com.kata.bankaccount.models.Account["registry"]->java.util.ArrayList[0]->com.kata.bankaccount.models.Deposit["account"]->com.kata.bankaccount.models.Account["registry"]->java.util.ArrayList[0]->com.kata.bankaccount.models.Deposit["account"]->com.kata.bankaccount.models.Account["registry"]->java.util.ArrayList[0]->com.kata.bankaccount.models.Deposit["account"]->com.kata.bankaccount.models.Account["registry"]->java.util.ArrayList[0]->com.kata.bankaccount.models.Deposit["account"]->com.kata.bankaccount.models.Account["registry"]->java.util.ArrayList[0]->com.kata.bankaccount.models.Deposit["account"]->com.kata.bankaccount.models.Account["registry"]->java.util.ArrayList[0]->com.kata.bankaccount.models.Deposit["account"]->com.kata.bankaccount.models.Account["registry"]->java.util.ArrayList[0]->com.kata.bankaccount.models.Deposit["account"]->com.kata.bankaccount.models.Account["registry"]->java.util.ArrayList[0]->com.kata.bankaccount.models.Deposit["account"]->com.kata.bankaccount.models.Account["registry"]->java.util.ArrayList[0]->com.kata.bankaccount.models.Deposit["account"]->com.kata.bankaccount.models.Account["registry"]->java.util.ArrayList[0]->com.kata.bankaccount.models.Deposit["account"]->com.kata.bankaccount.models.Account["registry"]->java.util.ArrayList[0]->com.kata.bankaccount.models.Deposit["account"]->com.kata.bankaccount.models.Account["registry"]->java.util.ArrayList[0]->com.kata.bankaccount.models.Deposit["account"]->com.kata.bankaccount.models.Account["registry"]->java.util.ArrayList[0]->com.kata.bankaccount.models.Deposit["account"]->com.kata.bankaccount.models.Account["registry"]->java.util.ArrayList[0]->com.kata.bankaccount.models.Deposit["account"]->com.kata.bankaccount.models.Account["registry"]->java.util.ArrayList[0]->com.kata.bankaccount.models.Deposit["account"]->com.kata.bankaccount.models.Account["registry"]->java.util.ArrayList[0]->com.kata.bankaccount.models.Deposit["account"]->com.kata.bankaccount.models.Account["registry"]->java.util.ArrayList[0]->com.kata.bankaccount.models.Deposit["account"]->com.kata.bankaccount.models.Account["registry"]->java.util.ArrayList[0]->com.kata.bankaccount.models.Deposit["account"]->com.kata.bankaccount.models.Account["registry"]->java.util.ArrayList[0]->com.kata.bankaccount.models.Deposit["account"]->com.kata.bankaccount.models.Account["registry"]->java.util.ArrayList[0]->com.kata.bankaccount.models.Deposit["account"]->com.kata.bankaccount.models.Account["registry"]->java.util.ArrayList[0]->com.kata.bankaccount.models.Deposit["account"]->com.kata.bankaccount.models.Account["registry"]->java.util.ArrayList[0]->com.kata.bankaccount.models.Deposit["account"]->com.kata.bankaccount.models.Account["registry"]->java.util.ArrayList[0]->com.kata.bankaccount.models.Deposit["account"]->com.kata.bankaccount.models.Account["registry"]->java.util.ArrayList[0]->com.kata.bankaccount.models.Deposit["account"]->com.kata.bankaccount.models.Account["registry"]->java.util.ArrayList[0]->com.kata.bankaccount.models.Deposit["account"]->com.kata.bankaccount.models.Account["registry"]->java.util.ArrayList[0]->com.kata.bankaccount.models.Deposit["account"]->com.kata.bankaccount.models.Account["registry"]->java.util.ArrayList[0]->com.kata.bankaccount.models.Deposit["account"]->com.kata.bankaccount.models.Account["registry"]->java.util.ArrayList[0]->com.kata.bankaccount.models.Deposit["account"]->com.kata.bankaccount.models.Account["registry"]->java.util.ArrayList[0]->com.kata.bankaccount.models.Deposit["account"]->com.kata.bankaccount.models.Account["registry"]->java.util.ArrayList[0]->com.kata.bankaccount.models.Deposit["account"]->com.kata.bankaccount.models.Account["registry"]->java.util.ArrayList[0]->com.kata.bankaccount.models.Deposit["account"]->com.kata.bankaccount.models.Account["registry"]->java.util.ArrayList[0]->com.kata.bankaccount.models.Deposit["account"]->com.kata.bankaccount.models.Account["registry"]->java.util.ArrayList[0]->com.kata.bankaccount.models.Deposit["account"]->com.kata.bankaccount.models.Account["registry"]->java.util.ArrayList[0]->com.kata.bankaccount.models.Deposit["account"]->com.kata.bankaccount.models.Account["registry"]->java.util.ArrayList[0]->com.kata.bankaccount.models.Deposit["account"]->com.kata.bankaccount.models.Account["registry"]->java.util.ArrayList[0]->com.kata.bankaccount.models.Deposit["account"]->com.kata.bankaccount.models.Account["registry"]->java.util.ArrayList[0]->com.kata.bankaccount.models.Deposit["account"]->com.kata.bankaccount.models.Account["registry"]->java.util.ArrayList[0]->com.kata.bankaccount.models.Deposit["account"]->com.kata.bankaccount.models.Account["registry"]->java.util.ArrayList[0]->com.kata.bankaccount.models.Deposit["account"]->com.kata.bankaccount.models.Account["registry"]->java.util.ArrayList[0]->com.kata.bankaccount.models.Deposit["account"]->com.kata.bankaccount.models.Account["registry"]->java.util.ArrayList[0]->com.kata.bankaccount.models.Deposit["account"]->com.kata.bankaccount.models.Account["registry"]->java.util.ArrayList[0]->com.kata.bankaccount.models.Deposit["account"]->com.kata.bankaccount.models.Account["registry"]->java.util.ArrayList[0]->com.kata.bankaccount.models.Deposit["account"]->com.kata.bankaccount.models.Account["registry"]->java.util.ArrayList[0]->com.kata.bankaccount.models.Deposit["account"]->com.kata.bankaccount.models.Account["registry"]->java.util.ArrayList[0]->com.kata.bankaccount.models.Deposit["account"]->com.kata.bankaccount.models.Account["registry"]->java.util.ArrayList[0]->com.kata.bankaccount.models.Deposit["account"]->com.kata.bankaccount.models.Account["registry"]->java.util.ArrayList[0]->com.kata.bankaccount.models.Deposit["account"]->com.kata.bankaccount.models.Account["registry"]->java.util.ArrayList[0]->com.kata.bankaccount.models.Deposit["account"]->com.kata.bankaccount.models.Account["registry"]->java.util.ArrayList[0]->com.kata.bankaccount.models.Deposit["account"]->com.kata.bankaccount.models.Account["registry"]->java.util.ArrayList[0]->com.kata.bankaccount.models.Deposit["account"]->com.kata.bankaccount.models.Account["registry"]->java.util.ArrayList[0]->com.kata.bankaccount.models.Deposit["account"]->com.kata.bankaccount.models.Account["registry"]->java.util.ArrayList[0]->com.kata.bankaccount.models.Deposit["account"]->com.kata.bankaccount.models.Account["registry"]->java.util.ArrayList[0]->com.kata.bankaccount.models.Deposit["account"]->com.kata.bankaccount.models.Account["registry"]->java.util.ArrayList[0]->com.kata.bankaccount.models.Deposit["account"]->com.kata.bankaccount.models.Account["registry"]->java.util.ArrayList[0]->com.kata.bankaccount.models.Deposit["account"]->com.kata.bankaccount.models.Account["registry"]->java.util.ArrayList[0]->com.kata.bankaccount.models.Deposit["account"]->com.kata.bankaccount.models.Account["registry"]->java.util.ArrayList[0]->com.kata.bankaccount.models.Deposit["account"]->com.kata.bankaccount.models.Account["registry"]->java.util.ArrayList[0]->com.kata.bankaccount.models.Deposit["account"]->com.kata.bankaccount.models.Account["registry"]->java.util.ArrayList[0]->com.kata.bankaccount.models.Deposit["account"]->com.kata.bankaccount.models.Account["registry"]->java.util.ArrayList[0]->com.kata.bankaccount.models.Deposit["account"]->com.kata.bankaccount.models.Account["registry"]->java.util.ArrayList[0]->com.kata.bankaccount.models.Deposit["account"]->com.kata.bankaccount.models.Account["registry"]->java.util.ArrayList[0]->com.kata.bankaccount.models.Deposit["account"]->com.kata.bankaccount.models.Account["registry"]->java.util.ArrayList[0]->com.kata.bankaccount.models.Deposit["account"]->com.kata.bankaccount.models.Account["registry"]->java.util.ArrayList[0]->com.kata.bankaccount.models.Deposit["account"]->com.kata.bankaccount.models.Account["registry"]->java.util.ArrayList[0]->com.kata.bankaccount.models.Deposit["account"]->com.kata.bankaccount.models.Account["registry"]->java.util.ArrayList[0]->com.kata.bankaccount.models.Deposit["account"]->com.kata.bankaccount.models.Account["registry"]->java.util.ArrayList[0]->com.kata.bankaccount.models.Deposit["account"]->com.kata.bankaccount.models.Account["registry"]->java.util.ArrayList[0]->com.kata.bankaccount.models.Deposit["account"]->com.kata.bankaccount.models.Account["registry"]->java.util.ArrayList[0]->com.kata.bankaccount.models.Deposit["account"]->com.kata.bankaccount.models.Account["registry"]->java.util.ArrayList[0]->com.kata.bankaccount.models.Deposit["account"]->com.kata.bankaccount.models.Account["registry"]->java.util.ArrayList[0]->com.kata.bankaccount.models.Deposit["account"]->com.kata.bankaccount.models.Account["registry"]->java.util.ArrayList[0]->com.kata.bankaccount.models.Deposit["account"]->com.kata.bankaccount.models.Account["registry"]->java.util.ArrayList[0]->com.kata.bankaccount.models.Deposit["account"]->com.kata.bankaccount.models.Account["registry"]->java.util.ArrayList[0]->com.kata.bankaccount.models.Deposit["account"]->com.kata.bankaccount.models.Account["registry"]->java.util.ArrayList[0]->com.kata.bankaccount.models.Deposit["account"]->com.kata.bankaccount.models.Account["registry"]->java.util.ArrayList[0]->com.kata.bankaccount.models.Deposit["account"]->com.kata.bankaccount.models.Account["registry"]->java.util.ArrayList[0]->com.kata.bankaccount.models.Deposit["account"]->com.kata.bankaccount.models.Account["registry"]->java.util.ArrayList[0]->com.kata.bankaccount.models.Deposit["account"]->com.kata.bankaccount.models.Account["registry"]->java.util.ArrayList[0]->com.kata.bankaccount.models.Deposit["account"]->com.kata.bankaccount.models.Account["registry"]->java.util.ArrayList[0]->com.kata.bankaccount.models.Deposit["account"]->com.kata.bankaccount.models.Account["registry"]->java.util.ArrayList[0]->com.kata.bankaccount.models.Deposit["account"]->com.kata.bankaccount.models.Account["registry"]->java.util.ArrayList[0]->com.kata.bankaccount.models.Deposit["account"]->com.kata.bankaccount.models.Account["registry"]->java.util.ArrayList[0]->com.kata.bankaccount.models.Deposit["account"]->com.kata.bankaccount.models.Account["registry"]->java.util.ArrayList[0]->com.kata.bankaccount.models.Deposit["account"]->com.kata.bankaccount.models.Account["registry"]->java.util.ArrayList[0]->com.kata.bankaccount.models.Deposit["account"]->com.kata.bankaccount.models.Account["registry"]->java.util.ArrayList[0]->com.kata.bankaccount.models.Deposit["account"]->com.kata.bankaccount.models.Account["registry"]->java.util.ArrayList[0]->com.kata.bankaccount.models.Deposit["account"]->com.kata.bankaccount.models.Account["registry"]->java.util.ArrayList[0]->com.kata.bankaccount.models.Deposit["account"]->com.kata.bankaccount.models.Account["registry"]->java.util.ArrayList[0]->com.kata.bankaccount.models.Deposit["account"]->com.kata.bankaccount.models.Account["registry"]->java.util.ArrayList[0]->com.kata.bankaccount.models.Deposit["account"]->com.kata.bankaccount.models.Account["registry"]->java.util.ArrayList[0]->com.kata.bankaccount.models.Deposit["account"]->com.kata.bankaccount.models.Account["registry"]->java.util.ArrayList[0]->com.kata.bankaccount.models.Deposit["account"]->com.kata.bankaccount.models.Account["registry"]->java.util.ArrayList[0]->com.kata.bankaccount.models.Deposit["account"]->com.kata.bankaccount.models.Account["registry"]->java.util.ArrayList[0]->com.kata.bankaccount.models.Deposit["account"]->com.kata.bankaccount.models.Account["registry"]->java.util.ArrayList[0]->com.kata.bankaccount.models.Deposit["account"]->com.kata.bankaccount.models.Account["registry"]->java.util.ArrayList[0]->com.kata.bankaccount.models.Deposit["account"]->com.kata.bankaccount.models.Account["registry"]->java.util.ArrayList[0]->com.kata.bankaccount.models.Deposit["account"]->com.kata.bankaccount.models.Account["registry"]->java.util.ArrayList[0]->com.kata.bankaccount.models.Deposit["account"]->com.kata.bankaccount.models.Account["registry"]->java.util.ArrayList[0]->com.kata.bankaccount.models.Deposit["account"]->com.kata.bankaccount.models.Account["registry"]->java.util.ArrayList[0]->com.kata.bankaccount.models.Deposit["account"]->com.kata.bankaccount.models.Account["registry"]->java.util.ArrayList[0]->com.kata.bankaccount.models.Deposit["account"]->com.kata.bankaccount.models.Account["registry"]->java.util.ArrayList[0]->com.kata.bankaccount.models.Deposit["account"]->com.kata.bankaccount.models.Account["registry"]->java.util.ArrayList[0]->com.kata.bankaccount.models.Deposit["account"]->com.kata.bankaccount.models.Account["registry"]->java.util.ArrayList[0]->com.kata.bankaccount.models.Deposit["account"]->com.kata.bankaccount.models.Account["registry"]->java.util.ArrayList[0]->com.kata.bankaccount.models.Deposit["account"]->com.kata.bankaccount.models.Account["registry"]->java.util.ArrayList[0]->com.kata.bankaccount.models.Deposit["account"]->com.kata.bankaccount.models.Account["registry"]->java.util.ArrayList[0]->com.kata.bankaccount.models.Deposit["account"]->com.kata.bankaccount.models.Account["registry"]->java.util.ArrayList[0]->com.kata.bankaccount.models.Deposit["account"]->com.kata.bankaccount.models.Account["registry"]->java.util.ArrayList[0]->com.kata.bankaccount.models.Deposit["account"]->com.kata.bankaccount.models.Account["registry"]->java.util.ArrayList[0]->com.kata.bankaccount.models.Deposit["account"]->com.kata.bankaccount.models.Account["registry"]->java.util.ArrayList[0]->com.kata.bankaccount.models.Deposit["account"]->com.kata.bankaccount.models.Account["registry"]->java.util.ArrayList[0]->com.kata.bankaccount.models.Deposit["account"]->com.kata.bankaccount.models.Account["registry"]->java.util.ArrayList[0]->com.kata.bankaccount.models.Deposit["account"]->com.kata.bankaccount.models.Account["registry"]->java.util.ArrayList[0]->com.kata.bankaccount.models.Deposit["account"]->com.kata.bankaccount.models.Account["registry"]->java.util.ArrayList[0]->com.kata.bankaccount.models.Deposit["account"]->com.kata.bankaccount.models.Account["registry"]->java.util.ArrayList[0]->com.kata.bankaccount.models.Deposit["account"]->com.kata.bankaccount.models.Account["registry"]->java.util.ArrayList[0]->com.kata.bankaccount.models.Deposit["account"]->com.kata.bankaccount.models.Account["registry"]->java.util.ArrayList[0]->com.kata.bankaccount.models.Deposit["account"]->com.kata.bankaccount.models.Account["registry"]->java.util.ArrayList[0]->com.kata.bankaccount.models.Deposit["account"]->com.kata.bankaccount.models.Account["registry"]->java.util.ArrayList[0]->com.kata.bankaccount.models.Deposit["account"]->com.kata.bankaccount.models.Account["registry"]->java.util.ArrayList[0]->com.kata.bankaccount.models.Deposit["account"]->com.kata.bankaccount.models.Account["registry"]->java.util.ArrayList[0]->com.kata.bankaccount.models.Deposit["account"]->com.kata.bankaccount.models.Account["registry"]->java.util.ArrayList[0]->com.kata.bankaccount.models.Deposit["account"]->com.kata.bankaccount.models.Account["registry"]->java.util.ArrayList[0]->com.kata.bankaccount.models.Deposit["account"]->com.kata.bankaccount.models.Account["registry"]->java.util.ArrayList[0]->com.kata.bankaccount.models.Deposit["account"]->com.kata.bankaccount.models.Account["registry"]->java.util.ArrayList[0]->com.kata.bankaccount.models.Deposit["account"]->com.kata.bankaccount.models.Account["registry"]->java.util.ArrayList[0]->com.kata.bankaccount.models.Deposit["account"]->com.kata.bankaccount.models.Account["registry"]->java.util.ArrayList[0]->com.kata.bankaccount.models.Deposit["account"]->com.kata.bankaccount.models.Account["registry"]->java.util.ArrayList[0]->com.kata.bankaccount.models.Deposit["account"]->com.kata.bankaccount.models.Account["registry"]->java.util.ArrayList[0]->com.kata.bankaccount.models.Deposit["account"]->com.kata.bankaccount.models.Account["registry"]->java.util.ArrayList[0]->com.kata.bankaccount.models.Deposit["account"]->com.kata.bankaccount.models.Account["registry"]->java.util.ArrayList[0]->com.kata.bankaccount.models.Deposit["account"]->com.kata.bankaccount.models.Account["registry"]->java.util.ArrayList[0]->com.kata.bankaccount.models.Deposit["account"]->com.kata.bankaccount.models.Account["registry"]->java.util.ArrayList[0]->com.kata.bankaccount.models.Deposit["account"]->com.kata.bankaccount.models.Account["registry"]->java.util.ArrayList[0]->com.kata.bankaccount.models.Deposit["account"]->com.kata.bankaccount.models.Account["registry"]->java.util.ArrayList[0]->com.kata.bankaccount.models.Deposit["account"]->com.kata.bankaccount.models.Account["registry"]->java.util.ArrayList[0]->com.kata.bankaccount.models.Deposit["account"]->com.kata.bankaccount.models.Account["registry"]->java.util.ArrayList[0]->com.kata.bankaccount.models.Deposit["account"]->com.kata.bankaccount.models.Account["registry"]->java.util.ArrayList[0]->com.kata.bankaccount.models.Deposit["account"]->com.kata.bankaccount.models.Account["registry"]->java.util.ArrayList[0]->com.kata.bankaccount.models.Deposit["account"]->com.kata.bankaccount.models.Account["registry"]->java.util.ArrayList[0]->com.kata.bankaccount.models.Deposit["account"]->com.kata.bankaccount.models.Account["registry"]->java.util.ArrayList[0]->com.kata.bankaccount.models.Deposit["account"]->com.kata.bankaccount.models.Account["registry"]->java.util.ArrayList[0]->com.kata.bankaccount.models.Deposit["account"]->com.kata.bankaccount.models.Account["registry"])
Caused by: java.lang.StackOverflowError

