<?xml version="1.0" encoding="UTF-8"?>
<testsuite xmlns:xsi="http://www.w3.org/2001/XMLSchema-instance" xsi:noNamespaceSchemaLocation="https://maven.apache.org/surefire/maven-surefire-plugin/xsd/surefire-test-report.xsd" name="com.kata.bankaccount.AccountServiceTests" time="3.025" tests="3" errors="0" skipped="0" failures="0">
  <properties>
[...]
</properties>
  <testcase name="printStatement" classname="com.kata.bankaccount.AccountServiceTests" time="0.411"/>
  <testcase name="deposit" classname="com.kata.bankaccount.AccountServiceTests" time="0.009"/>
  <testcase name="withDrawal" classname="com.kata.bankaccount.AccountServiceTests" time="0.006"/>
</testsuite>