<?xml version="1.0" encoding="UTF-8"?>
<testsuite xmlns:xsi="http://www.w3.org/2001/XMLSchema-instance" xsi:noNamespaceSchemaLocation="https://maven.apache.org/surefire/maven-surefire-plugin/xsd/surefire-test-report.xsd" name="com.kata.bankaccount.AccountControllerTests" time="4.65" tests="2" errors="1" skipped="0" failures="0">
  <properties>
[...]
</properties>
  <testcase name="testPrintStatement" classname="com.kata.bankaccount.AccountControllerTests" time="0.274">
    <error message="Could not write JSON: Infinite recursion (StackOverflowError); nested exception is com.fasterxml.jackson.databind.JsonMappingException: Infinite recursion (StackOverflowError) (through reference chain: com.kata.bankaccount.models.Account[&quot;registry&quot;]-&gt;java.util.ArrayList[0]-&gt;com.kata.bankaccount.models.Deposit[&quot;account&quot;]-&gt;com.kata.bankaccount.models.Account[&quot;registry&quot;]-&gt;java.util.ArrayList[0]-&gt;com.kata.bankaccount.models.Deposit[&quot;account&quot;]-&gt;com.kata.bankaccount.models.Account[&quot;registry&quot;]-&gt;java.util.ArrayList[0]-&gt;com.kata.bankaccount.models.Deposit[&quot;account&quot;]-&gt;com.kata.bankaccount.models.Account[&quot;registry&quot;]-&gt;java.util.ArrayList[0]-&gt;com.kata.bankaccount.models.Deposit[&quot;account&quot;]-&gt;com.kata.bankaccount.models.Account[&quot;registry&quot;]-&gt;java.util.ArrayList[0]-&gt;com.kata.bankaccount.models.Deposit[&quot;account&quot;]-&gt;com.kata.bankaccount.models.Account[&quot;registry&quot;]-&gt;java.util.ArrayList[0]-&gt;com.kata.bankaccount.models.Deposit[&quot;account&quot;]-&gt;com.kata.bankaccount.models.Account[&quot;registry&quot;]-&gt;java.util.ArrayList[0]-&gt;com.kata.bankaccount.models.Deposit[&quot;account&quot;]-&gt;com.kata.bankaccount.models.Account[&quot;registry&quot;]-&gt;java.util.ArrayList[0]-&gt;com.kata.bankaccount.models.Deposit[&quot;account&quot;]-&gt;com.kata.bankaccount.models.Account[&quot;registry&quot;]-&gt;java.util.ArrayList[0]-&gt;com.kata.bankaccount.models.Deposit[&quot;account&quot;]-&gt;com.kata.bankaccount.models.Account[&quot;registry&quot;]-&gt;java.util.ArrayList[0]-&gt;com.kata.bankaccount.models.Deposit[&quot;account&quot;]-&gt;com.kata.bankaccount.models.Account[&quot;registry&quot;]-&gt;java.util.ArrayList[0]-&gt;com.kata.bankaccount.models.Deposit[&quot;account&quot;]-&gt;com.kata.bankaccount.models.Account[&quot;registry&quot;]-&gt;java.util.ArrayList[0]-&gt;com.kata.bankaccount.models.Deposit[&quot;account&quot;]-&gt;com.kata.bankaccount.models.Account[&quot;registry&quot;]-&gt;java.util.ArrayList[0]-&gt;com.kata.bankaccount.models.Deposit[&quot;account&quot;]-&gt;com.kata.bankaccount.models.Account[&quot;registry&quot;]-&gt;java.util.ArrayList[0]-&gt;com.kata.bankaccount.models.Deposit[&quot;account&quot;]-&gt;com.kata.bankaccount.models.Account[&quot;registry&quot;]-&gt;java.util.ArrayList[0]-&gt;com.kata.bankaccount.models.Deposit[&quot;account&quot;]-&gt;com.kata.bankaccount.models.Account[&quot;registry&quot;]-&gt;java.util.ArrayList[0]-&gt;com.kata.bankaccount.models.Deposit[&quot;account&quot;]-&gt;com.kata.bankaccount.models.Account[&quot;registry&quot;]-&gt;java.util.ArrayList[0]-&gt;com.kata.bankaccount.models.Deposit[&quot;account&quot;]-&gt;com.kata.bankaccount.models.Account[&quot;registry&quot;]-&gt;java.util.ArrayList[0]-&gt;com.kata.bankaccount.models.Deposit[&quot;account&quot;]-&gt;com.kata.bankaccount.models.Account[&quot;registry&quot;]-&gt;java.util.ArrayList[0]-&gt;com.kata.bankaccount.models.Deposit[&quot;account&quot;]-&gt;com.kata.bankaccount.models.Account[&quot;registry&quot;]-&gt;java.util.ArrayList[0]-&gt;com.kata.bankaccount.models.Deposit[&quot;account&quot;]-&gt;com.kata.bankaccount.models.Account[&quot;registry&quot;]-&gt;java.util.ArrayList[0]-&gt;com.kata.bankaccount.models.Deposit[&quot;account&quot;]-&gt;com.kata.bankaccount.models.Account[&quot;registry&quot;]-&gt;java.util.ArrayList[0]-&gt;com.kata.bankaccount.models.Deposit[&quot;account&quot;]-&gt;com.kata.bankaccount.models.Account[&quot;registry&quot;]-&gt;java.util.ArrayList[0]-&gt;com.kata.bankaccount.models.Deposit[&quot;account&quot;]-&gt;com.kata.bankaccount.models.Account[&quot;registry&quot;]-&gt;java.util.ArrayList[0]-&gt;com.kata.bankaccount.models.Deposit[&quot;account&quot;]-&gt;com.kata.bankaccount.models.Account[&quot;registry&quot;]-&gt;java.util.ArrayList[0]-&gt;com.kata.bankaccount.models.Deposit[&quot;account&quot;]-&gt;com.kata.bankaccount.models.Account[&quot;registry&quot;]-&gt;java.util.ArrayList[0]-&gt;com.kata.bankaccount.models.Deposit[&quot;account&quot;]-&gt;com.kata.bankaccount.models.Account[&quot;registry&quot;]-&gt;java.util.ArrayList[0]-&gt;com.kata.bankaccount.models.Deposit[&quot;account&quot;]-&gt;com.kata.bankaccount.models.Account[&quot;registry&quot;]-&gt;java.util.ArrayList[0]-&gt;com.kata.bankaccount.models.Deposit[&quot;account&quot;]-&gt;com.kata.bankaccount.models.Account[&quot;registry&quot;]-&gt;java.util.ArrayList[0]-&gt;com.kata.bankaccount.models.Deposit[&quot;account&quot;]-&gt;com.kata.bankaccount.models.Account[&quot;registry&quot;]-&gt;java.util.ArrayList[0]-&gt;com.kata.bankaccount.models.Deposit[&quot;account&quot;]-&gt;com.kata.bankaccount.models.Account[&quot;registry&quot;]-&gt;java.util.ArrayList[0]-&gt;com.kata.bankaccount.models.Deposit[&quot;account&quot;]-&gt;com.kata.bankaccount.models.Account[&quot;registry&quot;]-&gt;java.util.ArrayList[0]-&gt;com.kata.bankaccount.models.Deposit[&quot;account&quot;]-&gt;com.kata.bankaccount.models.Account[&quot;registry&quot;]-&gt;java.util.ArrayList[0]-&gt;com.kata.bankaccount.models.Deposit[&quot;account&quot;]-&gt;com.kata.bankaccount.models.Account[&quot;registry&quot;]-&gt;java.util.ArrayList[0]-&gt;com.kata.bankaccount.models.Deposit[&quot;account&quot;]-&gt;com.kata.bankaccount.models.Account[&quot;registry&quot;]-&gt;java.util.ArrayList[0]-&gt;com.kata.bankaccount.models.Deposit[&quot;account&quot;]-&gt;com.kata.bankaccount.models.Account[&quot;registry&quot;]-&gt;java.util.ArrayList[0]-&gt;com.kata.bankaccount.models.Deposit[&quot;account&quot;]-&gt;com.kata.bankaccount.models.Account[&quot;registry&quot;]-&gt;java.util.ArrayList[0]-&gt;com.kata.bankaccount.models.Deposit[&quot;account&quot;]-&gt;com.kata.bankaccount.models.Account[&quot;registry&quot;]-&gt;java.util.ArrayList[0]-&gt;com.kata.bankaccount.models.Deposit[&quot;account&quot;]-&gt;com.kata.bankaccount.models.Account[&quot;registry&quot;]-&gt;java.util.ArrayList[0]-&gt;com.kata.bankaccount.models.Deposit[&quot;account&quot;]-&gt;com.kata.bankaccount.models.Account[&quot;registry&quot;]-&gt;java.util.ArrayList[0]-&gt;com.kata.bankaccount.models.Deposit[&quot;account&quot;]-&gt;com.kata.bankaccount.models.Account[&quot;registry&quot;]-&gt;java.util.ArrayList[0]-&gt;com.kata.bankaccount.models.Deposit[&quot;account&quot;]-&gt;com.kata.bankaccount.models.Account[&quot;registry&quot;]-&gt;java.util.ArrayList[0]-&gt;com.kata.bankaccount.models.Deposit[&quot;account&quot;]-&gt;com.kata.bankaccount.models.Account[&quot;registry&quot;]-&gt;java.util.ArrayList[0]-&gt;com.kata.bankaccount.models.Deposit[&quot;account&quot;]-&gt;com.kata.bankaccount.models.Account[&quot;registry&quot;]-&gt;java.util.ArrayList[0]-&gt;com.kata.bankaccount.models.Deposit[&quot;account&quot;]-&gt;com.kata.bankaccount.models.Account[&quot;registry&quot;]-&gt;java.util.ArrayList[0]-&gt;com.kata.bankaccount.models.Deposit[&quot;account&quot;]-&gt;com.kata.bankaccount.models.Account[&quot;registry&quot;]-&gt;java.util.ArrayList[0]-&gt;com.kata.bankaccount.models.Deposit[&quot;account&quot;]-&gt;com.kata.bankaccount.models.Account[&quot;registry&quot;]-&gt;java.util.ArrayList[0]-&gt;com.kata.bankaccount.models.Deposit[&quot;account&quot;]-&gt;com.kata.bankaccount.models.Account[&quot;registry&quot;]-&gt;java.util.ArrayList[0]-&gt;com.kata.bankaccount.models.Deposit[&quot;account&quot;]-&gt;com.kata.bankaccount.models.Account[&quot;registry&quot;]-&gt;java.util.ArrayList[0]-&gt;com.kata.bankaccount.models.Deposit[&quot;account&quot;]-&gt;com.kata.bankaccount.models.Account[&quot;registry&quot;]-&gt;java.util.ArrayList[0]-&gt;com.kata.bankaccount.models.Deposit[&quot;account&quot;]-&gt;com.kata.bankaccount.models.Account[&quot;registry&quot;]-&gt;java.util.ArrayList[0]-&gt;com.kata.bankaccount.models.Deposit[&quot;account&quot;]-&gt;com.kata.bankaccount.models.Account[&quot;registry&quot;]-&gt;java.util.ArrayList[0]-&gt;com.kata.bankaccount.models.Deposit[&quot;account&quot;]-&gt;com.kata.bankaccount.models.Account[&quot;registry&quot;]-&gt;java.util.ArrayList[0]-&gt;com.kata.bankaccount.models.Deposit[&quot;account&quot;]-&gt;com.kata.bankaccount.models.Account[&quot;registry&quot;]-&gt;java.util.ArrayList[0]-&gt;com.kata.bankaccount.models.Deposit[&quot;account&quot;]-&gt;com.kata.bankaccount.models.Account[&quot;registry&quot;]-&gt;java.util.ArrayList[0]-&gt;com.kata.bankaccount.models.Deposit[&quot;account&quot;]-&gt;com.kata.bankaccount.models.Account[&quot;registry&quot;]-&gt;java.util.ArrayList[0]-&gt;com.kata.bankaccount.models.Deposit[&quot;account&quot;]-&gt;com.kata.bankaccount.models.Account[&quot;registry&quot;]-&gt;java.util.ArrayList[0]-&gt;com.kata.bankaccount.models.Deposit[&quot;account&quot;]-&gt;com.kata.bankaccount.models.Account[&quot;registry&quot;]-&gt;java.util.ArrayList[0]-&gt;com.kata.bankaccount.models.Deposit[&quot;account&quot;]-&gt;com.kata.bankaccount.models.Account[&quot;registry&quot;]-&gt;java.util.ArrayList[0]-&gt;com.kata.bankaccount.models.Deposit[&quot;account&quot;]-&gt;com.kata.bankaccount.models.Account[&quot;registry&quot;]-&gt;java.util.ArrayList[0]-&gt;com.kata.bankaccount.models.Deposit[&quot;account&quot;]-&gt;com.kata.bankaccount.models.Account[&quot;registry&quot;]-&gt;java.util.ArrayList[0]-&gt;com.kata.bankaccount.models.Deposit[&quot;account&quot;]-&gt;com.kata.bankaccount.models.Account[&quot;registry&quot;]-&gt;java.util.ArrayList[0]-&gt;com.kata.bankaccount.models.Deposit[&quot;account&quot;]-&gt;com.kata.bankaccount.models.Account[&quot;registry&quot;]-&gt;java.util.ArrayList[0]-&gt;com.kata.bankaccount.models.Deposit[&quot;account&quot;]-&gt;com.kata.bankaccount.models.Account[&quot;registry&quot;]-&gt;java.util.ArrayList[0]-&gt;com.kata.bankaccount.models.Deposit[&quot;account&quot;]-&gt;com.kata.bankaccount.models.Account[&quot;registry&quot;]-&gt;java.util.ArrayList[0]-&gt;com.kata.bankaccount.models.Deposit[&quot;account&quot;]-&gt;com.kata.bankaccount.models.Account[&quot;registry&quot;]-&gt;java.util.ArrayList[0]-&gt;com.kata.bankaccount.models.Deposit[&quot;account&quot;]-&gt;com.kata.bankaccount.models.Account[&quot;registry&quot;]-&gt;java.util.ArrayList[0]-&gt;com.kata.bankaccount.models.Deposit[&quot;account&quot;]-&gt;com.kata.bankaccount.models.Account[&quot;registry&quot;]-&gt;java.util.ArrayList[0]-&gt;com.kata.bankaccount.models.Deposit[&quot;account&quot;]-&gt;com.kata.bankaccount.models.Account[&quot;registry&quot;]-&gt;java.util.ArrayList[0]-&gt;com.kata.bankaccount.models.Deposit[&quot;account&quot;]-&gt;com.kata.bankaccount.models.Account[&quot;registry&quot;]-&gt;java.util.ArrayList[0]-&gt;com.kata.bankaccount.models.Deposit[&quot;account&quot;]-&gt;com.kata.bankaccount.models.Account[&quot;registry&quot;]-&gt;java.util.ArrayList[0]-&gt;com.kata.bankaccount.models.Deposit[&quot;account&quot;]-&gt;com.kata.bankaccount.models.Account[&quot;registry&quot;]-&gt;java.util.ArrayList[0]-&gt;com.kata.bankaccount.models.Deposit[&quot;account&quot;]-&gt;com.kata.bankaccount.models.Account[&quot;registry&quot;]-&gt;java.util.ArrayList[0]-&gt;com.kata.bankaccount.models.Deposit[&quot;account&quot;]-&gt;com.kata.bankaccount.models.Account[&quot;registry&quot;]-&gt;java.util.ArrayList[0]-&gt;com.kata.bankaccount.models.Deposit[&quot;account&quot;]-&gt;com.kata.bankaccount.models.Account[&quot;registry&quot;]-&gt;java.util.ArrayList[0]-&gt;com.kata.bankaccount.models.Deposit[&quot;account&quot;]-&gt;com.kata.bankaccount.models.Account[&quot;registry&quot;]-&gt;java.util.ArrayList[0]-&gt;com.kata.bankaccount.models.Deposit[&quot;account&quot;]-&gt;com.kata.bankaccount.models.Account[&quot;registry&quot;]-&gt;java.util.ArrayList[0]-&gt;com.kata.bankaccount.models.Deposit[&quot;account&quot;]-&gt;com.kata.bankaccount.models.Account[&quot;registry&quot;]-&gt;java.util.ArrayList[0]-&gt;com.kata.bankaccount.models.Deposit[&quot;account&quot;]-&gt;com.kata.bankaccount.models.Account[&quot;registry&quot;]-&gt;java.util.ArrayList[0]-&gt;com.kata.bankaccount.models.Deposit[&quot;account&quot;]-&gt;com.kata.bankaccount.models.Account[&quot;registry&quot;]-&gt;java.util.ArrayList[0]-&gt;com.kata.bankaccount.models.Deposit[&quot;account&quot;]-&gt;com.kata.bankaccount.models.Account[&quot;registry&quot;]-&gt;java.util.ArrayList[0]-&gt;com.kata.bankaccount.models.Deposit[&quot;account&quot;]-&gt;com.kata.bankaccount.models.Account[&quot;registry&quot;]-&gt;java.util.ArrayList[0]-&gt;com.kata.bankaccount.models.Deposit[&quot;account&quot;]-&gt;com.kata.bankaccount.models.Account[&quot;registry&quot;]-&gt;java.util.ArrayList[0]-&gt;com.kata.bankaccount.models.Deposit[&quot;account&quot;]-&gt;com.kata.bankaccount.models.Account[&quot;registry&quot;]-&gt;java.util.ArrayList[0]-&gt;com.kata.bankaccount.models.Deposit[&quot;account&quot;]-&gt;com.kata.bankaccount.models.Account[&quot;registry&quot;]-&gt;java.util.ArrayList[0]-&gt;com.kata.bankaccount.models.Deposit[&quot;account&quot;]-&gt;com.kata.bankaccount.models.Account[&quot;registry&quot;]-&gt;java.util.ArrayList[0]-&gt;com.kata.bankaccount.models.Deposit[&quot;account&quot;]-&gt;com.kata.bankaccount.models.Account[&quot;registry&quot;]-&gt;java.util.ArrayList[0]-&gt;com.kata.bankaccount.models.Deposit[&quot;account&quot;]-&gt;com.kata.bankaccount.models.Account[&quot;registry&quot;]-&gt;java.util.ArrayList[0]-&gt;com.kata.bankaccount.models.Deposit[&quot;account&quot;]-&gt;com.kata.bankaccount.models.Account[&quot;registry&quot;]-&gt;java.util.ArrayList[0]-&gt;com.kata.bankaccount.models.Deposit[&quot;account&quot;]-&gt;com.kata.bankaccount.models.Account[&quot;registry&quot;]-&gt;java.util.ArrayList[0]-&gt;com.kata.bankaccount.models.Deposit[&quot;account&quot;]-&gt;com.kata.bankaccount.models.Account[&quot;registry&quot;]-&gt;java.util.ArrayList[0]-&gt;com.kata.bankaccount.models.Deposit[&quot;account&quot;]-&gt;com.kata.bankaccount.models.Account[&quot;registry&quot;]-&gt;java.util.ArrayList[0]-&gt;com.kata.bankaccount.models.Deposit[&quot;account&quot;]-&gt;com.kata.bankaccount.models.Account[&quot;registry&quot;]-&gt;java.util.ArrayList[0]-&gt;com.kata.bankaccount.models.Deposit[&quot;account&quot;]-&gt;com.kata.bankaccount.models.Account[&quot;registry&quot;]-&gt;java.util.ArrayList[0]-&gt;com.kata.bankaccount.models.Deposit[&quot;account&quot;]-&gt;com.kata.bankaccount.models.Account[&quot;registry&quot;]-&gt;java.util.ArrayList[0]-&gt;com.kata.bankaccount.models.Deposit[&quot;account&quot;]-&gt;com.kata.bankaccount.models.Account[&quot;registry&quot;]-&gt;java.util.ArrayList[0]-&gt;com.kata.bankaccount.models.Deposit[&quot;account&quot;]-&gt;com.kata.bankaccount.models.Account[&quot;registry&quot;]-&gt;java.util.ArrayList[0]-&gt;com.kata.bankaccount.models.Deposit[&quot;account&quot;]-&gt;com.kata.bankaccount.models.Account[&quot;registry&quot;]-&gt;java.util.ArrayList[0]-&gt;com.kata.bankaccount.models.Deposit[&quot;account&quot;]-&gt;com.kata.bankaccount.models.Account[&quot;registry&quot;]-&gt;java.util.ArrayList[0]-&gt;com.kata.bankaccount.models.Deposit[&quot;account&quot;]-&gt;com.kata.bankaccount.models.Account[&quot;registry&quot;]-&gt;java.util.ArrayList[0]-&gt;com.kata.bankaccount.models.Deposit[&quot;account&quot;]-&gt;com.kata.bankaccount.models.Account[&quot;registry&quot;]-&gt;java.util.ArrayList[0]-&gt;com.kata.bankaccount.models.Deposit[&quot;account&quot;]-&gt;com.kata.bankaccount.models.Account[&quot;registry&quot;]-&gt;java.util.ArrayList[0]-&gt;com.kata.bankaccount.models.Deposit[&quot;account&quot;]-&gt;com.kata.bankaccount.models.Account[&quot;registry&quot;]-&gt;java.util.ArrayList[0]-&gt;com.kata.bankaccount.models.Deposit[&quot;account&quot;]-&gt;com.kata.bankaccount.models.Account[&quot;registry&quot;]-&gt;java.util.ArrayList[0]-&gt;com.kata.bankaccount.models.Deposit[&quot;account&quot;]-&gt;com.kata.bankaccount.models.Account[&quot;registry&quot;]-&gt;java.util.ArrayList[0]-&gt;com.kata.bankaccount.models.Deposit[&quot;account&quot;]-&gt;com.kata.bankaccount.models.Account[&quot;registry&quot;]-&gt;java.util.ArrayList[0]-&gt;com.kata.bankaccount.models.Deposit[&quot;account&quot;]-&gt;com.kata.bankaccount.models.Account[&quot;registry&quot;]-&gt;java.util.ArrayList[0]-&gt;com.kata.bankaccount.models.Deposit[&quot;account&quot;]-&gt;com.kata.bankaccount.models.Account[&quot;registry&quot;]-&gt;java.util.ArrayList[0]-&gt;com.kata.bankaccount.models.Deposit[&quot;account&quot;]-&gt;com.kata.bankaccount.models.Account[&quot;registry&quot;]-&gt;java.util.ArrayList[0]-&gt;com.kata.bankaccount.models.Deposit[&quot;account&quot;]-&gt;com.kata.bankaccount.models.Account[&quot;registry&quot;]-&gt;java.util.ArrayList[0]-&gt;com.kata.bankaccount.models.Deposit[&quot;account&quot;]-&gt;com.kata.bankaccount.models.Account[&quot;registry&quot;]-&gt;java.util.ArrayList[0]-&gt;com.kata.bankaccount.models.Deposit[&quot;account&quot;]-&gt;com.kata.bankaccount.models.Account[&quot;registry&quot;]-&gt;java.util.ArrayList[0]-&gt;com.kata.bankaccount.models.Deposit[&quot;account&quot;]-&gt;com.kata.bankaccount.models.Account[&quot;registry&quot;]-&gt;java.util.ArrayList[0]-&gt;com.kata.bankaccount.models.Deposit[&quot;account&quot;]-&gt;com.kata.bankaccount.models.Account[&quot;registry&quot;]-&gt;java.util.ArrayList[0]-&gt;com.kata.bankaccount.models.Deposit[&quot;account&quot;]-&gt;com.kata.bankaccount.models.Account[&quot;registry&quot;]-&gt;java.util.ArrayList[0]-&gt;com.kata.bankaccount.models.Deposit[&quot;account&quot;]-&gt;com.kata.bankaccount.models.Account[&quot;registry&quot;]-&gt;java.util.ArrayList[0]-&gt;com.kata.bankaccount.models.Deposit[&quot;account&quot;]-&gt;com.kata.bankaccount.models.Account[&quot;registry&quot;]-&gt;java.util.ArrayList[0]-&gt;com.kata.bankaccount.models.Deposit[&quot;account&quot;]-&gt;com.kata.bankaccount.models.Account[&quot;registry&quot;]-&gt;java.util.ArrayList[0]-&gt;com.kata.bankaccount.models.Deposit[&quot;account&quot;]-&gt;com.kata.bankaccount.models.Account[&quot;registry&quot;]-&gt;java.util.ArrayList[0]-&gt;com.kata.bankaccount.models.Deposit[&quot;account&quot;]-&gt;com.kata.bankaccount.models.Account[&quot;registry&quot;]-&gt;java.util.ArrayList[0]-&gt;com.kata.bankaccount.models.Deposit[&quot;account&quot;]-&gt;com.kata.bankaccount.models.Account[&quot;registry&quot;]-&gt;java.util.ArrayList[0]-&gt;com.kata.bankaccount.models.Deposit[&quot;account&quot;]-&gt;com.kata.bankaccount.models.Account[&quot;registry&quot;]-&gt;java.util.ArrayList[0]-&gt;com.kata.bankaccount.models.Deposit[&quot;account&quot;]-&gt;com.kata.bankaccount.models.Account[&quot;registry&quot;]-&gt;java.util.ArrayList[0]-&gt;com.kata.bankaccount.models.Deposit[&quot;account&quot;]-&gt;com.kata.bankaccount.models.Account[&quot;registry&quot;]-&gt;java.util.ArrayList[0]-&gt;com.kata.bankaccount.models.Deposit[&quot;account&quot;]-&gt;com.kata.bankaccount.models.Account[&quot;registry&quot;]-&gt;java.util.ArrayList[0]-&gt;com.kata.bankaccount.models.Deposit[&quot;account&quot;]-&gt;com.kata.bankaccount.models.Account[&quot;registry&quot;]-&gt;java.util.ArrayList[0]-&gt;com.kata.bankaccount.models.Deposit[&quot;account&quot;]-&gt;com.kata.bankaccount.models.Account[&quot;registry&quot;]-&gt;java.util.ArrayList[0]-&gt;com.kata.bankaccount.models.Deposit[&quot;account&quot;]-&gt;com.kata.bankaccount.models.Account[&quot;registry&quot;]-&gt;java.util.ArrayList[0]-&gt;com.kata.bankaccount.models.Deposit[&quot;account&quot;]-&gt;com.kata.bankaccount.models.Account[&quot;registry&quot;]-&gt;java.util.ArrayList[0]-&gt;com.kata.bankaccount.models.Deposit[&quot;account&quot;]-&gt;com.kata.bankaccount.models.Account[&quot;registry&quot;]-&gt;java.util.ArrayList[0]-&gt;com.kata.bankaccount.models.Deposit[&quot;account&quot;]-&gt;com.kata.bankaccount.models.Account[&quot;registry&quot;]-&gt;java.util.ArrayList[0]-&gt;com.kata.bankaccount.models.Deposit[&quot;account&quot;]-&gt;com.kata.bankaccount.models.Account[&quot;registry&quot;]-&gt;java.util.ArrayList[0]-&gt;com.kata.bankaccount.models.Deposit[&quot;account&quot;]-&gt;com.kata.bankaccount.models.Account[&quot;registry&quot;]-&gt;java.util.ArrayList[0]-&gt;com.kata.bankaccount.models.Deposit[&quot;account&quot;]-&gt;com.kata.bankaccount.models.Account[&quot;registry&quot;]-&gt;java.util.ArrayList[0]-&gt;com.kata.bankaccount.models.Deposit[&quot;account&quot;]-&gt;com.kata.bankaccount.models.Account[&quot;registry&quot;]-&gt;java.util.ArrayList[0]-&gt;com.kata.bankaccount.models.Deposit[&quot;account&quot;]-&gt;com.kata.bankaccount.models.Account[&quot;registry&quot;]-&gt;java.util.ArrayList[0]-&gt;com.kata.bankaccount.models.Deposit[&quot;account&quot;]-&gt;com.kata.bankaccount.models.Account[&quot;registry&quot;]-&gt;java.util.ArrayList[0]-&gt;com.kata.bankaccount.models.Deposit[&quot;account&quot;]-&gt;com.kata.bankaccount.models.Account[&quot;registry&quot;]-&gt;java.util.ArrayList[0]-&gt;com.kata.bankaccount.models.Deposit[&quot;account&quot;]-&gt;com.kata.bankaccount.models.Account[&quot;registry&quot;]-&gt;java.util.ArrayList[0]-&gt;com.kata.bankaccount.models.Deposit[&quot;account&quot;]-&gt;com.kata.bankaccount.models.Account[&quot;registry&quot;]-&gt;java.util.ArrayList[0]-&gt;com.kata.bankaccount.models.Deposit[&quot;account&quot;]-&gt;com.kata.bankaccount.models.Account[&quot;registry&quot;]-&gt;java.util.ArrayList[0]-&gt;com.kata.bankaccount.models.Deposit[&quot;account&quot;]-&gt;com.kata.bankaccount.models.Account[&quot;registry&quot;]-&gt;java.util.ArrayList[0]-&gt;com.kata.bankaccount.models.Deposit[&quot;account&quot;]-&gt;com.kata.bankaccount.models.Account[&quot;registry&quot;]-&gt;java.util.ArrayList[0]-&gt;com.kata.bankaccount.models.Deposit[&quot;account&quot;]-&gt;com.kata.bankaccount.models.Account[&quot;registry&quot;]-&gt;java.util.ArrayList[0]-&gt;com.kata.bankaccount.models.Deposit[&quot;account&quot;]-&gt;com.kata.bankaccount.models.Account[&quot;registry&quot;]-&gt;java.util.ArrayList[0]-&gt;com.kata.bankaccount.models.Deposit[&quot;account&quot;]-&gt;com.kata.bankaccount.models.Account[&quot;registry&quot;]-&gt;java.util.ArrayList[0]-&gt;com.kata.bankaccount.models.Deposit[&quot;account&quot;]-&gt;com.kata.bankaccount.models.Account[&quot;registry&quot;]-&gt;java.util.ArrayList[0]-&gt;com.kata.bankaccount.models.Deposit[&quot;account&quot;]-&gt;com.kata.bankaccount.models.Account[&quot;registry&quot;]-&gt;java.util.ArrayList[0]-&gt;com.kata.bankaccount.models.Deposit[&quot;account&quot;]-&gt;com.kata.bankaccount.models.Account[&quot;registry&quot;]-&gt;java.util.ArrayList[0]-&gt;com.kata.bankaccount.models.Deposit[&quot;account&quot;]-&gt;com.kata.bankaccount.models.Account[&quot;registry&quot;]-&gt;java.util.ArrayList[0]-&gt;com.kata.bankaccount.models.Deposit[&quot;account&quot;]-&gt;com.kata.bankaccount.models.Account[&quot;registry&quot;]-&gt;java.util.ArrayList[0]-&gt;com.kata.bankaccount.models.Deposit[&quot;account&quot;]-&gt;com.kata.bankaccount.models.Account[&quot;registry&quot;]-&gt;java.util.ArrayList[0]-&gt;com.kata.bankaccount.models.Deposit[&quot;account&quot;]-&gt;com.kata.bankaccount.models.Account[&quot;registry&quot;]-&gt;java.util.ArrayList[0]-&gt;com.kata.bankaccount.models.Deposit[&quot;account&quot;]-&gt;com.kata.bankaccount.models.Account[&quot;registry&quot;]-&gt;java.util.ArrayList[0]-&gt;com.kata.bankaccount.models.Deposit[&quot;account&quot;]-&gt;com.kata.bankaccount.models.Account[&quot;registry&quot;]-&gt;java.util.ArrayList[0]-&gt;com.kata.bankaccount.models.Deposit[&quot;account&quot;]-&gt;com.kata.bankaccount.models.Account[&quot;registry&quot;]-&gt;java.util.ArrayList[0]-&gt;com.kata.bankaccount.models.Deposit[&quot;account&quot;]-&gt;com.kata.bankaccount.models.Account[&quot;registry&quot;]-&gt;java.util.ArrayList[0]-&gt;com.kata.bankaccount.models.Deposit[&quot;account&quot;]-&gt;com.kata.bankaccount.models.Account[&quot;registry&quot;]-&gt;java.util.ArrayList[0]-&gt;com.kata.bankaccount.models.Deposit[&quot;account&quot;]-&gt;com.kata.bankaccount.models.Account[&quot;registry&quot;]-&gt;java.util.ArrayList[0]-&gt;com.kata.bankaccount.models.Deposit[&quot;account&quot;]-&gt;com.kata.bankaccount.models.Account[&quot;registry&quot;]-&gt;java.util.ArrayList[0]-&gt;com.kata.bankaccount.models.Deposit[&quot;account&quot;]-&gt;com.kata.bankaccount.models.Account[&quot;registry&quot;]-&gt;java.util.ArrayList[0]-&gt;com.kata.bankaccount.models.Deposit[&quot;account&quot;]-&gt;com.kata.bankaccount.models.Account[&quot;registry&quot;]-&gt;java.util.ArrayList[0]-&gt;com.kata.bankaccount.models.Deposit[&quot;account&quot;]-&gt;com.kata.bankaccount.models.Account[&quot;registry&quot;]-&gt;java.util.ArrayList[0]-&gt;com.kata.bankaccount.models.Deposit[&quot;account&quot;]-&gt;com.kata.bankaccount.models.Account[&quot;registry&quot;]-&gt;java.util.ArrayList[0]-&gt;com.kata.bankaccount.models.Deposit[&quot;account&quot;]-&gt;com.kata.bankaccount.models.Account[&quot;registry&quot;]-&gt;java.util.ArrayList[0]-&gt;com.kata.bankaccount.models.Deposit[&quot;account&quot;]-&gt;com.kata.bankaccount.models.Account[&quot;registry&quot;]-&gt;java.util.ArrayList[0]-&gt;com.kata.bankaccount.models.Deposit[&quot;account&quot;]-&gt;com.kata.bankaccount.models.Account[&quot;registry&quot;]-&gt;java.util.ArrayList[0]-&gt;com.kata.bankaccount.models.Deposit[&quot;account&quot;]-&gt;com.kata.bankaccount.models.Account[&quot;registry&quot;]-&gt;java.util.ArrayList[0]-&gt;com.kata.bankaccount.models.Deposit[&quot;account&quot;]-&gt;com.kata.bankaccount.models.Account[&quot;registry&quot;]-&gt;java.util.ArrayList[0]-&gt;com.kata.bankaccount.models.Deposit[&quot;account&quot;]-&gt;com.kata.bankaccount.models.Account[&quot;registry&quot;]-&gt;java.util.ArrayList[0]-&gt;com.kata.bankaccount.models.Deposit[&quot;account&quot;]-&gt;com.kata.bankaccount.models.Account[&quot;registry&quot;]-&gt;java.util.ArrayList[0]-&gt;com.kata.bankaccount.models.Deposit[&quot;account&quot;]-&gt;com.kata.bankaccount.models.Account[&quot;registry&quot;]-&gt;java.util.ArrayList[0]-&gt;com.kata.bankaccount.models.Deposit[&quot;account&quot;]-&gt;com.kata.bankaccount.models.Account[&quot;registry&quot;]-&gt;java.util.ArrayList[0]-&gt;com.kata.bankaccount.models.Deposit[&quot;account&quot;]-&gt;com.kata.bankaccount.models.Account[&quot;registry&quot;]-&gt;java.util.ArrayList[0]-&gt;com.kata.bankaccount.models.Deposit[&quot;account&quot;]-&gt;com.kata.bankaccount.models.Account[&quot;registry&quot;]-&gt;java.util.ArrayList[0]-&gt;com.kata.bankaccount.models.Deposit[&quot;account&quot;]-&gt;com.kata.bankaccount.models.Account[&quot;registry&quot;]-&gt;java.util.ArrayList[0]-&gt;com.kata.bankaccount.models.Deposit[&quot;account&quot;]-&gt;com.kata.bankaccount.models.Account[&quot;registry&quot;]-&gt;java.util.ArrayList[0]-&gt;com.kata.bankaccount.models.Deposit[&quot;account&quot;]-&gt;com.kata.bankaccount.models.Account[&quot;registry&quot;]-&gt;java.util.ArrayList[0]-&gt;com.kata.bankaccount.models.Deposit[&quot;account&quot;]-&gt;com.kata.bankaccount.models.Account[&quot;registry&quot;]-&gt;java.util.ArrayList[0]-&gt;com.kata.bankaccount.models.Deposit[&quot;account&quot;]-&gt;com.kata.bankaccount.models.Account[&quot;registry&quot;]-&gt;java.util.ArrayList[0]-&gt;com.kata.bankaccount.models.Deposit[&quot;account&quot;]-&gt;com.kata.bankaccount.models.Account[&quot;registry&quot;]-&gt;java.util.ArrayList[0]-&gt;com.kata.bankaccount.models.Deposit[&quot;account&quot;]-&gt;com.kata.bankaccount.models.Account[&quot;registry&quot;]-&gt;java.util.ArrayList[0]-&gt;com.kata.bankaccount.models.Deposit[&quot;account&quot;]-&gt;com.kata.bankaccount.models.Account[&quot;registry&quot;]-&gt;java.util.ArrayList[0]-&gt;com.kata.bankaccount.models.Deposit[&quot;account&quot;]-&gt;com.kata.bankaccount.models.Account[&quot;registry&quot;]-&gt;java.util.ArrayList[0]-&gt;com.kata.bankaccount.models.Deposit[&quot;account&quot;]-&gt;com.kata.bankaccount.models.Account[&quot;registry&quot;]-&gt;java.util.ArrayList[0]-&gt;com.kata.bankaccount.models.Deposit[&quot;account&quot;]-&gt;com.kata.bankaccount.models.Account[&quot;registry&quot;]-&gt;java.util.ArrayList[0]-&gt;com.kata.bankaccount.models.Deposit[&quot;account&quot;]-&gt;com.kata.bankaccount.models.Account[&quot;registry&quot;]-&gt;java.util.ArrayList[0]-&gt;com.kata.bankaccount.models.Deposit[&quot;account&quot;]-&gt;com.kata.bankaccount.models.Account[&quot;registry&quot;]-&gt;java.util.ArrayList[0]-&gt;com.kata.bankaccount.models.Deposit[&quot;account&quot;]-&gt;com.kata.bankaccount.models.Account[&quot;registry&quot;]-&gt;java.util.ArrayList[0]-&gt;com.kata.bankaccount.models.Deposit[&quot;account&quot;]-&gt;com.kata.bankaccount.models.Account[&quot;registry&quot;]-&gt;java.util.ArrayList[0]-&gt;com.kata.bankaccount.models.Deposit[&quot;account&quot;]-&gt;com.kata.bankaccount.models.Account[&quot;registry&quot;]-&gt;java.util.ArrayList[0]-&gt;com.kata.bankaccount.models.Deposit[&quot;account&quot;]-&gt;com.kata.bankaccount.models.Account[&quot;registry&quot;]-&gt;java.util.ArrayList[0]-&gt;com.kata.bankaccount.models.Deposit[&quot;account&quot;]-&gt;com.kata.bankaccount.models.Account[&quot;registry&quot;]-&gt;java.util.ArrayList[0]-&gt;com.kata.bankaccount.models.Deposit[&quot;account&quot;]-&gt;com.kata.bankaccount.models.Account[&quot;registry&quot;]-&gt;java.util.ArrayList[0]-&gt;com.kata.bankaccount.models.Deposit[&quot;account&quot;]-&gt;com.kata.bankaccount.models.Account[&quot;registry&quot;]-&gt;java.util.ArrayList[0]-&gt;com.kata.bankaccount.models.Deposit[&quot;account&quot;]-&gt;com.kata.bankaccount.models.Account[&quot;registry&quot;]-&gt;java.util.ArrayList[0]-&gt;com.kata.bankaccount.models.Deposit[&quot;account&quot;]-&gt;com.kata.bankaccount.models.Account[&quot;registry&quot;]-&gt;java.util.ArrayList[0]-&gt;com.kata.bankaccount.models.Deposit[&quot;account&quot;]-&gt;com.kata.bankaccount.models.Account[&quot;registry&quot;]-&gt;java.util.ArrayList[0]-&gt;com.kata.bankaccount.models.Deposit[&quot;account&quot;]-&gt;com.kata.bankaccount.models.Account[&quot;registry&quot;]-&gt;java.util.ArrayList[0]-&gt;com.kata.bankaccount.models.Deposit[&quot;account&quot;]-&gt;com.kata.bankaccount.models.Account[&quot;registry&quot;]-&gt;java.util.ArrayList[0]-&gt;com.kata.bankaccount.models.Deposit[&quot;account&quot;]-&gt;com.kata.bankaccount.models.Account[&quot;registry&quot;]-&gt;java.util.ArrayList[0]-&gt;com.kata.bankaccount.models.Deposit[&quot;account&quot;]-&gt;com.kata.bankaccount.models.Account[&quot;registry&quot;]-&gt;java.util.ArrayList[0]-&gt;com.kata.bankaccount.models.Deposit[&quot;account&quot;]-&gt;com.kata.bankaccount.models.Account[&quot;registry&quot;]-&gt;java.util.ArrayList[0]-&gt;com.kata.bankaccount.models.Deposit[&quot;account&quot;]-&gt;com.kata.bankaccount.models.Account[&quot;registry&quot;]-&gt;java.util.ArrayList[0]-&gt;com.kata.bankaccount.models.Deposit[&quot;account&quot;]-&gt;com.kata.bankaccount.models.Account[&quot;registry&quot;]-&gt;java.util.ArrayList[0]-&gt;com.kata.bankaccount.models.Deposit[&quot;account&quot;]-&gt;com.kata.bankaccount.models.Account[&quot;registry&quot;]-&gt;java.util.ArrayList[0]-&gt;com.kata.bankaccount.models.Deposit[&quot;account&quot;]-&gt;com.kata.bankaccount.models.Account[&quot;registry&quot;]-&gt;java.util.ArrayList[0]-&gt;com.kata.bankaccount.models.Deposit[&quot;account&quot;]-&gt;com.kata.bankaccount.models.Account[&quot;registry&quot;]-&gt;java.util.ArrayList[0]-&gt;com.kata.bankaccount.models.Deposit[&quot;account&quot;]-&gt;com.kata.bankaccount.models.Account[&quot;registry&quot;]-&gt;java.util.ArrayList[0]-&gt;com.kata.bankaccount.models.Deposit[&quot;account&quot;]-&gt;com.kata.bankaccount.models.Account[&quot;registry&quot;]-&gt;java.util.ArrayList[0]-&gt;com.kata.bankaccount.models.Deposit[&quot;account&quot;]-&gt;com.kata.bankaccount.models.Account[&quot;registry&quot;]-&gt;java.util.ArrayList[0]-&gt;com.kata.bankaccount.models.Deposit[&quot;account&quot;]-&gt;com.kata.bankaccount.models.Account[&quot;registry&quot;]-&gt;java.util.ArrayList[0]-&gt;com.kata.bankaccount.models.Deposit[&quot;account&quot;]-&gt;com.kata.bankaccount.models.Account[&quot;registry&quot;]-&gt;java.util.ArrayList[0]-&gt;com.kata.bankaccount.models.Deposit[&quot;account&quot;]-&gt;com.kata.bankaccount.models.Account[&quot;registry&quot;]-&gt;java.util.ArrayList[0]-&gt;com.kata.bankaccount.models.Deposit[&quot;account&quot;]-&gt;com.kata.bankaccount.models.Account[&quot;registry&quot;]-&gt;java.util.ArrayList[0]-&gt;com.kata.bankaccount.models.Deposit[&quot;account&quot;]-&gt;com.kata.bankaccount.models.Account[&quot;registry&quot;]-&gt;java.util.ArrayList[0]-&gt;com.kata.bankaccount.models.Deposit[&quot;account&quot;]-&gt;com.kata.bankaccount.models.Account[&quot;registry&quot;]-&gt;java.util.ArrayList[0]-&gt;com.kata.bankaccount.models.Deposit[&quot;account&quot;]-&gt;com.kata.bankaccount.models.Account[&quot;registry&quot;]-&gt;java.util.ArrayList[0]-&gt;com.kata.bankaccount.models.Deposit[&quot;account&quot;]-&gt;com.kata.bankaccount.models.Account[&quot;registry&quot;]-&gt;java.util.ArrayList[0]-&gt;com.kata.bankaccount.models.Deposit[&quot;account&quot;]-&gt;com.kata.bankaccount.models.Account[&quot;registry&quot;]-&gt;java.util.ArrayList[0]-&gt;com.kata.bankaccount.models.Deposit[&quot;account&quot;]-&gt;com.kata.bankaccount.models.Account[&quot;registry&quot;]-&gt;java.util.ArrayList[0]-&gt;com.kata.bankaccount.models.Deposit[&quot;account&quot;]-&gt;com.kata.bankaccount.models.Account[&quot;registry&quot;]-&gt;java.util.ArrayList[0]-&gt;com.kata.bankaccount.models.Deposit[&quot;account&quot;]-&gt;com.kata.bankaccount.models.Account[&quot;registry&quot;]-&gt;java.util.ArrayList[0]-&gt;com.kata.bankaccount.models.Deposit[&quot;account&quot;]-&gt;com.kata.bankaccount.models.Account[&quot;registry&quot;]-&gt;java.util.ArrayList[0]-&gt;com.kata.bankaccount.models.Deposit[&quot;account&quot;]-&gt;com.kata.bankaccount.models.Account[&quot;registry&quot;]-&gt;java.util.ArrayList[0]-&gt;com.kata.bankaccount.models.Deposit[&quot;account&quot;]-&gt;com.kata.bankaccount.models.Account[&quot;registry&quot;]-&gt;java.util.ArrayList[0]-&gt;com.kata.bankaccount.models.Deposit[&quot;account&quot;]-&gt;com.kata.bankaccount.models.Account[&quot;registry&quot;]-&gt;java.util.ArrayList[0]-&gt;com.kata.bankaccount.models.Deposit[&quot;account&quot;]-&gt;com.kata.bankaccount.models.Account[&quot;registry&quot;]-&gt;java.util.ArrayList[0]-&gt;com.kata.bankaccount.models.Deposit[&quot;account&quot;]-&gt;com.kata.bankaccount.models.Account[&quot;registry&quot;]-&gt;java.util.ArrayList[0]-&gt;com.kata.bankaccount.models.Deposit[&quot;account&quot;]-&gt;com.kata.bankaccount.models.Account[&quot;registry&quot;]-&gt;java.util.ArrayList[0]-&gt;com.kata.bankaccount.models.Deposit[&quot;account&quot;]-&gt;com.kata.bankaccount.models.Account[&quot;registry&quot;]-&gt;java.util.ArrayList[0]-&gt;com.kata.bankaccount.models.Deposit[&quot;account&quot;]-&gt;com.kata.bankaccount.models.Account[&quot;registry&quot;]-&gt;java.util.ArrayList[0]-&gt;com.kata.bankaccount.models.Deposit[&quot;account&quot;]-&gt;com.kata.bankaccount.models.Account[&quot;registry&quot;]-&gt;java.util.ArrayList[0]-&gt;com.kata.bankaccount.models.Deposit[&quot;account&quot;]-&gt;com.kata.bankaccount.models.Account[&quot;registry&quot;]-&gt;java.util.ArrayList[0]-&gt;com.kata.bankaccount.models.Deposit[&quot;account&quot;]-&gt;com.kata.bankaccount.models.Account[&quot;registry&quot;]-&gt;java.util.ArrayList[0]-&gt;com.kata.bankaccount.models.Deposit[&quot;account&quot;]-&gt;com.kata.bankaccount.models.Account[&quot;registry&quot;]-&gt;java.util.ArrayList[0]-&gt;com.kata.bankaccount.models.Deposit[&quot;account&quot;]-&gt;com.kata.bankaccount.models.Account[&quot;registry&quot;]-&gt;java.util.ArrayList[0]-&gt;com.kata.bankaccount.models.Deposit[&quot;account&quot;]-&gt;com.kata.bankaccount.models.Account[&quot;registry&quot;]-&gt;java.util.ArrayList[0]-&gt;com.kata.bankaccount.models.Deposit[&quot;account&quot;]-&gt;com.kata.bankaccount.models.Account[&quot;registry&quot;]-&gt;java.util.ArrayList[0]-&gt;com.kata.bankaccount.models.Deposit[&quot;account&quot;]-&gt;com.kata.bankaccount.models.Account[&quot;registry&quot;]-&gt;java.util.ArrayList[0]-&gt;com.kata.bankaccount.models.Deposit[&quot;account&quot;]-&gt;com.kata.bankaccount.models.Account[&quot;registry&quot;]-&gt;java.util.ArrayList[0]-&gt;com.kata.bankaccount.models.Deposit[&quot;account&quot;]-&gt;com.kata.bankaccount.models.Account[&quot;registry&quot;]-&gt;java.util.ArrayList[0]-&gt;com.kata.bankaccount.models.Deposit[&quot;account&quot;]-&gt;com.kata.bankaccount.models.Account[&quot;registry&quot;]-&gt;java.util.ArrayList[0]-&gt;com.kata.bankaccount.models.Deposit[&quot;account&quot;]-&gt;com.kata.bankaccount.models.Account[&quot;registry&quot;]-&gt;java.util.ArrayList[0]-&gt;com.kata.bankaccount.models.Deposit[&quot;account&quot;]-&gt;com.kata.bankaccount.models.Account[&quot;registry&quot;]-&gt;java.util.ArrayList[0]-&gt;com.kata.bankaccount.models.Deposit[&quot;account&quot;]-&gt;com.kata.bankaccount.models.Account[&quot;registry&quot;]-&gt;java.util.ArrayList[0]-&gt;com.kata.bankaccount.models.Deposit[&quot;account&quot;]-&gt;com.kata.bankaccount.models.Account[&quot;registry&quot;]-&gt;java.util.ArrayList[0]-&gt;com.kata.bankaccount.models.Deposit[&quot;account&quot;]-&gt;com.kata.bankaccount.models.Account[&quot;registry&quot;]-&gt;java.util.ArrayList[0]-&gt;com.kata.bankaccount.models.Deposit[&quot;account&quot;]-&gt;com.kata.bankaccount.models.Account[&quot;registry&quot;]-&gt;java.util.ArrayList[0]-&gt;com.kata.bankaccount.models.Deposit[&quot;account&quot;]-&gt;com.kata.bankaccount.models.Account[&quot;registry&quot;]-&gt;java.util.ArrayList[0]-&gt;com.kata.bankaccount.models.Deposit[&quot;account&quot;]-&gt;com.kata.bankaccount.models.Account[&quot;registry&quot;]-&gt;java.util.ArrayList[0]-&gt;com.kata.bankaccount.models.Deposit[&quot;account&quot;]-&gt;com.kata.bankaccount.models.Account[&quot;registry&quot;]-&gt;java.util.ArrayList[0]-&gt;com.kata.bankaccount.models.Deposit[&quot;account&quot;]-&gt;com.kata.bankaccount.models.Account[&quot;registry&quot;]-&gt;java.util.ArrayList[0]-&gt;com.kata.bankaccount.models.Deposit[&quot;account&quot;]-&gt;com.kata.bankaccount.models.Account[&quot;registry&quot;]-&gt;java.util.ArrayList[0]-&gt;com.kata.bankaccount.models.Deposit[&quot;account&quot;]-&gt;com.kata.bankaccount.models.Account[&quot;registry&quot;]-&gt;java.util.ArrayList[0]-&gt;com.kata.bankaccount.models.Deposit[&quot;account&quot;]-&gt;com.kata.bankaccount.models.Account[&quot;registry&quot;]-&gt;java.util.ArrayList[0]-&gt;com.kata.bankaccount.models.Deposit[&quot;account&quot;]-&gt;com.kata.bankaccount.models.Account[&quot;registry&quot;]-&gt;java.util.ArrayList[0]-&gt;com.kata.bankaccount.models.Deposit[&quot;account&quot;]-&gt;com.kata.bankaccount.models.Account[&quot;registry&quot;]-&gt;java.util.ArrayList[0]-&gt;com.kata.bankaccount.models.Deposit[&quot;account&quot;]-&gt;com.kata.bankaccount.models.Account[&quot;registry&quot;]-&gt;java.util.ArrayList[0]-&gt;com.kata.bankaccount.models.Deposit[&quot;account&quot;]-&gt;com.kata.bankaccount.models.Account[&quot;registry&quot;]-&gt;java.util.ArrayList[0]-&gt;com.kata.bankaccount.models.Deposit[&quot;account&quot;]-&gt;com.kata.bankaccount.models.Account[&quot;registry&quot;]-&gt;java.util.ArrayList[0]-&gt;com.kata.bankaccount.models.Deposit[&quot;account&quot;]-&gt;com.kata.bankaccount.models.Account[&quot;registry&quot;]-&gt;java.util.ArrayList[0]-&gt;com.kata.bankaccount.models.Deposit[&quot;account&quot;]-&gt;com.kata.bankaccount.models.Account[&quot;registry&quot;]-&gt;java.util.ArrayList[0]-&gt;com.kata.bankaccount.models.Deposit[&quot;account&quot;]-&gt;com.kata.bankaccount.models.Account[&quot;registry&quot;]-&gt;java.util.ArrayList[0]-&gt;com.kata.bankaccount.models.Deposit[&quot;account&quot;]-&gt;com.kata.bankaccount.models.Account[&quot;registry&quot;]-&gt;java.util.ArrayList[0]-&gt;com.kata.bankaccount.models.Deposit[&quot;account&quot;]-&gt;com.kata.bankaccount.models.Account[&quot;registry&quot;]-&gt;java.util.ArrayList[0]-&gt;com.kata.bankaccount.models.Deposit[&quot;account&quot;]-&gt;com.kata.bankaccount.models.Account[&quot;registry&quot;]-&gt;java.util.ArrayList[0]-&gt;com.kata.bankaccount.models.Deposit[&quot;account&quot;]-&gt;com.kata.bankaccount.models.Account[&quot;registry&quot;]-&gt;java.util.ArrayList[0]-&gt;com.kata.bankaccount.models.Deposit[&quot;account&quot;]-&gt;com.kata.bankaccount.models.Account[&quot;registry&quot;]-&gt;java.util.ArrayList[0]-&gt;com.kata.bankaccount.models.Deposit[&quot;account&quot;]-&gt;com.kata.bankaccount.models.Account[&quot;registry&quot;]-&gt;java.util.ArrayList[0]-&gt;com.kata.bankaccount.models.Deposit[&quot;account&quot;]-&gt;com.kata.bankaccount.models.Account[&quot;registry&quot;]-&gt;java.util.ArrayList[0]-&gt;com.kata.bankaccount.models.Deposit[&quot;account&quot;]-&gt;com.kata.bankaccount.models.Account[&quot;registry&quot;]-&gt;java.util.ArrayList[0]-&gt;com.kata.bankaccount.models.Deposit[&quot;account&quot;]-&gt;com.kata.bankaccount.models.Account[&quot;registry&quot;]-&gt;java.util.ArrayList[0]-&gt;com.kata.bankaccount.models.Deposit[&quot;account&quot;]-&gt;com.kata.bankaccount.models.Account[&quot;registry&quot;]-&gt;java.util.ArrayList[0]-&gt;com.kata.bankaccount.models.Deposit[&quot;account&quot;]-&gt;com.kata.bankaccount.models.Account[&quot;registry&quot;]-&gt;java.util.ArrayList[0]-&gt;com.kata.bankaccount.models.Deposit[&quot;account&quot;]-&gt;com.kata.bankaccount.models.Account[&quot;registry&quot;]-&gt;java.util.ArrayList[0]-&gt;com.kata.bankaccount.models.Deposit[&quot;account&quot;]-&gt;com.kata.bankaccount.models.Account[&quot;registry&quot;]-&gt;java.util.ArrayList[0]-&gt;com.kata.bankaccount.models.Deposit[&quot;account&quot;]-&gt;com.kata.bankaccount.models.Account[&quot;registry&quot;]-&gt;java.util.ArrayList[0]-&gt;com.kata.bankaccount.models.Deposit[&quot;account&quot;]-&gt;com.kata.bankaccount.models.Account[&quot;registry&quot;]-&gt;java.util.ArrayList[0]-&gt;com.kata.bankaccount.models.Deposit[&quot;account&quot;]-&gt;com.kata.bankaccount.models.Account[&quot;registry&quot;]-&gt;java.util.ArrayList[0]-&gt;com.kata.bankaccount.models.Deposit[&quot;account&quot;]-&gt;com.kata.bankaccount.models.Account[&quot;registry&quot;]-&gt;java.util.ArrayList[0]-&gt;com.kata.bankaccount.models.Deposit[&quot;account&quot;]-&gt;com.kata.bankaccount.models.Account[&quot;registry&quot;]-&gt;java.util.ArrayList[0]-&gt;com.kata.bankaccount.models.Deposit[&quot;account&quot;]-&gt;com.kata.bankaccount.models.Account[&quot;registry&quot;]-&gt;java.util.ArrayList[0]-&gt;com.kata.bankaccount.models.Deposit[&quot;account&quot;]-&gt;com.kata.bankaccount.models.Account[&quot;registry&quot;]-&gt;java.util.ArrayList[0]-&gt;com.kata.bankaccount.models.Deposit[&quot;account&quot;]-&gt;com.kata.bankaccount.models.Account[&quot;registry&quot;]-&gt;java.util.ArrayList[0]-&gt;com.kata.bankaccount.models.Deposit[&quot;account&quot;]-&gt;com.kata.bankaccount.models.Account[&quot;registry&quot;]-&gt;java.util.ArrayList[0]-&gt;com.kata.bankaccount.models.Deposit[&quot;account&quot;]-&gt;com.kata.bankaccount.models.Account[&quot;registry&quot;]-&gt;java.util.ArrayList[0]-&gt;com.kata.bankaccount.models.Deposit[&quot;account&quot;]-&gt;com.kata.bankaccount.models.Account[&quot;registry&quot;]-&gt;java.util.ArrayList[0]-&gt;com.kata.bankaccount.models.Deposit[&quot;account&quot;]-&gt;com.kata.bankaccount.models.Account[&quot;registry&quot;]-&gt;java.util.ArrayList[0]-&gt;com.kata.bankaccount.models.Deposit[&quot;account&quot;]-&gt;com.kata.bankaccount.models.Account[&quot;registry&quot;]-&gt;java.util.ArrayList[0]-&gt;com.kata.bankaccount.models.Deposit[&quot;account&quot;]-&gt;com.kata.bankaccount.models.Account[&quot;registry&quot;]-&gt;java.util.ArrayList[0]-&gt;com.kata.bankaccount.models.Deposit[&quot;account&quot;]-&gt;com.kata.bankaccount.models.Account[&quot;registry&quot;]-&gt;java.util.ArrayList[0]-&gt;com.kata.bankaccount.models.Deposit[&quot;account&quot;]-&gt;com.kata.bankaccount.models.Account[&quot;registry&quot;]-&gt;java.util.ArrayList[0]-&gt;com.kata.bankaccount.models.Deposit[&quot;account&quot;]-&gt;com.kata.bankaccount.models.Account[&quot;registry&quot;]-&gt;java.util.ArrayList[0]-&gt;com.kata.bankaccount.models.Deposit[&quot;account&quot;]-&gt;com.kata.bankaccount.models.Account[&quot;registry&quot;]-&gt;java.util.ArrayList[0]-&gt;com.kata.bankaccount.models.Deposit[&quot;account&quot;]-&gt;com.kata.bankaccount.models.Account[&quot;registry&quot;]-&gt;java.util.ArrayList[0]-&gt;com.kata.bankaccount.models.Deposit[&quot;account&quot;]-&gt;com.kata.bankaccount.models.Account[&quot;registry&quot;]-&gt;java.util.ArrayList[0]-&gt;com.kata.bankaccount.models.Deposit[&quot;account&quot;]-&gt;com.kata.bankaccount.models.Account[&quot;registry&quot;]-&gt;java.util.ArrayList[0]-&gt;com.kata.bankaccount.models.Deposit[&quot;account&quot;]-&gt;com.kata.bankaccount.models.Account[&quot;registry&quot;]-&gt;java.util.ArrayList[0]-&gt;com.kata.bankaccount.models.Deposit[&quot;account&quot;]-&gt;com.kata.bankaccount.models.Account[&quot;registry&quot;]-&gt;java.util.ArrayList[0]-&gt;com.kata.bankaccount.models.Deposit[&quot;account&quot;]-&gt;com.kata.bankaccount.models.Account[&quot;registry&quot;]-&gt;java.util.ArrayList[0]-&gt;com.kata.bankaccount.models.Deposit[&quot;account&quot;]-&gt;com.kata.bankaccount.models.Account[&quot;registry&quot;]-&gt;java.util.ArrayList[0]-&gt;com.kata.bankaccount.models.Deposit[&quot;account&quot;]-&gt;com.kata.bankaccount.models.Account[&quot;registry&quot;]-&gt;java.util.ArrayList[0]-&gt;com.kata.bankaccount.models.Deposit[&quot;account&quot;]-&gt;com.kata.bankaccount.models.Account[&quot;registry&quot;]-&gt;java.util.ArrayList[0]-&gt;com.kata.bankaccount.models.Deposit[&quot;account&quot;]-&gt;com.kata.bankaccount.models.Account[&quot;registry&quot;]-&gt;java.util.ArrayList[0]-&gt;com.kata.bankaccount.models.Deposit[&quot;account&quot;]-&gt;com.kata.bankaccount.models.Account[&quot;registry&quot;]-&gt;java.util.ArrayList[0]-&gt;com.kata.bankaccount.models.Deposit[&quot;account&quot;]-&gt;com.kata.bankaccount.models.Account[&quot;registry&quot;]-&gt;java.util.ArrayList[0]-&gt;com.kata.bankaccount.models.Deposit[&quot;account&quot;]-&gt;com.kata.bankaccount.models.Account[&quot;registry&quot;]-&gt;java.util.ArrayList[0]-&gt;com.kata.bankaccount.models.Deposit[&quot;account&quot;]-&gt;com.kata.bankaccount.models.Account[&quot;registry&quot;]-&gt;java.util.ArrayList[0]-&gt;com.kata.bankaccount.models.Deposit[&quot;account&quot;]-&gt;com.kata.bankaccount.models.Account[&quot;registry&quot;]-&gt;java.util.ArrayList[0]-&gt;com.kata.bankaccount.models.Deposit[&quot;account&quot;]-&gt;com.kata.bankaccount.models.Account[&quot;registry&quot;]-&gt;java.util.ArrayList[0]-&gt;com.kata.bankaccount.models.Deposit[&quot;account&quot;]-&gt;com.kata.bankaccount.models.Account[&quot;registry&quot;]-&gt;java.util.ArrayList[0]-&gt;com.kata.bankaccount.models.Deposit[&quot;account&quot;]-&gt;com.kata.bankaccount.models.Account[&quot;registry&quot;]-&gt;java.util.ArrayList[0]-&gt;com.kata.bankaccount.models.Deposit[&quot;account&quot;]-&gt;com.kata.bankaccount.models.Account[&quot;registry&quot;]-&gt;java.util.ArrayList[0]-&gt;com.kata.bankaccount.models.Deposit[&quot;account&quot;]-&gt;com.kata.bankaccount.models.Account[&quot;registry&quot;]-&gt;java.util.ArrayList[0]-&gt;com.kata.bankaccount.models.Deposit[&quot;account&quot;]-&gt;com.kata.bankaccount.models.Account[&quot;registry&quot;]-&gt;java.util.ArrayList[0]-&gt;com.kata.bankaccount.models.Deposit[&quot;account&quot;]-&gt;com.kata.bankaccount.models.Account[&quot;registry&quot;]-&gt;java.util.ArrayList[0]-&gt;com.kata.bankaccount.models.Deposit[&quot;account&quot;]-&gt;com.kata.bankaccount.models.Account[&quot;registry&quot;]-&gt;java.util.ArrayList[0]-&gt;com.kata.bankaccount.models.Deposit[&quot;account&quot;]-&gt;com.kata.bankaccount.models.Account[&quot;registry&quot;]-&gt;java.util.ArrayList[0]-&gt;com.kata.bankaccount.models.Deposit[&quot;account&quot;]-&gt;com.kata.bankaccount.models.Account[&quot;registry&quot;]-&gt;java.util.ArrayList[0]-&gt;com.kata.bankaccount.models.Deposit[&quot;account&quot;]-&gt;com.kata.bankaccount.models.Account[&quot;registry&quot;]-&gt;java.util.ArrayList[0]-&gt;com.kata.bankaccount.models.Deposit[&quot;account&quot;]-&gt;com.kata.bankaccount.models.Account[&quot;registry&quot;]-&gt;java.util.ArrayList[0]-&gt;com.kata.bankaccount.models.Deposit[&quot;account&quot;]-&gt;com.kata.bankaccount.models.Account[&quot;registry&quot;]-&gt;java.util.ArrayList[0]-&gt;com.kata.bankaccount.models.Deposit[&quot;account&quot;]-&gt;com.kata.bankaccount.models.Account[&quot;registry&quot;]-&gt;java.util.ArrayList[0]-&gt;com.kata.bankaccount.models.Deposit[&quot;account&quot;]-&gt;com.kata.bankaccount.models.Account[&quot;registry&quot;]-&gt;java.util.ArrayList[0]-&gt;com.kata.bankaccount.models.Deposit[&quot;account&quot;]-&gt;com.kata.bankaccount.models.Account[&quot;registry&quot;]-&gt;java.util.ArrayList[0]-&gt;com.kata.bankaccount.models.Deposit[&quot;account&quot;]-&gt;com.kata.bankaccount.models.Account[&quot;registry&quot;]-&gt;java.util.ArrayList[0]-&gt;com.kata.bankaccount.models.Deposit[&quot;account&quot;]-&gt;com.kata.bankaccount.models.Account[&quot;registry&quot;]-&gt;java.util.ArrayList[0]-&gt;com.kata.bankaccount.models.Deposit[&quot;account&quot;]-&gt;com.kata.bankaccount.models.Account[&quot;registry&quot;]-&gt;java.util.ArrayList[0]-&gt;com.kata.bankaccount.models.Deposit[&quot;account&quot;]-&gt;com.kata.bankaccount.models.Account[&quot;registry&quot;]-&gt;java.util.ArrayList[0]-&gt;com.kata.bankaccount.models.Deposit[&quot;account&quot;]-&gt;com.kata.bankaccount.models.Account[&quot;registry&quot;]-&gt;java.util.ArrayList[0]-&gt;com.kata.bankaccount.models.Deposit[&quot;account&quot;]-&gt;com.kata.bankaccount.models.Account[&quot;registry&quot;]-&gt;java.util.ArrayList[0]-&gt;com.kata.bankaccount.models.Deposit[&quot;account&quot;]-&gt;com.kata.bankaccount.models.Account[&quot;registry&quot;]-&gt;java.util.ArrayList[0]-&gt;com.kata.bankaccount.models.Deposit[&quot;account&quot;]-&gt;com.kata.bankaccount.models.Account[&quot;registry&quot;])" type="org.springframework.http.converter.HttpMessageNotWritableException">org.springframework.http.converter.HttpMessageNotWritableException: Could not write JSON: Infinite recursion (StackOverflowError); nested exception is com.fasterxml.jackson.databind.JsonMappingException: Infinite recursion (StackOverflowError) (through reference chain: com.kata.bankaccount.models.Account["registry"]->java.util.ArrayList[0]->com.kata.bankaccount.models.Deposit["account"]->com.kata.bankaccount.models.Account["registry"]->java.util.ArrayList[0]->com.kata.bankaccount.models.Deposit["account"]->com.kata.bankaccount.models.Account["registry"]->java.util.ArrayList[0]->com.kata.bankaccount.models.Deposit["account"]->com.kata.bankaccount.models.Account["registry"]->java.util.ArrayList[0]->com.kata.bankaccount.models.Deposit["account"]->com.kata.bankaccount.models.Account["registry"]->java.util.ArrayList[0]->com.kata.bankaccount.models.Deposit["account"]->com.kata.bankaccount.models.Account["registry"]->java.util.ArrayList[0]->com.kata.bankaccount.models.Deposit["account"]->com.kata.bankaccount.models.Account["registry"]->java.util.ArrayList[0]->com.kata.bankaccount.models.Deposit["account"]->com.kata.bankaccount.models.Account["registry"]->java.util.ArrayList[0]->com.kata.bankaccount.models.Deposit["account"]->com.kata.bankaccount.models.Account["registry"]->java.util.ArrayList[0]->com.kata.bankaccount.models.Deposit["account"]->com.kata.bankaccount.models.Account["registry"]->java.util.ArrayList[0]->com.kata.bankaccount.models.Deposit["account"]->com.kata.bankaccount.models.Account["registry"]->java.util.ArrayList[0]->com.kata.bankaccount.models.Deposit["account"]->com.kata.bankaccount.models.Account["registry"]->java.util.ArrayList[0]->com.kata.bankaccount.models.Deposit["account"]->com.kata.bankaccount.models.Account["registry"]->java.util.ArrayList[0]->com.kata.bankaccount.models.Deposit["account"]->com.kata.bankaccount.models.Account["registry"]->java.util.ArrayList[0]->com.kata.bankaccount.models.Deposit["account"]->com.kata.bankaccount.models.Account["registry"]->java.util.ArrayList[0]->com.kata.bankaccount.models.Deposit["account"]->com.kata.bankaccount.models.Account["registry"]->java.util.ArrayList[0]->com.kata.bankaccount.models.Deposit["account"]->com.kata.bankaccount.models.Account["registry"]->java.util.ArrayList[0]->com.kata.bankaccount.models.Deposit["account"]->com.kata.bankaccount.models.Account["registry"]->java.util.ArrayList[0]->com.kata.bankaccount.models.Deposit["account"]->com.kata.bankaccount.models.Account["registry"]->java.util.ArrayList[0]->com.kata.bankaccount.models.Deposit["account"]->com.kata.bankaccount.models.Account["registry"]->java.util.ArrayList[0]->com.kata.bankaccount.models.Deposit["account"]->com.kata.bankaccount.models.Account["registry"]->java.util.ArrayList[0]->com.kata.bankaccount.models.Deposit["account"]->com.kata.bankaccount.models.Account["registry"]->java.util.ArrayList[0]->com.kata.bankaccount.models.Deposit["account"]->com.kata.bankaccount.models.Account["registry"]->java.util.ArrayList[0]->com.kata.bankaccount.models.Deposit["account"]->com.kata.bankaccount.models.Account["registry"]->java.util.ArrayList[0]->com.kata.bankaccount.models.Deposit["account"]->com.kata.bankaccount.models.Account["registry"]->java.util.ArrayList[0]->com.kata.bankaccount.models.Deposit["account"]->com.kata.bankaccount.models.Account["registry"]->java.util.ArrayList[0]->com.kata.bankaccount.models.Deposit["account"]->com.kata.bankaccount.models.Account["registry"]->java.util.ArrayList[0]->com.kata.bankaccount.models.Deposit["account"]->com.kata.bankaccount.models.Account["registry"]->java.util.ArrayList[0]->com.kata.bankaccount.models.Deposit["account"]->com.kata.bankaccount.models.Account["registry"]->java.util.ArrayList[0]->com.kata.bankaccount.models.Deposit["account"]->com.kata.bankaccount.models.Account["registry"]->java.util.ArrayList[0]->com.kata.bankaccount.models.Deposit["account"]->com.kata.bankaccount.models.Account["registry"]->java.util.ArrayList[0]->com.kata.bankaccount.models.Deposit["account"]->com.kata.bankaccount.models.Account["registry"]->java.util.ArrayList[0]->com.kata.bankaccount.models.Deposit["account"]->com.kata.bankaccount.models.Account["registry"]->java.util.ArrayList[0]->com.kata.bankaccount.models.Deposit["account"]->com.kata.bankaccount.models.Account["registry"]->java.util.ArrayList[0]->com.kata.bankaccount.models.Deposit["account"]->com.kata.bankaccount.models.Account["registry"]->java.util.ArrayList[0]->com.kata.bankaccount.models.Deposit["account"]->com.kata.bankaccount.models.Account["registry"]->java.util.ArrayList[0]->com.kata.bankaccount.models.Deposit["account"]->com.kata.bankaccount.models.Account["registry"]->java.util.ArrayList[0]->com.kata.bankaccount.models.Deposit["account"]->com.kata.bankaccount.models.Account["registry"]->java.util.ArrayList[0]->com.kata.bankaccount.models.Deposit["account"]->com.kata.bankaccount.models.Account["registry"]->java.util.ArrayList[0]->com.kata.bankaccount.models.Deposit["account"]->com.kata.bankaccount.models.Account["registry"]->java.util.ArrayList[0]->com.kata.bankaccount.models.Deposit["account"]->com.kata.bankaccount.models.Account["registry"]->java.util.ArrayList[0]->com.kata.bankaccount.models.Deposit["account"]->com.kata.bankaccount.models.Account["registry"]->java.util.ArrayList[0]->com.kata.bankaccount.models.Deposit["account"]->com.kata.bankaccount.models.Account["registry"]->java.util.ArrayList[0]->com.kata.bankaccount.models.Deposit["account"]->com.kata.bankaccount.models.Account["registry"]->java.util.ArrayList[0]->com.kata.bankaccount.models.Deposit["account"]->com.kata.bankaccount.models.Account["registry"]->java.util.ArrayList[0]->com.kata.bankaccount.models.Deposit["account"]->com.kata.bankaccount.models.Account["registry"]->java.util.ArrayList[0]->com.kata.bankaccount.models.Deposit["account"]->com.kata.bankaccount.models.Account["registry"]->java.util.ArrayList[0]->com.kata.bankaccount.models.Deposit["account"]->com.kata.bankaccount.models.Account["registry"]->java.util.ArrayList[0]->com.kata.bankaccount.models.Deposit["account"]->com.kata.bankaccount.models.Account["registry"]->java.util.ArrayList[0]->com.kata.bankaccount.models.Deposit["account"]->com.kata.bankaccount.models.Account["registry"]->java.util.ArrayList[0]->com.kata.bankaccount.models.Deposit["account"]->com.kata.bankaccount.models.Account["registry"]->java.util.ArrayList[0]->com.kata.bankaccount.models.Deposit["account"]->com.kata.bankaccount.models.Account["registry"]->java.util.ArrayList[0]->com.kata.bankaccount.models.Deposit["account"]->com.kata.bankaccount.models.Account["registry"]->java.util.ArrayList[0]->com.kata.bankaccount.models.Deposit["account"]->com.kata.bankaccount.models.Account["registry"]->java.util.ArrayList[0]->com.kata.bankaccount.models.Deposit["account"]->com.kata.bankaccount.models.Account["registry"]->java.util.ArrayList[0]->com.kata.bankaccount.models.Deposit["account"]->com.kata.bankaccount.models.Account["registry"]->java.util.ArrayList[0]->com.kata.bankaccount.models.Deposit["account"]->com.kata.bankaccount.models.Account["registry"]->java.util.ArrayList[0]->com.kata.bankaccount.models.Deposit["account"]->com.kata.bankaccount.models.Account["registry"]->java.util.ArrayList[0]->com.kata.bankaccount.models.Deposit["account"]->com.kata.bankaccount.models.Account["registry"]->java.util.ArrayList[0]->com.kata.bankaccount.models.Deposit["account"]->com.kata.bankaccount.models.Account["registry"]->java.util.ArrayList[0]->com.kata.bankaccount.models.Deposit["account"]->com.kata.bankaccount.models.Account["registry"]->java.util.ArrayList[0]->com.kata.bankaccount.models.Deposit["account"]->com.kata.bankaccount.models.Account["registry"]->java.util.ArrayList[0]->com.kata.bankaccount.models.Deposit["account"]->com.kata.bankaccount.models.Account["registry"]->java.util.ArrayList[0]->com.kata.bankaccount.models.Deposit["account"]->com.kata.bankaccount.models.Account["registry"]->java.util.ArrayList[0]->com.kata.bankaccount.models.Deposit["account"]->com.kata.bankaccount.models.Account["registry"]->java.util.ArrayList[0]->com.kata.bankaccount.models.Deposit["account"]->com.kata.bankaccount.models.Account["registry"]->java.util.ArrayList[0]->com.kata.bankaccount.models.Deposit["account"]->com.kata.bankaccount.models.Account["registry"]->java.util.ArrayList[0]->com.kata.bankaccount.models.Deposit["account"]->com.kata.bankaccount.models.Account["registry"]->java.util.ArrayList[0]->com.kata.bankaccount.models.Deposit["account"]->com.kata.bankaccount.models.Account["registry"]->java.util.ArrayList[0]->com.kata.bankaccount.models.Deposit["account"]->com.kata.bankaccount.models.Account["registry"]->java.util.ArrayList[0]->com.kata.bankaccount.models.Deposit["account"]->com.kata.bankaccount.models.Account["registry"]->java.util.ArrayList[0]->com.kata.bankaccount.models.Deposit["account"]->com.kata.bankaccount.models.Account["registry"]->java.util.ArrayList[0]->com.kata.bankaccount.models.Deposit["account"]->com.kata.bankaccount.models.Account["registry"]->java.util.ArrayList[0]->com.kata.bankaccount.models.Deposit["account"]->com.kata.bankaccount.models.Account["registry"]->java.util.ArrayList[0]->com.kata.bankaccount.models.Deposit["account"]->com.kata.bankaccount.models.Account["registry"]->java.util.ArrayList[0]->com.kata.bankaccount.models.Deposit["account"]->com.kata.bankaccount.models.Account["registry"]->java.util.ArrayList[0]->com.kata.bankaccount.models.Deposit["account"]->com.kata.bankaccount.models.Account["registry"]->java.util.ArrayList[0]->com.kata.bankaccount.models.Deposit["account"]->com.kata.bankaccount.models.Account["registry"]->java.util.ArrayList[0]->com.kata.bankaccount.models.Deposit["account"]->com.kata.bankaccount.models.Account["registry"]->java.util.ArrayList[0]->com.kata.bankaccount.models.Deposit["account"]->com.kata.bankaccount.models.Account["registry"]->java.util.ArrayList[0]->com.kata.bankaccount.models.Deposit["account"]->com.kata.bankaccount.models.Account["registry"]->java.util.ArrayList[0]->com.kata.bankaccount.models.Deposit["account"]->com.kata.bankaccount.models.Account["registry"]->java.util.ArrayList[0]->com.kata.bankaccount.models.Deposit["account"]->com.kata.bankaccount.models.Account["registry"]->java.util.ArrayList[0]->com.kata.bankaccount.models.Deposit["account"]->com.kata.bankaccount.models.Account["registry"]->java.util.ArrayList[0]->com.kata.bankaccount.models.Deposit["account"]->com.kata.bankaccount.models.Account["registry"]->java.util.ArrayList[0]->com.kata.bankaccount.models.Deposit["account"]->com.kata.bankaccount.models.Account["registry"]->java.util.ArrayList[0]->com.kata.bankaccount.models.Deposit["account"]->com.kata.bankaccount.models.Account["registry"]->java.util.ArrayList[0]->com.kata.bankaccount.models.Deposit["account"]->com.kata.bankaccount.models.Account["registry"]->java.util.ArrayList[0]->com.kata.bankaccount.models.Deposit["account"]->com.kata.bankaccount.models.Account["registry"]->java.util.ArrayList[0]->com.kata.bankaccount.models.Deposit["account"]->com.kata.bankaccount.models.Account["registry"]->java.util.ArrayList[0]->com.kata.bankaccount.models.Deposit["account"]->com.kata.bankaccount.models.Account["registry"]->java.util.ArrayList[0]->com.kata.bankaccount.models.Deposit["account"]->com.kata.bankaccount.models.Account["registry"]->java.util.ArrayList[0]->com.kata.bankaccount.models.Deposit["account"]->com.kata.bankaccount.models.Account["registry"]->java.util.ArrayList[0]->com.kata.bankaccount.models.Deposit["account"]->com.kata.bankaccount.models.Account["registry"]->java.util.ArrayList[0]->com.kata.bankaccount.models.Deposit["account"]->com.kata.bankaccount.models.Account["registry"]->java.util.ArrayList[0]->com.kata.bankaccount.models.Deposit["account"]->com.kata.bankaccount.models.Account["registry"]->java.util.ArrayList[0]->com.kata.bankaccount.models.Deposit["account"]->com.kata.bankaccount.models.Account["registry"]->java.util.ArrayList[0]->com.kata.bankaccount.models.Deposit["account"]->com.kata.bankaccount.models.Account["registry"]->java.util.ArrayList[0]->com.kata.bankaccount.models.Deposit["account"]->com.kata.bankaccount.models.Account["registry"]->java.util.ArrayList[0]->com.kata.bankaccount.models.Deposit["account"]->com.kata.bankaccount.models.Account["registry"]->java.util.ArrayList[0]->com.kata.bankaccount.models.Deposit["account"]->com.kata.bankaccount.models.Account["registry"]->java.util.ArrayList[0]->com.kata.bankaccount.models.Deposit["account"]->com.kata.bankaccount.models.Account["registry"]->java.util.ArrayList[0]->com.kata.bankaccount.models.Deposit["account"]->com.kata.bankaccount.models.Account["registry"]->java.util.ArrayList[0]->com.kata.bankaccount.models.Deposit["account"]->com.kata.bankaccount.models.Account["registry"]->java.util.ArrayList[0]->com.kata.bankaccount.models.Deposit["account"]->com.kata.bankaccount.models.Account["registry"]->java.util.ArrayList[0]->com.kata.bankaccount.models.Deposit["account"]->com.kata.bankaccount.models.Account["registry"]->java.util.ArrayList[0]->com.kata.bankaccount.models.Deposit["account"]->com.kata.bankaccount.models.Account["registry"]->java.util.ArrayList[0]->com.kata.bankaccount.models.Deposit["account"]->com.kata.bankaccount.models.Account["registry"]->java.util.ArrayList[0]->com.kata.bankaccount.models.Deposit["account"]->com.kata.bankaccount.models.Account["registry"]->java.util.ArrayList[0]->com.kata.bankaccount.models.Deposit["account"]->com.kata.bankaccount.models.Account["registry"]->java.util.ArrayList[0]->com.kata.bankaccount.models.Deposit["account"]->com.kata.bankaccount.models.Account["registry"]->java.util.ArrayList[0]->com.kata.bankaccount.models.Deposit["account"]->com.kata.bankaccount.models.Account["registry"]->java.util.ArrayList[0]->com.kata.bankaccount.models.Deposit["account"]->com.kata.bankaccount.models.Account["registry"]->java.util.ArrayList[0]->com.kata.bankaccount.models.Deposit["account"]->com.kata.bankaccount.models.Account["registry"]->java.util.ArrayList[0]->com.kata.bankaccount.models.Deposit["account"]->com.kata.bankaccount.models.Account["registry"]->java.util.ArrayList[0]->com.kata.bankaccount.models.Deposit["account"]->com.kata.bankaccount.models.Account["registry"]->java.util.ArrayList[0]->com.kata.bankaccount.models.Deposit["account"]->com.kata.bankaccount.models.Account["registry"]->java.util.ArrayList[0]->com.kata.bankaccount.models.Deposit["account"]->com.kata.bankaccount.models.Account["registry"]->java.util.ArrayList[0]->com.kata.bankaccount.models.Deposit["account"]->com.kata.bankaccount.models.Account["registry"]->java.util.ArrayList[0]->com.kata.bankaccount.models.Deposit["account"]->com.kata.bankaccount.models.Account["registry"]->java.util.ArrayList[0]->com.kata.bankaccount.models.Deposit["account"]->com.kata.bankaccount.models.Account["registry"]->java.util.ArrayList[0]->com.kata.bankaccount.models.Deposit["account"]->com.kata.bankaccount.models.Account["registry"]->java.util.ArrayList[0]->com.kata.bankaccount.models.Deposit["account"]->com.kata.bankaccount.models.Account["registry"]->java.util.ArrayList[0]->com.kata.bankaccount.models.Deposit["account"]->com.kata.bankaccount.models.Account["registry"]->java.util.ArrayList[0]->com.kata.bankaccount.models.Deposit["account"]->com.kata.bankaccount.models.Account["registry"]->java.util.ArrayList[0]->com.kata.bankaccount.models.Deposit["account"]->com.kata.bankaccount.models.Account["registry"]->java.util.ArrayList[0]->com.kata.bankaccount.models.Deposit["account"]->com.kata.bankaccount.models.Account["registry"]->java.util.ArrayList[0]->com.kata.bankaccount.models.Deposit["account"]->com.kata.bankaccount.models.Account["registry"]->java.util.ArrayList[0]->com.kata.bankaccount.models.Deposit["account"]->com.kata.bankaccount.models.Account["registry"]->java.util.ArrayList[0]->com.kata.bankaccount.models.Deposit["account"]->com.kata.bankaccount.models.Account["registry"]->java.util.ArrayList[0]->com.kata.bankaccount.models.Deposit["account"]->com.kata.bankaccount.models.Account["registry"]->java.util.ArrayList[0]->com.kata.bankaccount.models.Deposit["account"]->com.kata.bankaccount.models.Account["registry"]->java.util.ArrayList[0]->com.kata.bankaccount.models.Deposit["account"]->com.kata.bankaccount.models.Account["registry"]->java.util.ArrayList[0]->com.kata.bankaccount.models.Deposit["account"]->com.kata.bankaccount.models.Account["registry"]->java.util.ArrayList[0]->com.kata.bankaccount.models.Deposit["account"]->com.kata.bankaccount.models.Account["registry"]->java.util.ArrayList[0]->com.kata.bankaccount.models.Deposit["account"]->com.kata.bankaccount.models.Account["registry"]->java.util.ArrayList[0]->com.kata.bankaccount.models.Deposit["account"]->com.kata.bankaccount.models.Account["registry"]->java.util.ArrayList[0]->com.kata.bankaccount.models.Deposit["account"]->com.kata.bankaccount.models.Account["registry"]->java.util.ArrayList[0]->com.kata.bankaccount.models.Deposit["account"]->com.kata.bankaccount.models.Account["registry"]->java.util.ArrayList[0]->com.kata.bankaccount.models.Deposit["account"]->com.kata.bankaccount.models.Account["registry"]->java.util.ArrayList[0]->com.kata.bankaccount.models.Deposit["account"]->com.kata.bankaccount.models.Account["registry"]->java.util.ArrayList[0]->com.kata.bankaccount.models.Deposit["account"]->com.kata.bankaccount.models.Account["registry"]->java.util.ArrayList[0]->com.kata.bankaccount.models.Deposit["account"]->com.kata.bankaccount.models.Account["registry"]->java.util.ArrayList[0]->com.kata.bankaccount.models.Deposit["account"]->com.kata.bankaccount.models.Account["registry"]->java.util.ArrayList[0]->com.kata.bankaccount.models.Deposit["account"]->com.kata.bankaccount.models.Account["registry"]->java.util.ArrayList[0]->com.kata.bankaccount.models.Deposit["account"]->com.kata.bankaccount.models.Account["registry"]->java.util.ArrayList[0]->com.kata.bankaccount.models.Deposit["account"]->com.kata.bankaccount.models.Account["registry"]->java.util.ArrayList[0]->com.kata.bankaccount.models.Deposit["account"]->com.kata.bankaccount.models.Account["registry"]->java.util.ArrayList[0]->com.kata.bankaccount.models.Deposit["account"]->com.kata.bankaccount.models.Account["registry"]->java.util.ArrayList[0]->com.kata.bankaccount.models.Deposit["account"]->com.kata.bankaccount.models.Account["registry"]->java.util.ArrayList[0]->com.kata.bankaccount.models.Deposit["account"]->com.kata.bankaccount.models.Account["registry"]->java.util.ArrayList[0]->com.kata.bankaccount.models.Deposit["account"]->com.kata.bankaccount.models.Account["registry"]->java.util.ArrayList[0]->com.kata.bankaccount.models.Deposit["account"]->com.kata.bankaccount.models.Account["registry"]->java.util.ArrayList[0]->com.kata.bankaccount.models.Deposit["account"]->com.kata.bankaccount.models.Account["registry"]->java.util.ArrayList[0]->com.kata.bankaccount.models.Deposit["account"]->com.kata.bankaccount.models.Account["registry"]->java.util.ArrayList[0]->com.kata.bankaccount.models.Deposit["account"]->com.kata.bankaccount.models.Account["registry"]->java.util.ArrayList[0]->com.kata.bankaccount.models.Deposit["account"]->com.kata.bankaccount.models.Account["registry"]->java.util.ArrayList[0]->com.kata.bankaccount.models.Deposit["account"]->com.kata.bankaccount.models.Account["registry"]->java.util.ArrayList[0]->com.kata.bankaccount.models.Deposit["account"]->com.kata.bankaccount.models.Account["registry"]->java.util.ArrayList[0]->com.kata.bankaccount.models.Deposit["account"]->com.kata.bankaccount.models.Account["registry"]->java.util.ArrayList[0]->com.kata.bankaccount.models.Deposit["account"]->com.kata.bankaccount.models.Account["registry"]->java.util.ArrayList[0]->com.kata.bankaccount.models.Deposit["account"]->com.kata.bankaccount.models.Account["registry"]->java.util.ArrayList[0]->com.kata.bankaccount.models.Deposit["account"]->com.kata.bankaccount.models.Account["registry"]->java.util.ArrayList[0]->com.kata.bankaccount.models.Deposit["account"]->com.kata.bankaccount.models.Account["registry"]->java.util.ArrayList[0]->com.kata.bankaccount.models.Deposit["account"]->com.kata.bankaccount.models.Account["registry"]->java.util.ArrayList[0]->com.kata.bankaccount.models.Deposit["account"]->com.kata.bankaccount.models.Account["registry"]->java.util.ArrayList[0]->com.kata.bankaccount.models.Deposit["account"]->com.kata.bankaccount.models.Account["registry"]->java.util.ArrayList[0]->com.kata.bankaccount.models.Deposit["account"]->com.kata.bankaccount.models.Account["registry"]->java.util.ArrayList[0]->com.kata.bankaccount.models.Deposit["account"]->com.kata.bankaccount.models.Account["registry"]->java.util.ArrayList[0]->com.kata.bankaccount.models.Deposit["account"]->com.kata.bankaccount.models.Account["registry"]->java.util.ArrayList[0]->com.kata.bankaccount.models.Deposit["account"]->com.kata.bankaccount.models.Account["registry"]->java.util.ArrayList[0]->com.kata.bankaccount.models.Deposit["account"]->com.kata.bankaccount.models.Account["registry"]->java.util.ArrayList[0]->com.kata.bankaccount.models.Deposit["account"]->com.kata.bankaccount.models.Account["registry"]->java.util.ArrayList[0]->com.kata.bankaccount.models.Deposit["account"]->com.kata.bankaccount.models.Account["registry"]->java.util.ArrayList[0]->com.kata.bankaccount.models.Deposit["account"]->com.kata.bankaccount.models.Account["registry"]->java.util.ArrayList[0]->com.kata.bankaccount.models.Deposit["account"]->com.kata.bankaccount.models.Account["registry"]->java.util.ArrayList[0]->com.kata.bankaccount.models.Deposit["account"]->com.kata.bankaccount.models.Account["registry"]->java.util.ArrayList[0]->com.kata.bankaccount.models.Deposit["account"]->com.kata.bankaccount.models.Account["registry"]->java.util.ArrayList[0]->com.kata.bankaccount.models.Deposit["account"]->com.kata.bankaccount.models.Account["registry"]->java.util.ArrayList[0]->com.kata.bankaccount.models.Deposit["account"]->com.kata.bankaccount.models.Account["registry"]->java.util.ArrayList[0]->com.kata.bankaccount.models.Deposit["account"]->com.kata.bankaccount.models.Account["registry"]->java.util.ArrayList[0]->com.kata.bankaccount.models.Deposit["account"]->com.kata.bankaccount.models.Account["registry"]->java.util.ArrayList[0]->com.kata.bankaccount.models.Deposit["account"]->com.kata.bankaccount.models.Account["registry"]->java.util.ArrayList[0]->com.kata.bankaccount.models.Deposit["account"]->com.kata.bankaccount.models.Account["registry"]->java.util.ArrayList[0]->com.kata.bankaccount.models.Deposit["account"]->com.kata.bankaccount.models.Account["registry"]->java.util.ArrayList[0]->com.kata.bankaccount.models.Deposit["account"]->com.kata.bankaccount.models.Account["registry"]->java.util.ArrayList[0]->com.kata.bankaccount.models.Deposit["account"]->com.kata.bankaccount.models.Account["registry"]->java.util.ArrayList[0]->com.kata.bankaccount.models.Deposit["account"]->com.kata.bankaccount.models.Account["registry"]->java.util.ArrayList[0]->com.kata.bankaccount.models.Deposit["account"]->com.kata.bankaccount.models.Account["registry"]->java.util.ArrayList[0]->com.kata.bankaccount.models.Deposit["account"]->com.kata.bankaccount.models.Account["registry"]->java.util.ArrayList[0]->com.kata.bankaccount.models.Deposit["account"]->com.kata.bankaccount.models.Account["registry"]->java.util.ArrayList[0]->com.kata.bankaccount.models.Deposit["account"]->com.kata.bankaccount.models.Account["registry"]->java.util.ArrayList[0]->com.kata.bankaccount.models.Deposit["account"]->com.kata.bankaccount.models.Account["registry"]->java.util.ArrayList[0]->com.kata.bankaccount.models.Deposit["account"]->com.kata.bankaccount.models.Account["registry"]->java.util.ArrayList[0]->com.kata.bankaccount.models.Deposit["account"]->com.kata.bankaccount.models.Account["registry"]->java.util.ArrayList[0]->com.kata.bankaccount.models.Deposit["account"]->com.kata.bankaccount.models.Account["registry"]->java.util.ArrayList[0]->com.kata.bankaccount.models.Deposit["account"]->com.kata.bankaccount.models.Account["registry"]->java.util.ArrayList[0]->com.kata.bankaccount.models.Deposit["account"]->com.kata.bankaccount.models.Account["registry"]->java.util.ArrayList[0]->com.kata.bankaccount.models.Deposit["account"]->com.kata.bankaccount.models.Account["registry"]->java.util.ArrayList[0]->com.kata.bankaccount.models.Deposit["account"]->com.kata.bankaccount.models.Account["registry"]->java.util.ArrayList[0]->com.kata.bankaccount.models.Deposit["account"]->com.kata.bankaccount.models.Account["registry"]->java.util.ArrayList[0]->com.kata.bankaccount.models.Deposit["account"]->com.kata.bankaccount.models.Account["registry"]->java.util.ArrayList[0]->com.kata.bankaccount.models.Deposit["account"]->com.kata.bankaccount.models.Account["registry"]->java.util.ArrayList[0]->com.kata.bankaccount.models.Deposit["account"]->com.kata.bankaccount.models.Account["registry"]->java.util.ArrayList[0]->com.kata.bankaccount.models.Deposit["account"]->com.kata.bankaccount.models.Account["registry"]->java.util.ArrayList[0]->com.kata.bankaccount.models.Deposit["account"]->com.kata.bankaccount.models.Account["registry"]->java.util.ArrayList[0]->com.kata.bankaccount.models.Deposit["account"]->com.kata.bankaccount.models.Account["registry"]->java.util.ArrayList[0]->com.kata.bankaccount.models.Deposit["account"]->com.kata.bankaccount.models.Account["registry"]->java.util.ArrayList[0]->com.kata.bankaccount.models.Deposit["account"]->com.kata.bankaccount.models.Account["registry"]->java.util.ArrayList[0]->com.kata.bankaccount.models.Deposit["account"]->com.kata.bankaccount.models.Account["registry"]->java.util.ArrayList[0]->com.kata.bankaccount.models.Deposit["account"]->com.kata.bankaccount.models.Account["registry"]->java.util.ArrayList[0]->com.kata.bankaccount.models.Deposit["account"]->com.kata.bankaccount.models.Account["registry"]->java.util.ArrayList[0]->com.kata.bankaccount.models.Deposit["account"]->com.kata.bankaccount.models.Account["registry"]->java.util.ArrayList[0]->com.kata.bankaccount.models.Deposit["account"]->com.kata.bankaccount.models.Account["registry"]->java.util.ArrayList[0]->com.kata.bankaccount.models.Deposit["account"]->com.kata.bankaccount.models.Account["registry"]->java.util.ArrayList[0]->com.kata.bankaccount.models.Deposit["account"]->com.kata.bankaccount.models.Account["registry"]->java.util.ArrayList[0]->com.kata.bankaccount.models.Deposit["account"]->com.kata.bankaccount.models.Account["registry"]->java.util.ArrayList[0]->com.kata.bankaccount.models.Deposit["account"]->com.kata.bankaccount.models.Account["registry"]->java.util.ArrayList[0]->com.kata.bankaccount.models.Deposit["account"]->com.kata.bankaccount.models.Account["registry"]->java.util.ArrayList[0]->com.kata.bankaccount.models.Deposit["account"]->com.kata.bankaccount.models.Account["registry"]->java.util.ArrayList[0]->com.kata.bankaccount.models.Deposit["account"]->com.kata.bankaccount.models.Account["registry"]->java.util.ArrayList[0]->com.kata.bankaccount.models.Deposit["account"]->com.kata.bankaccount.models.Account["registry"]->java.util.ArrayList[0]->com.kata.bankaccount.models.Deposit["account"]->com.kata.bankaccount.models.Account["registry"]->java.util.ArrayList[0]->com.kata.bankaccount.models.Deposit["account"]->com.kata.bankaccount.models.Account["registry"]->java.util.ArrayList[0]->com.kata.bankaccount.models.Deposit["account"]->com.kata.bankaccount.models.Account["registry"]->java.util.ArrayList[0]->com.kata.bankaccount.models.Deposit["account"]->com.kata.bankaccount.models.Account["registry"]->java.util.ArrayList[0]->com.kata.bankaccount.models.Deposit["account"]->com.kata.bankaccount.models.Account["registry"]->java.util.ArrayList[0]->com.kata.bankaccount.models.Deposit["account"]->com.kata.bankaccount.models.Account["registry"]->java.util.ArrayList[0]->com.kata.bankaccount.models.Deposit["account"]->com.kata.bankaccount.models.Account["registry"]->java.util.ArrayList[0]->com.kata.bankaccount.models.Deposit["account"]->com.kata.bankaccount.models.Account["registry"]->java.util.ArrayList[0]->com.kata.bankaccount.models.Deposit["account"]->com.kata.bankaccount.models.Account["registry"]->java.util.ArrayList[0]->com.kata.bankaccount.models.Deposit["account"]->com.kata.bankaccount.models.Account["registry"]->java.util.ArrayList[0]->com.kata.bankaccount.models.Deposit["account"]->com.kata.bankaccount.models.Account["registry"]->java.util.ArrayList[0]->com.kata.bankaccount.models.Deposit["account"]->com.kata.bankaccount.models.Account["registry"]->java.util.ArrayList[0]->com.kata.bankaccount.models.Deposit["account"]->com.kata.bankaccount.models.Account["registry"]->java.util.ArrayList[0]->com.kata.bankaccount.models.Deposit["account"]->com.kata.bankaccount.models.Account["registry"]->java.util.ArrayList[0]->com.kata.bankaccount.models.Deposit["account"]->com.kata.bankaccount.models.Account["registry"]->java.util.ArrayList[0]->com.kata.bankaccount.models.Deposit["account"]->com.kata.bankaccount.models.Account["registry"]->java.util.ArrayList[0]->com.kata.bankaccount.models.Deposit["account"]->com.kata.bankaccount.models.Account["registry"]->java.util.ArrayList[0]->com.kata.bankaccount.models.Deposit["account"]->com.kata.bankaccount.models.Acc
[...]
t.models.Deposit["account"]->com.kata.bankaccount.models.Account["registry"]->java.util.ArrayList[0]->com.kata.bankaccount.models.Deposit["account"]->com.kata.bankaccount.models.Account["registry"]->java.util.ArrayList[0]->com.kata.bankaccount.models.Deposit["account"]->com.kata.bankaccount.models.Account["registry"]->java.util.ArrayList[0]->com.kata.bankaccount.models.Deposit["account"]->com.kata.bankaccount.models.Account["registry"]->java.util.ArrayList[0]->com.kata.bankaccount.models.Deposit["account"]->com.kata.bankaccount.models.Account["registry"]->java.util.ArrayList[0]->com.kata.bankaccount.models.Deposit["account"]->com.kata.bankaccount.models.Account["registry"]->java.util.ArrayList[0]->com.kata.bankaccount.models.Deposit["account"]->com.kata.bankaccount.models.Account["registry"]->java.util.ArrayList[0]->com.kata.bankaccount.models.Deposit["account"]->com.kata.bankaccount.models.Account["registry"]->java.util.ArrayList[0]->com.kata.bankaccount.models.Deposit["account"]->com.kata.bankaccount.models.Account["registry"]->java.util.ArrayList[0]->com.kata.bankaccount.models.Deposit["account"]->com.kata.bankaccount.models.Account["registry"]->java.util.ArrayList[0]->com.kata.bankaccount.models.Deposit["account"]->com.kata.bankaccount.models.Account["registry"]->java.util.ArrayList[0]->com.kata.bankaccount.models.Deposit["account"]->com.kata.bankaccount.models.Account["registry"]->java.util.ArrayList[0]->com.kata.bankaccount.models.Deposit["account"]->com.kata.bankaccount.models.Account["registry"]->java.util.ArrayList[0]->com.kata.bankaccount.models.Deposit["account"]->com.kata.bankaccount.models.Account["registry"]->java.util.ArrayList[0]->com.kata.bankaccount.models.Deposit["account"]->com.kata.bankaccount.models.Account["registry"]->java.util.ArrayList[0]->com.kata.bankaccount.models.Deposit["account"]->com.kata.bankaccount.models.Account["registry"]->java.util.ArrayList[0]->com.kata.bankaccount.models.Deposit["account"]->com.kata.bankaccount.models.Account["registry"]->java.util.ArrayList[0]->com.kata.bankaccount.models.Deposit["account"]->com.kata.bankaccount.models.Account["registry"]->java.util.ArrayList[0]->com.kata.bankaccount.models.Deposit["account"]->com.kata.bankaccount.models.Account["registry"]->java.util.ArrayList[0]->com.kata.bankaccount.models.Deposit["account"]->com.kata.bankaccount.models.Account["registry"]->java.util.ArrayList[0]->com.kata.bankaccount.models.Deposit["account"]->com.kata.bankaccount.models.Account["registry"]->java.util.ArrayList[0]->com.kata.bankaccount.models.Deposit["account"]->com.kata.bankaccount.models.Account["registry"]->java.util.ArrayList[0]->com.kata.bankaccount.models.Deposit["account"]->com.kata.bankaccount.models.Account["registry"]->java.util.ArrayList[0]->com.kata.bankaccount.models.Deposit["account"]->com.kata.bankaccount.models.Account["registry"]->java.util.ArrayList[0]->com.kata.bankaccount.models.Deposit["account"]->com.kata.bankaccount.models.Account["registry"]->java.util.ArrayList[0]->com.kata.bankaccount.models.Deposit["account"]->com.kata.bankaccount.models.Account["registry"]->java.util.ArrayList[0]->com.kata.bankaccount.models.Deposit["account"]->com.kata.bankaccount.models.Account["registry"]->java.util.ArrayList[0]->com.kata.bankaccount.models.Deposit["account"]->com.kata.bankaccount.models.Account["registry"]->java.util.ArrayList[0]->com.kata.bankaccount.models.Deposit["account"]->com.kata.bankaccount.models.Account["registry"]->java.util.ArrayList[0]->com.kata.bankaccount.models.Deposit["account"]->com.kata.bankaccount.models.Account["registry"]->java.util.ArrayList[0]->com.kata.bankaccount.models.Deposit["account"]->com.kata.bankaccount.models.Account["registry"]->java.util.ArrayList[0]->com.kata.bankaccount.models.Deposit["account"]->com.kata.bankaccount.models.Account["registry"]->java.util.ArrayList[0]->com.kata.bankaccount.models.Deposit["account"]->com.kata.bankaccount.models.Account["registry"]->java.util.ArrayList[0]->com.kata.bankaccount.models.Deposit["account"]->com.kata.bankaccount.models.Account["registry"]->java.util.ArrayList[0]->com.kata.bankaccount.models.Deposit["account"]->com.kata.bankaccount.models.Account["registry"]->java.util.ArrayList[0]->com.kata.bankaccount.models.Deposit["account"]->com.kata.bankaccount.models.Account["registry"]->java.util.ArrayList[0]->com.kata.bankaccount.models.Deposit["account"]->com.kata.bankaccount.models.Account["registry"]->java.util.ArrayList[0]->com.kata.bankaccount.models.Deposit["account"]->com.kata.bankaccount.models.Account["registry"]->java.util.ArrayList[0]->com.kata.bankaccount.models.Deposit["account"]->com.kata.bankaccount.models.Account["registry"]->java.util.ArrayList[0]->com.kata.bankaccount.models.Deposit["account"]->com.kata.bankaccount.models.Account["registry"]->java.util.ArrayList[0]->com.kata.bankaccount.models.Deposit["account"]->com.kata.bankaccount.models.Account["registry"]->java.util.ArrayList[0]->com.kata.bankaccount.models.Deposit["account"]->com.kata.bankaccount.models.Account["registry"]->java.util.ArrayList[0]->com.kata.bankaccount.models.Deposit["account"]->com.kata.bankaccount.models.Account["registry"]->java.util.ArrayList[0]->com.kata.bankaccount.models.Deposit["account"]->com.kata.bankaccount.models.Account["registry"]->java.util.ArrayList[0]->com.kata.bankaccount.models.Deposit["account"]->com.kata.bankaccount.models.Account["registry"]->java.util.ArrayList[0]->com.kata.bankaccount.models.Deposit["account"]->com.kata.bankaccount.models.Account["registry"]->java.util.ArrayList[0]->com.kata.bankaccount.models.Deposit["account"]->com.kata.bankaccount.models.Account["registry"]->java.util.ArrayList[0]->com.kata.bankaccount.models.Deposit["account"]->com.kata.bankaccount.models.Account["registry"]->java.util.ArrayList[0]->com.kata.bankaccount.models.Deposit["account"]->com.kata.bankaccount.models.Account["registry"]->java.util.ArrayList[0]->com.kata.bankaccount.models.Deposit["account"]->com.kata.bankaccount.models.Account["registry"]->java.util.ArrayList[0]->com.kata.bankaccount.models.Deposit["account"]->com.kata.bankaccount.models.Account["registry"]->java.util.ArrayList[0]->com.kata.bankaccount.models.Deposit["account"]->com.kata.bankaccount.models.Account["registry"]->java.util.ArrayList[0]->com.kata.bankaccount.models.Deposit["account"]->com.kata.bankaccount.models.Account["registry"]->java.util.ArrayList[0]->com.kata.bankaccount.models.Deposit["account"]->com.kata.bankaccount.models.Account["registry"]->java.util.ArrayList[0]->com.kata.bankaccount.models.Deposit["account"]->com.kata.bankaccount.models.Account["registry"]->java.util.ArrayList[0]->com.kata.bankaccount.models.Deposit["account"]->com.kata.bankaccount.models.Account["registry"]->java.util.ArrayList[0]->com.kata.bankaccount.models.Deposit["account"]->com.kata.bankaccount.models.Account["registry"]->java.util.ArrayList[0]->com.kata.bankaccount.models.Deposit["account"]->com.kata.bankaccount.models.Account["registry"]->java.util.ArrayList[0]->com.kata.bankaccount.models.Deposit["account"]->com.kata.bankaccount.models.Account["registry"]->java.util.ArrayList[0]->com.kata.bankaccount.models.Deposit["account"]->com.kata.bankaccount.models.Account["registry"]->java.util.ArrayList[0]->com.kata.bankaccount.models.Deposit["account"]->com.kata.bankaccount.models.Account["registry"]->java.util.ArrayList[0]->com.kata.bankaccount.models.Deposit["account"]->com.kata.bankaccount.models.Account["registry"]->java.util.ArrayList[0]->com.kata.bankaccount.models.Deposit["account"]->com.kata.bankaccount.models.Account["registry"])
Caused by: java.lang.StackOverflowError
</error>
    <system-out><![CDATA[09:12:08.987 [main] DEBUG org.springframework.test.context.BootstrapUtils - Instantiating CacheAwareContextLoaderDelegate from class [org.springframework.test.context.cache.DefaultCacheAwareContextLoaderDelegate]
09:12:09.000 [main] DEBUG org.springframework.test.context.BootstrapUtils - Instantiating BootstrapContext using constructor [public org.springframework.test.context.support.DefaultBootstrapContext(java.lang.Class,org.springframework.test.context.CacheAwareContextLoaderDelegate)]
09:12:09.044 [main] DEBUG org.springframework.test.context.BootstrapUtils - Instantiating TestContextBootstrapper for test class [com.kata.bankaccount.AccountControllerTests] from class [org.springframework.boot.test.context.SpringBootTestContextBootstrapper]
09:12:09.061 [main] INFO org.springframework.boot.test.context.SpringBootTestContextBootstrapper - Neither @ContextConfiguration nor @ContextHierarchy found for test class [com.kata.bankaccount.AccountControllerTests], using SpringBootContextLoader
09:12:09.066 [main] DEBUG org.springframework.test.context.support.AbstractContextLoader - Did not detect default resource location for test class [com.kata.bankaccount.AccountControllerTests]: class path resource [com/kata/bankaccount/AccountControllerTests-context.xml] does not exist
09:12:09.066 [main] DEBUG org.springframework.test.context.support.AbstractContextLoader - Did not detect default resource location for test class [com.kata.bankaccount.AccountControllerTests]: class path resource [com/kata/bankaccount/AccountControllerTestsContext.groovy] does not exist
09:12:09.066 [main] INFO org.springframework.test.context.support.AbstractContextLoader - Could not detect default resource locations for test class [com.kata.bankaccount.AccountControllerTests]: no resource found for suffixes {-context.xml, Context.groovy}.
09:12:09.125 [main] DEBUG org.springframework.test.context.support.ActiveProfilesUtils - Could not find an 'annotation declaring class' for annotation type [org.springframework.test.context.ActiveProfiles] and class [com.kata.bankaccount.AccountControllerTests]
09:12:09.296 [main] DEBUG org.springframework.boot.test.context.SpringBootTestContextBootstrapper - @TestExecutionListeners is not present for class [com.kata.bankaccount.AccountControllerTests]: using defaults.
09:12:09.296 [main] INFO org.springframework.boot.test.context.SpringBootTestContextBootstrapper - Loaded default TestExecutionListener class names from location [META-INF/spring.factories]: [org.springframework.boot.test.mock.mockito.MockitoTestExecutionListener, org.springframework.boot.test.mock.mockito.ResetMocksTestExecutionListener, org.springframework.boot.test.autoconfigure.restdocs.RestDocsTestExecutionListener, org.springframework.boot.test.autoconfigure.web.client.MockRestServiceServerResetTestExecutionListener, org.springframework.boot.test.autoconfigure.web.servlet.MockMvcPrintOnlyOnFailureTestExecutionListener, org.springframework.boot.test.autoconfigure.web.servlet.WebDriverTestExecutionListener, org.springframework.boot.test.autoconfigure.webservices.client.MockWebServiceServerTestExecutionListener, org.springframework.test.context.web.ServletTestExecutionListener, org.springframework.test.context.support.DirtiesContextBeforeModesTestExecutionListener, org.springframework.test.context.event.ApplicationEventsTestExecutionListener, org.springframework.test.context.support.DependencyInjectionTestExecutionListener, org.springframework.test.context.support.DirtiesContextTestExecutionListener, org.springframework.test.context.transaction.TransactionalTestExecutionListener, org.springframework.test.context.jdbc.SqlScriptsTestExecutionListener, org.springframework.test.context.event.EventPublishingTestExecutionListener]
09:12:09.316 [main] DEBUG org.springframework.boot.test.context.SpringBootTestContextBootstrapper - Skipping candidate TestExecutionListener [org.springframework.test.context.transaction.TransactionalTestExecutionListener] due to a missing dependency. Specify custom listener classes or make the default listener classes and their required dependencies available. Offending class: [org/springframework/transaction/interceptor/TransactionAttributeSource]
09:12:09.317 [main] DEBUG org.springframework.boot.test.context.SpringBootTestContextBootstrapper - Skipping candidate TestExecutionListener [org.springframework.test.context.jdbc.SqlScriptsTestExecutionListener] due to a missing dependency. Specify custom listener classes or make the default listener classes and their required dependencies available. Offending class: [org/springframework/transaction/interceptor/TransactionAttribute]
09:12:09.318 [main] INFO org.springframework.boot.test.context.SpringBootTestContextBootstrapper - Using TestExecutionListeners: [org.springframework.test.context.web.ServletTestExecutionListener@51972dc7, org.springframework.test.context.support.DirtiesContextBeforeModesTestExecutionListener@3700ec9c, org.springframework.test.context.event.ApplicationEventsTestExecutionListener@2002348, org.springframework.boot.test.mock.mockito.MockitoTestExecutionListener@5911e990, org.springframework.boot.test.autoconfigure.SpringBootDependencyInjectionTestExecutionListener@31000e60, org.springframework.test.context.support.DirtiesContextTestExecutionListener@1d470d0, org.springframework.test.context.event.EventPublishingTestExecutionListener@24d09c1, org.springframework.boot.test.mock.mockito.ResetMocksTestExecutionListener@54c62d71, org.springframework.boot.test.autoconfigure.restdocs.RestDocsTestExecutionListener@65045a87, org.springframework.boot.test.autoconfigure.web.client.MockRestServiceServerResetTestExecutionListener@47f4e407, org.springframework.boot.test.autoconfigure.web.servlet.MockMvcPrintOnlyOnFailureTestExecutionListener@2d1dee39, org.springframework.boot.test.autoconfigure.web.servlet.WebDriverTestExecutionListener@48d5f34e, org.springframework.boot.test.autoconfigure.webservices.client.MockWebServiceServerTestExecutionListener@fc258b1]
09:12:09.324 [main] DEBUG org.springframework.test.context.support.AbstractDirtiesContextTestExecutionListener - Before test class: context [DefaultTestContext@2f17e30d testClass = AccountControllerTests, testInstance = [null], testMethod = [null], testException = [null], mergedContextConfiguration = [WebMergedContextConfiguration@3e821657 testClass = AccountControllerTests, locations = '{}', classes = '{class com.kata.bankaccount.BankAccountApplication}', contextInitializerClasses = '[]', activeProfiles = '{}', propertySourceLocations = '{}', propertySourceProperties = '{org.springframework.boot.test.context.SpringBootTestContextBootstrapper=true, server.port=0}', contextCustomizers = set[org.springframework.boot.test.context.filter.ExcludeFilterContextCustomizer@560348e6, org.springframework.boot.test.json.DuplicateJsonObjectContextCustomizerFactory$DuplicateJsonObjectContextCustomizer@7b993c65, org.springframework.boot.test.mock.mockito.MockitoContextCustomizer@0, org.springframework.boot.test.web.client.TestRestTemplateContextCustomizer@895e367, org.springframework.boot.test.autoconfigure.actuate.metrics.MetricsExportContextCustomizerFactory$DisableMetricExportContextCustomizer@39d76cb5, org.springframework.boot.test.autoconfigure.properties.PropertyMappingContextCustomizer@0, org.springframework.boot.test.autoconfigure.web.servlet.WebDriverContextCustomizerFactory$Customizer@6a57ae10, org.springframework.boot.test.context.SpringBootTestArgs@1, org.springframework.boot.test.context.SpringBootTestWebEnvironment@6a28ffa4], resourceBasePath = 'src/main/webapp', contextLoader = 'org.springframework.boot.test.context.SpringBootContextLoader', parent = [null]], attributes = map['org.springframework.test.context.web.ServletTestExecutionListener.activateListener' -> false]], class annotated with @DirtiesContext [false] with mode [null].
09:12:09.857 [main] DEBUG org.springframework.test.context.support.DependencyInjectionTestExecutionListener - Performing dependency injection for test context [[DefaultTestContext@2f17e30d testClass = AccountControllerTests, testInstance = com.kata.bankaccount.AccountControllerTests@7f9e1534, testMethod = [null], testException = [null], mergedContextConfiguration = [WebMergedContextConfiguration@3e821657 testClass = AccountControllerTests, locations = '{}', classes = '{class com.kata.bankaccount.BankAccountApplication}', contextInitializerClasses = '[]', activeProfiles = '{}', propertySourceLocations = '{}', propertySourceProperties = '{org.springframework.boot.test.context.SpringBootTestContextBootstrapper=true, server.port=0}', contextCustomizers = set[org.springframework.boot.test.context.filter.ExcludeFilterContextCustomizer@560348e6, org.springframework.boot.test.json.DuplicateJsonObjectContextCustomizerFactory$DuplicateJsonObjectContextCustomizer@7b993c65, org.springframework.boot.test.mock.mockito.MockitoContextCustomizer@0, org.springframework.boot.test.web.client.TestRestTemplateContextCustomizer@895e367, org.springframework.boot.test.autoconfigure.actuate.metrics.MetricsExportContextCustomizerFactory$DisableMetricExportContextCustomizer@39d76cb5, org.springframework.boot.test.autoconfigure.properties.PropertyMappingContextCustomizer@0, org.springframework.boot.test.autoconfigure.web.servlet.WebDriverContextCustomizerFactory$Customizer@6a57ae10, org.springframework.boot.test.context.SpringBootTestArgs@1, org.springframework.boot.test.context.SpringBootTestWebEnvironment@6a28ffa4], resourceBasePath = 'src/main/webapp', contextLoader = 'org.springframework.boot.test.context.SpringBootContextLoader', parent = [null]], attributes = map['org.springframework.test.context.web.ServletTestExecutionListener.activateListener' -> false, 'org.springframework.test.context.event.ApplicationEventsTestExecutionListener.recordApplicationEvents' -> false, 'org.springframework.boot.test.mock.mockito.MockitoTestExecutionListener.mocks' -> org.mockito.internal.configuration.InjectingAnnotationEngine$$Lambda$427/0x00000008002d9040@138a7441]]].
09:12:09.920 [main] DEBUG org.springframework.boot.ApplicationServletEnvironment - Activating profiles []
09:12:09.921 [main] DEBUG org.springframework.test.context.support.TestPropertySourceUtils - Adding inlined properties to environment: {spring.jmx.enabled=false, org.springframework.boot.test.context.SpringBootTestContextBootstrapper=true, server.port=0}

  .   ____          _            __ _ _
 /\\ / ___'_ __ _ _(_)_ __  __ _ \ \ \ \
( ( )\___ | '_ | '_| | '_ \/ _` | \ \ \ \
 \\/  ___)| |_)| | | | | || (_| |  ) ) ) )
  '  |____| .__|_| |_|_| |_\__, | / / / /
 =========|_|==============|___/=/_/_/_/
 :: Spring Boot ::                (v2.6.1)

2022-01-28 09:12:10.339  INFO 15392 --- [           main] c.k.bankaccount.AccountControllerTests   : Starting AccountControllerTests using Java 11.0.11 on LAPTOP-MG8SO5JL with PID 15392 (started by Manel in C:\Users\boujl\Desktop\bank-account)
2022-01-28 09:12:10.340  INFO 15392 --- [           main] c.k.bankaccount.AccountControllerTests   : No active profile set, falling back to default profiles: default
2022-01-28 09:12:11.949  INFO 15392 --- [           main] o.s.b.w.embedded.tomcat.TomcatWebServer  : Tomcat initialized with port(s): 0 (http)
2022-01-28 09:12:11.964  INFO 15392 --- [           main] o.apache.catalina.core.StandardService   : Starting service [Tomcat]
2022-01-28 09:12:11.964  INFO 15392 --- [           main] org.apache.catalina.core.StandardEngine  : Starting Servlet engine: [Apache Tomcat/9.0.55]
2022-01-28 09:12:12.118  INFO 15392 --- [           main] o.a.c.c.C.[Tomcat].[localhost].[/]       : Initializing Spring embedded WebApplicationContext
2022-01-28 09:12:12.119  INFO 15392 --- [           main] w.s.c.ServletWebServerApplicationContext : Root WebApplicationContext: initialization completed in 1742 ms
2022-01-28 09:12:13.045  INFO 15392 --- [           main] o.s.b.w.embedded.tomcat.TomcatWebServer  : Tomcat started on port(s): 58844 (http) with context path ''
2022-01-28 09:12:13.056  INFO 15392 --- [           main] c.k.bankaccount.AccountControllerTests   : Started AccountControllerTests in 3.133 seconds (JVM running for 4.798)
]]></system-out>
  </testcase>
  <testcase name="testDepositMissingAmount" classname="com.kata.bankaccount.AccountControllerTests" time="0.22"/>
</testsuite>